  Determining projects to restore...
  All projects are up-to-date for restore.
  OneManVan.Shared -> C:\Users\tech\source\repos\TradeFlow\OneManVan.Shared\bin\Debug\net10.0\OneManVan.Shared.dll
C:\Users\tech\source\repos\TradeFlow\OneManVan.Web\Components\Pages\Assets\AssetDetail.razor(86,96): error CS1525: Invalid expression term ')' [C:\Users\tech\source\repos\TradeFlow\OneManVan.Web\OneManVan.Web.csproj]
C:\Users\tech\source\repos\TradeFlow\OneManVan.Web\Components\Pages\Assets\AssetDetail.razor(86,96): error CS1003: Syntax error, ':' expected [C:\Users\tech\source\repos\TradeFlow\OneManVan.Web\OneManVan.Web.csproj]
C:\Users\tech\source\repos\TradeFlow\OneManVan.Web\Components\Pages\Assets\AssetList.razor(111,104): error CS1525: Invalid expression term ')' [C:\Users\tech\source\repos\TradeFlow\OneManVan.Web\OneManVan.Web.csproj]
C:\Users\tech\source\repos\TradeFlow\OneManVan.Web\Components\Pages\Assets\AssetList.razor(111,104): error CS1003: Syntax error, ':' expected [C:\Users\tech\source\repos\TradeFlow\OneManVan.Web\OneManVan.Web.csproj]
C:\Users\tech\source\repos\TradeFlow\OneManVan.Web\Components\Pages\Assets\AssetDetail.razor(10,20): error CS1061: 'Asset' does not contain a definition for 'Product' and no accessible extension method 'Product' accepting a first argument of type 'Asset' could be found (are you missing a using directive or an assembly reference?) [C:\Users\tech\source\repos\TradeFlow\OneManVan.Web\OneManVan.Web.csproj]
C:\Users\tech\source\repos\TradeFlow\OneManVan.Web\Components\Pages\Assets\AssetDetail.razor(86,64): error CS0029: Cannot implicitly convert type 'string' to 'bool' [C:\Users\tech\source\repos\TradeFlow\OneManVan.Web\OneManVan.Web.csproj]
C:\Users\tech\source\repos\TradeFlow\OneManVan.Web\Components\Pages\Assets\AssetDetail.razor(181,36): error CS1061: 'Asset' does not contain a definition for 'Jobs' and no accessible extension method 'Jobs' accepting a first argument of type 'Asset' could be found (are you missing a using directive or an assembly reference?) [C:\Users\tech\source\repos\TradeFlow\OneManVan.Web\OneManVan.Web.csproj]
C:\Users\tech\source\repos\TradeFlow\OneManVan.Web\Components\Pages\Assets\AssetDetail.razor(194,68): error CS1061: 'Asset' does not contain a definition for 'Jobs' and no accessible extension method 'Jobs' accepting a first argument of type 'Asset' could be found (are you missing a using directive or an assembly reference?) [C:\Users\tech\source\repos\TradeFlow\OneManVan.Web\OneManVan.Web.csproj]
C:\Users\tech\source\repos\TradeFlow\OneManVan.Web\Components\Pages\Assets\AssetDetail.razor(230,59): error CS1061: 'Asset' does not contain a definition for 'Jobs' and no accessible extension method 'Jobs' accepting a first argument of type 'Asset' could be found (are you missing a using directive or an assembly reference?) [C:\Users\tech\source\repos\TradeFlow\OneManVan.Web\OneManVan.Web.csproj]
C:\Users\tech\source\repos\TradeFlow\OneManVan.Web\Components\Pages\Assets\AssetList.razor(111,72): error CS0029: Cannot implicitly convert type 'string' to 'bool' [C:\Users\tech\source\repos\TradeFlow\OneManVan.Web\OneManVan.Web.csproj]
C:\Users\tech\source\repos\TradeFlow\OneManVan.Web\Components\Pages\Assets\AssetDetail.razor(322,33): error CS1061: 'Asset' does not contain a definition for 'Jobs' and no accessible extension method 'Jobs' accepting a first argument of type 'Asset' could be found (are you missing a using directive or an assembly reference?) [C:\Users\tech\source\repos\TradeFlow\OneManVan.Web\OneManVan.Web.csproj]
C:\Users\tech\source\repos\TradeFlow\OneManVan.Web\Components\Pages\Assets\AssetDetail.razor(324,45): error CS1061: 'TEntity' does not contain a definition for 'Id' and no accessible extension method 'Id' accepting a first argument of type 'TEntity' could be found (are you missing a using directive or an assembly reference?) [C:\Users\tech\source\repos\TradeFlow\OneManVan.Web\OneManVan.Web.csproj]
C:\Users\tech\source\repos\TradeFlow\OneManVan.Web\Components\Pages\Assets\AssetDetail.razor(337,34): warning CS8602: Dereference of a possibly null reference. [C:\Users\tech\source\repos\TradeFlow\OneManVan.Web\OneManVan.Web.csproj]
C:\Users\tech\source\repos\TradeFlow\OneManVan.Web\Components\Pages\Assets\AssetDetail.razor(337,34): warning CS8629: Nullable value type may be null. [C:\Users\tech\source\repos\TradeFlow\OneManVan.Web\OneManVan.Web.csproj]
C:\Users\tech\source\repos\TradeFlow\OneManVan.Web\Components\Pages\Customers\CustomerDetail.razor(310,28): error CS0117: 'CustomerStatus' does not contain a definition for 'Prospect' [C:\Users\tech\source\repos\TradeFlow\OneManVan.Web\OneManVan.Web.csproj]
C:\Users\tech\source\repos\TradeFlow\OneManVan.Web\Components\Pages\Assets\AssetDetail.razor(365,19): error CS1061: 'Asset' does not contain a definition for 'ProductId' and no accessible extension method 'ProductId' accepting a first argument of type 'Asset' could be found (are you missing a using directive or an assembly reference?) [C:\Users\tech\source\repos\TradeFlow\OneManVan.Web\OneManVan.Web.csproj]
C:\Users\tech\source\repos\TradeFlow\OneManVan.Web\Components\Pages\Assets\AssetList.razor(244,20): error CS1061: 'Asset' does not contain a definition for 'Product' and no accessible extension method 'Product' accepting a first argument of type 'Asset' could be found (are you missing a using directive or an assembly reference?) [C:\Users\tech\source\repos\TradeFlow\OneManVan.Web\OneManVan.Web.csproj]
C:\Users\tech\source\repos\TradeFlow\OneManVan.Web\Components\Pages\Products\ProductList.razor(136,68): error CS1503: Argument 1: cannot convert from 'OneManVan.Shared.Models.Enums.ProductCategory' to 'string?' [C:\Users\tech\source\repos\TradeFlow\OneManVan.Web\OneManVan.Web.csproj]
C:\Users\tech\source\repos\TradeFlow\OneManVan.Web\Components\Pages\Products\ProductList.razor(145,69): error CS1501: No overload for method 'ToString' takes 1 arguments [C:\Users\tech\source\repos\TradeFlow\OneManVan.Web\OneManVan.Web.csproj]
C:\Users\tech\source\repos\TradeFlow\OneManVan.Web\Components\Pages\Assets\AssetEdit.razor(47,78): error CS1061: 'Asset' does not contain a definition for 'ProductId' and no accessible extension method 'ProductId' accepting a first argument of type 'Asset' could be found (are you missing a using directive or an assembly reference?) [C:\Users\tech\source\repos\TradeFlow\OneManVan.Web\OneManVan.Web.csproj]
C:\Users\tech\source\repos\TradeFlow\OneManVan.Web\obj\Debug\net10.0\Microsoft.CodeAnalysis.Razor.Compiler\Microsoft.NET.Sdk.Razor.SourceGenerators.RazorSourceGenerator\Components_Pages_Assets_AssetEdit_razor.g.cs(293,182): error CS1061: 'Asset' does not contain a definition for 'ProductId' and no accessible extension method 'ProductId' accepting a first argument of type 'Asset' could be found (are you missing a using directive or an assembly reference?) [C:\Users\tech\source\repos\TradeFlow\OneManVan.Web\OneManVan.Web.csproj]
C:\Users\tech\source\repos\TradeFlow\OneManVan.Web\obj\Debug\net10.0\Microsoft.CodeAnalysis.Razor.Compiler\Microsoft.NET.Sdk.Razor.SourceGenerators.RazorSourceGenerator\Components_Pages_Assets_AssetEdit_razor.g.cs(293,155): error CS1061: 'Asset' does not contain a definition for 'ProductId' and no accessible extension method 'ProductId' accepting a first argument of type 'Asset' could be found (are you missing a using directive or an assembly reference?) [C:\Users\tech\source\repos\TradeFlow\OneManVan.Web\OneManVan.Web.csproj]
C:\Users\tech\source\repos\TradeFlow\OneManVan.Web\Components\Pages\Assets\AssetEdit.razor(51,82): error CS1061: 'Product' does not contain a definition for 'Name' and no accessible extension method 'Name' accepting a first argument of type 'Product' could be found (are you missing a using directive or an assembly reference?) [C:\Users\tech\source\repos\TradeFlow\OneManVan.Web\OneManVan.Web.csproj]
C:\Users\tech\source\repos\TradeFlow\OneManVan.Web\Components\Pages\Assets\AssetEdit.razor(51,119): error CS1061: 'Product' does not contain a definition for 'Model' and no accessible extension method 'Model' accepting a first argument of type 'Product' could be found (are you missing a using directive or an assembly reference?) [C:\Users\tech\source\repos\TradeFlow\OneManVan.Web\OneManVan.Web.csproj]
C:\Users\tech\source\repos\TradeFlow\OneManVan.Web\obj\Debug\net10.0\Microsoft.CodeAnalysis.Razor.Compiler\Microsoft.NET.Sdk.Razor.SourceGenerators.RazorSourceGenerator\Components_Pages_Assets_AssetEdit_razor.g.cs(268,185): error CS1662: Cannot convert lambda expression to intended delegate type because some of the return types in the block are not implicitly convertible to the delegate return type [C:\Users\tech\source\repos\TradeFlow\OneManVan.Web\OneManVan.Web.csproj]
C:\Users\tech\source\repos\TradeFlow\OneManVan.Web\Components\Pages\Assets\AssetEdit.razor(205,23): error CS1061: 'Asset' does not contain a definition for 'ProductId' and no accessible extension method 'ProductId' accepting a first argument of type 'Asset' could be found (are you missing a using directive or an assembly reference?) [C:\Users\tech\source\repos\TradeFlow\OneManVan.Web\OneManVan.Web.csproj]
C:\Users\tech\source\repos\TradeFlow\OneManVan.Web\Components\Pages\Assets\AssetEdit.razor(210,17): error CS0117: 'Asset' does not contain a definition for 'IsRegistered' [C:\Users\tech\source\repos\TradeFlow\OneManVan.Web\OneManVan.Web.csproj]
C:\Users\tech\source\repos\TradeFlow\OneManVan.Web\Components\Pages\Assets\AssetEdit.razor(227,33): error CS1061: 'Product' does not contain a definition for 'Name' and no accessible extension method 'Name' accepting a first argument of type 'Product' could be found (are you missing a using directive or an assembly reference?) [C:\Users\tech\source\repos\TradeFlow\OneManVan.Web\OneManVan.Web.csproj]
C:\Users\tech\source\repos\TradeFlow\OneManVan.Web\Components\Pages\Assets\AssetEdit.razor(273,23): error CS1061: 'Asset' does not contain a definition for 'ProductId' and no accessible extension method 'ProductId' accepting a first argument of type 'Asset' could be found (are you missing a using directive or an assembly reference?) [C:\Users\tech\source\repos\TradeFlow\OneManVan.Web\OneManVan.Web.csproj]
C:\Users\tech\source\repos\TradeFlow\OneManVan.Web\Components\Pages\Assets\AssetEdit.razor(294,23): error CS1061: 'Asset' does not contain a definition for 'ModifiedAt' and no accessible extension method 'ModifiedAt' accepting a first argument of type 'Asset' could be found (are you missing a using directive or an assembly reference?) [C:\Users\tech\source\repos\TradeFlow\OneManVan.Web\OneManVan.Web.csproj]
C:\Users\tech\source\repos\TradeFlow\OneManVan.Web\Components\Pages\Inventory\InventoryList.razor(118,80): error CS1061: 'InventoryItem' does not contain a definition for 'Product' and no accessible extension method 'Product' accepting a first argument of type 'InventoryItem' could be found (are you missing a using directive or an assembly reference?) [C:\Users\tech\source\repos\TradeFlow\OneManVan.Web\OneManVan.Web.csproj]
C:\Users\tech\source\repos\TradeFlow\OneManVan.Web\Components\Pages\Inventory\InventoryList.razor(119,81): error CS1061: 'InventoryItem' does not contain a definition for 'Product' and no accessible extension method 'Product' accepting a first argument of type 'InventoryItem' could be found (are you missing a using directive or an assembly reference?) [C:\Users\tech\source\repos\TradeFlow\OneManVan.Web\OneManVan.Web.csproj]
C:\Users\tech\source\repos\TradeFlow\OneManVan.Web\Components\Pages\Inventory\InventoryList.razor(121,90): error CS1061: 'InventoryItem' does not contain a definition for 'Product' and no accessible extension method 'Product' accepting a first argument of type 'InventoryItem' could be found (are you missing a using directive or an assembly reference?) [C:\Users\tech\source\repos\TradeFlow\OneManVan.Web\OneManVan.Web.csproj]
C:\Users\tech\source\repos\TradeFlow\OneManVan.Web\Components\Pages\Inventory\InventoryList.razor(129,51): error CS1061: 'InventoryItem' does not contain a definition for 'Quantity' and no accessible extension method 'Quantity' accepting a first argument of type 'InventoryItem' could be found (are you missing a using directive or an assembly reference?) [C:\Users\tech\source\repos\TradeFlow\OneManVan.Web\OneManVan.Web.csproj]
C:\Users\tech\source\repos\TradeFlow\OneManVan.Web\Components\Pages\Inventory\InventoryList.razor(138,47): error CS1061: 'InventoryItem' does not contain a definition for 'LastStockUpdate' and no accessible extension method 'LastStockUpdate' accepting a first argument of type 'InventoryItem' could be found (are you missing a using directive or an assembly reference?) [C:\Users\tech\source\repos\TradeFlow\OneManVan.Web\OneManVan.Web.csproj]
C:\Users\tech\source\repos\TradeFlow\OneManVan.Web\Components\Pages\Products\ProductList.razor(271,20): error CS1061: 'Product' does not contain a definition for 'Name' and no accessible extension method 'Name' accepting a first argument of type 'Product' could be found (are you missing a using directive or an assembly reference?) [C:\Users\tech\source\repos\TradeFlow\OneManVan.Web\OneManVan.Web.csproj]
C:\Users\tech\source\repos\TradeFlow\OneManVan.Web\Components\Pages\Products\ProductList.razor(272,20): error CS1061: 'Product' does not contain a definition for 'SKU' and no accessible extension method 'SKU' accepting a first argument of type 'Product' could be found (are you missing a using directive or an assembly reference?) [C:\Users\tech\source\repos\TradeFlow\OneManVan.Web\OneManVan.Web.csproj]
C:\Users\tech\source\repos\TradeFlow\OneManVan.Web\Components\Pages\Products\ProductList.razor(274,20): error CS1061: 'Product' does not contain a definition for 'Model' and no accessible extension method 'Model' accepting a first argument of type 'Product' could be found (are you missing a using directive or an assembly reference?) [C:\Users\tech\source\repos\TradeFlow\OneManVan.Web\OneManVan.Web.csproj]
C:\Users\tech\source\repos\TradeFlow\OneManVan.Web\Components\Pages\Products\ProductList.razor(280,38): error CS0019: Operator '==' cannot be applied to operands of type 'ProductCategory' and 'string' [C:\Users\tech\source\repos\TradeFlow\OneManVan.Web\OneManVan.Web.csproj]
C:\Users\tech\source\repos\TradeFlow\OneManVan.Web\Components\Pages\Products\ProductList.razor(293,60): error CS1061: 'Product' does not contain a definition for 'Name' and no accessible extension method 'Name' accepting a first argument of type 'Product' could be found (are you missing a using directive or an assembly reference?) [C:\Users\tech\source\repos\TradeFlow\OneManVan.Web\OneManVan.Web.csproj]
C:\Users\tech\source\repos\TradeFlow\OneManVan.Web\Components\Pages\Products\ProductList.razor(293,99): error CS1061: 'Product' does not contain a definition for 'Name' and no accessible extension method 'Name' accepting a first argument of type 'Product' could be found (are you missing a using directive or an assembly reference?) [C:\Users\tech\source\repos\TradeFlow\OneManVan.Web\OneManVan.Web.csproj]
C:\Users\tech\source\repos\TradeFlow\OneManVan.Web\Components\Pages\Products\ProductList.razor(294,39): error CS1061: 'Product' does not contain a definition for 'Name' and no accessible extension method 'Name' accepting a first argument of type 'Product' could be found (are you missing a using directive or an assembly reference?) [C:\Users\tech\source\repos\TradeFlow\OneManVan.Web\OneManVan.Web.csproj]
C:\Users\tech\source\repos\TradeFlow\OneManVan.Web\Components\Pages\Invoices\InvoiceDetail.razor(44,50): error CS1061: 'DateTime' does not contain a definition for 'HasValue' and no accessible extension method 'HasValue' accepting a first argument of type 'DateTime' could be found (are you missing a using directive or an assembly reference?) [C:\Users\tech\source\repos\TradeFlow\OneManVan.Web\OneManVan.Web.csproj]
C:\Users\tech\source\repos\TradeFlow\OneManVan.Web\Components\Pages\Invoices\InvoiceDetail.razor(92,54): error CS1061: 'DateTime' does not contain a definition for 'HasValue' and no accessible extension method 'HasValue' accepting a first argument of type 'DateTime' could be found (are you missing a using directive or an assembly reference?) [C:\Users\tech\source\repos\TradeFlow\OneManVan.Web\OneManVan.Web.csproj]
C:\Users\tech\source\repos\TradeFlow\OneManVan.Web\Components\Pages\Invoices\InvoiceDetail.razor(95,58): error CS1061: 'DateTime' does not contain a definition for 'Value' and no accessible extension method 'Value' accepting a first argument of type 'DateTime' could be found (are you missing a using directive or an assembly reference?) [C:\Users\tech\source\repos\TradeFlow\OneManVan.Web\OneManVan.Web.csproj]
C:\Users\tech\source\repos\TradeFlow\OneManVan.Web\Components\Pages\Invoices\InvoiceList.razor(136,62): error CS1061: 'DateTime' does not contain a definition for 'HasValue' and no accessible extension method 'HasValue' accepting a first argument of type 'DateTime' could be found (are you missing a using directive or an assembly reference?) [C:\Users\tech\source\repos\TradeFlow\OneManVan.Web\OneManVan.Web.csproj]
C:\Users\tech\source\repos\TradeFlow\OneManVan.Web\Components\Pages\Invoices\InvoiceList.razor(139,66): error CS1061: 'DateTime' does not contain a definition for 'Value' and no accessible extension method 'Value' accepting a first argument of type 'DateTime' could be found (are you missing a using directive or an assembly reference?) [C:\Users\tech\source\repos\TradeFlow\OneManVan.Web\OneManVan.Web.csproj]
C:\Users\tech\source\repos\TradeFlow\OneManVan.Web\Components\Pages\Invoices\InvoiceDetail.razor(332,33): error CS1061: 'Invoice' does not contain a definition for 'Balance' and no accessible extension method 'Balance' accepting a first argument of type 'Invoice' could be found (are you missing a using directive or an assembly reference?) [C:\Users\tech\source\repos\TradeFlow\OneManVan.Web\OneManVan.Web.csproj]
C:\Users\tech\source\repos\TradeFlow\OneManVan.Web\Components\Pages\Inventory\InventoryList.razor(236,37): error CS1061: 'OneManVanDbContext' does not contain a definition for 'Inventory' and no accessible extension method 'Inventory' accepting a first argument of type 'OneManVanDbContext' could be found (are you missing a using directive or an assembly reference?) [C:\Users\tech\source\repos\TradeFlow\OneManVan.Web\OneManVan.Web.csproj]
C:\Users\tech\source\repos\TradeFlow\OneManVan.Web\Components\Pages\Inventory\InventoryList.razor(250,55): error CS1061: 'InventoryItem' does not contain a definition for 'Quantity' and no accessible extension method 'Quantity' accepting a first argument of type 'InventoryItem' could be found (are you missing a using directive or an assembly reference?) [C:\Users\tech\source\repos\TradeFlow\OneManVan.Web\OneManVan.Web.csproj]
C:\Users\tech\source\repos\TradeFlow\OneManVan.Web\Components\Pages\Inventory\InventoryList.razor(250,87): error CS1061: 'InventoryItem' does not contain a definition for 'Quantity' and no accessible extension method 'Quantity' accepting a first argument of type 'InventoryItem' could be found (are you missing a using directive or an assembly reference?) [C:\Users\tech\source\repos\TradeFlow\OneManVan.Web\OneManVan.Web.csproj]
C:\Users\tech\source\repos\TradeFlow\OneManVan.Web\Components\Pages\Inventory\InventoryList.razor(251,57): error CS1061: 'InventoryItem' does not contain a definition for 'Quantity' and no accessible extension method 'Quantity' accepting a first argument of type 'InventoryItem' could be found (are you missing a using directive or an assembly reference?) [C:\Users\tech\source\repos\TradeFlow\OneManVan.Web\OneManVan.Web.csproj]
C:\Users\tech\source\repos\TradeFlow\OneManVan.Web\Components\Pages\Estimates\EstimateEdit.razor(70,72): error CS0117: 'EstimateStatus' does not contain a definition for 'Rejected' [C:\Users\tech\source\repos\TradeFlow\OneManVan.Web\OneManVan.Web.csproj]
C:\Users\tech\source\repos\TradeFlow\OneManVan.Web\Components\Pages\Estimates\EstimateEdit.razor(148,77): error CS1061: 'Estimate' does not contain a definition for 'TaxAmountAmount' and no accessible extension method 'TaxAmountAmount' accepting a first argument of type 'Estimate' could be found (are you missing a using directive or an assembly reference?) [C:\Users\tech\source\repos\TradeFlow\OneManVan.Web\OneManVan.Web.csproj]
C:\Users\tech\source\repos\TradeFlow\OneManVan.Web\obj\Debug\net10.0\Microsoft.CodeAnalysis.Razor.Compiler\Microsoft.NET.Sdk.Razor.SourceGenerators.RazorSourceGenerator\Components_Pages_Estimates_EstimateEdit_razor.g.cs(268,185): error CS1662: Cannot convert lambda expression to intended delegate type because some of the return types in the block are not implicitly convertible to the delegate return type [C:\Users\tech\source\repos\TradeFlow\OneManVan.Web\OneManVan.Web.csproj]
C:\Users\tech\source\repos\TradeFlow\OneManVan.Web\Components\Pages\Inventory\InventoryDetail.razor(9,24): error CS1061: 'InventoryItem' does not contain a definition for 'Product' and no accessible extension method 'Product' accepting a first argument of type 'InventoryItem' could be found (are you missing a using directive or an assembly reference?) [C:\Users\tech\source\repos\TradeFlow\OneManVan.Web\OneManVan.Web.csproj]
C:\Users\tech\source\repos\TradeFlow\OneManVan.Web\Components\Pages\Inventory\InventoryDetail.razor(32,71): error CS1061: 'InventoryItem' does not contain a definition for 'Product' and no accessible extension method 'Product' accepting a first argument of type 'InventoryItem' could be found (are you missing a using directive or an assembly reference?) [C:\Users\tech\source\repos\TradeFlow\OneManVan.Web\OneManVan.Web.csproj]
C:\Users\tech\source\repos\TradeFlow\OneManVan.Web\Components\Pages\Inventory\InventoryDetail.razor(40,56): error CS1061: 'InventoryItem' does not contain a definition for 'Product' and no accessible extension method 'Product' accepting a first argument of type 'InventoryItem' could be found (are you missing a using directive or an assembly reference?) [C:\Users\tech\source\repos\TradeFlow\OneManVan.Web\OneManVan.Web.csproj]
C:\Users\tech\source\repos\TradeFlow\OneManVan.Web\Components\Pages\Inventory\InventoryDetail.razor(42,66): error CS1061: 'InventoryItem' does not contain a definition for 'Product' and no accessible extension method 'Product' accepting a first argument of type 'InventoryItem' could be found (are you missing a using directive or an assembly reference?) [C:\Users\tech\source\repos\TradeFlow\OneManVan.Web\OneManVan.Web.csproj]
C:\Users\tech\source\repos\TradeFlow\OneManVan.Web\Components\Pages\Inventory\InventoryDetail.razor(44,77): error CS1061: 'InventoryItem' does not contain a definition for 'Product' and no accessible extension method 'Product' accepting a first argument of type 'InventoryItem' could be found (are you missing a using directive or an assembly reference?) [C:\Users\tech\source\repos\TradeFlow\OneManVan.Web\OneManVan.Web.csproj]
C:\Users\tech\source\repos\TradeFlow\OneManVan.Web\Components\Pages\Inventory\InventoryDetail.razor(82,73): error CS1061: 'InventoryItem' does not contain a definition for 'Product' and no accessible extension method 'Product' accepting a first argument of type 'InventoryItem' could be found (are you missing a using directive or an assembly reference?) [C:\Users\tech\source\repos\TradeFlow\OneManVan.Web\OneManVan.Web.csproj]
C:\Users\tech\source\repos\TradeFlow\OneManVan.Web\Components\Pages\Inventory\InventoryDetail.razor(83,74): error CS1061: 'InventoryItem' does not contain a definition for 'Product' and no accessible extension method 'Product' accepting a first argument of type 'InventoryItem' could be found (are you missing a using directive or an assembly reference?) [C:\Users\tech\source\repos\TradeFlow\OneManVan.Web\OneManVan.Web.csproj]
C:\Users\tech\source\repos\TradeFlow\OneManVan.Web\Components\Pages\Inventory\InventoryDetail.razor(85,78): error CS1061: 'InventoryItem' does not contain a definition for 'Product' and no accessible extension method 'Product' accepting a first argument of type 'InventoryItem' could be found (are you missing a using directive or an assembly reference?) [C:\Users\tech\source\repos\TradeFlow\OneManVan.Web\OneManVan.Web.csproj]
C:\Users\tech\source\repos\TradeFlow\OneManVan.Web\Components\Pages\Inventory\InventoryDetail.razor(85,110): error CS1061: 'InventoryItem' does not contain a definition for 'Product' and no accessible extension method 'Product' accepting a first argument of type 'InventoryItem' could be found (are you missing a using directive or an assembly reference?) [C:\Users\tech\source\repos\TradeFlow\OneManVan.Web\OneManVan.Web.csproj]
C:\Users\tech\source\repos\TradeFlow\OneManVan.Web\Components\Pages\Inventory\InventoryDetail.razor(96,70): error CS1061: 'InventoryItem' does not contain a definition for 'Quantity' and no accessible extension method 'Quantity' accepting a first argument of type 'InventoryItem' could be found (are you missing a using directive or an assembly reference?) [C:\Users\tech\source\repos\TradeFlow\OneManVan.Web\OneManVan.Web.csproj]
C:\Users\tech\source\repos\TradeFlow\OneManVan.Web\Components\Pages\Inventory\InventoryDetail.razor(106,66): error CS1061: 'InventoryItem' does not contain a definition for 'ReorderQuantity' and no accessible extension method 'ReorderQuantity' accepting a first argument of type 'InventoryItem' could be found (are you missing a using directive or an assembly reference?) [C:\Users\tech\source\repos\TradeFlow\OneManVan.Web\OneManVan.Web.csproj]
C:\Users\tech\source\repos\TradeFlow\OneManVan.Web\Components\Pages\Inventory\InventoryDetail.razor(110,51): error CS1061: 'InventoryItem' does not contain a definition for 'LastStockUpdate' and no accessible extension method 'LastStockUpdate' accepting a first argument of type 'InventoryItem' could be found (are you missing a using directive or an assembly reference?) [C:\Users\tech\source\repos\TradeFlow\OneManVan.Web\OneManVan.Web.csproj]
C:\Users\tech\source\repos\TradeFlow\OneManVan.Web\Components\Pages\Inventory\InventoryDetail.razor(114,51): error CS1061: 'InventoryItem' does not contain a definition for 'LastUpdatedBy' and no accessible extension method 'LastUpdatedBy' accepting a first argument of type 'InventoryItem' could be found (are you missing a using directive or an assembly reference?) [C:\Users\tech\source\repos\TradeFlow\OneManVan.Web\OneManVan.Web.csproj]
C:\Users\tech\source\repos\TradeFlow\OneManVan.Web\Components\Pages\Inventory\InventoryDetail.razor(116,66): error CS1061: 'InventoryItem' does not contain a definition for 'Notes' and no accessible extension method 'Notes' accepting a first argument of type 'InventoryItem' could be found (are you missing a using directive or an assembly reference?) [C:\Users\tech\source\repos\TradeFlow\OneManVan.Web\OneManVan.Web.csproj]
C:\Users\tech\source\repos\TradeFlow\OneManVan.Web\Components\Pages\Inventory\InventoryDetail.razor(120,64): error CS1061: 'InventoryItem' does not contain a definition for 'Notes' and no accessible extension method 'Notes' accepting a first argument of type 'InventoryItem' could be found (are you missing a using directive or an assembly reference?) [C:\Users\tech\source\repos\TradeFlow\OneManVan.Web\OneManVan.Web.csproj]
C:\Users\tech\source\repos\TradeFlow\OneManVan.Web\Components\Pages\Inventory\InventoryDetail.razor(194,48): error CS1061: 'InventoryItem' does not contain a definition for 'Quantity' and no accessible extension method 'Quantity' accepting a first argument of type 'InventoryItem' could be found (are you missing a using directive or an assembly reference?) [C:\Users\tech\source\repos\TradeFlow\OneManVan.Web\OneManVan.Web.csproj]
C:\Users\tech\source\repos\TradeFlow\OneManVan.Web\Components\Pages\Inventory\InventoryDetail.razor(204,62): error CS1061: 'InventoryItem' does not contain a definition for 'ReorderQuantity' and no accessible extension method 'ReorderQuantity' accepting a first argument of type 'InventoryItem' could be found (are you missing a using directive or an assembly reference?) [C:\Users\tech\source\repos\TradeFlow\OneManVan.Web\OneManVan.Web.csproj]
C:\Users\tech\source\repos\TradeFlow\OneManVan.Web\Components\Pages\Inventory\InventoryDetail.razor(218,62): error CS1061: 'InventoryItem' does not contain a definition for 'Product' and no accessible extension method 'Product' accepting a first argument of type 'InventoryItem' could be found (are you missing a using directive or an assembly reference?) [C:\Users\tech\source\repos\TradeFlow\OneManVan.Web\OneManVan.Web.csproj]
C:\Users\tech\source\repos\TradeFlow\OneManVan.Web\Components\Pages\Inventory\InventoryDetail.razor(220,40): error CS1061: 'InventoryItem' does not contain a definition for 'Product' and no accessible extension method 'Product' accepting a first argument of type 'InventoryItem' could be found (are you missing a using directive or an assembly reference?) [C:\Users\tech\source\repos\TradeFlow\OneManVan.Web\OneManVan.Web.csproj]
C:\Users\tech\source\repos\TradeFlow\OneManVan.Web\Components\Pages\Inventory\InventoryDetail.razor(224,50): error CS1061: 'InventoryItem' does not contain a definition for 'Product' and no accessible extension method 'Product' accepting a first argument of type 'InventoryItem' could be found (are you missing a using directive or an assembly reference?) [C:\Users\tech\source\repos\TradeFlow\OneManVan.Web\OneManVan.Web.csproj]
C:\Users\tech\source\repos\TradeFlow\OneManVan.Web\Components\Pages\Inventory\InventoryDetail.razor(233,47): error CS1061: 'InventoryItem' does not contain a definition for 'Product' and no accessible extension method 'Product' accepting a first argument of type 'InventoryItem' could be found (are you missing a using directive or an assembly reference?) [C:\Users\tech\source\repos\TradeFlow\OneManVan.Web\OneManVan.Web.csproj]
C:\Users\tech\source\repos\TradeFlow\OneManVan.Web\Components\Pages\Jobs\JobDetail.razor(82,45): error CS1061: 'Job' does not contain a definition for 'ServiceLocation' and no accessible extension method 'ServiceLocation' accepting a first argument of type 'Job' could be found (are you missing a using directive or an assembly reference?) [C:\Users\tech\source\repos\TradeFlow\OneManVan.Web\OneManVan.Web.csproj]
C:\Users\tech\source\repos\TradeFlow\OneManVan.Web\Components\Pages\Jobs\JobDetail.razor(90,42): error CS1061: 'Job' does not contain a definition for 'ScheduledStartTime' and no accessible extension method 'ScheduledStartTime' accepting a first argument of type 'Job' could be found (are you missing a using directive or an assembly reference?) [C:\Users\tech\source\repos\TradeFlow\OneManVan.Web\OneManVan.Web.csproj]
C:\Users\tech\source\repos\TradeFlow\OneManVan.Web\Components\Pages\Jobs\JobDetail.razor(92,48): error CS1061: 'Job' does not contain a definition for 'ScheduledStartTime' and no accessible extension method 'ScheduledStartTime' accepting a first argument of type 'Job' could be found (are you missing a using directive or an assembly reference?) [C:\Users\tech\source\repos\TradeFlow\OneManVan.Web\OneManVan.Web.csproj]
C:\Users\tech\source\repos\TradeFlow\OneManVan.Web\Components\Pages\Jobs\JobDetail.razor(92,101): error CS1061: 'Job' does not contain a definition for 'ScheduledEndTime' and no accessible extension method 'ScheduledEndTime' accepting a first argument of type 'Job' could be found (are you missing a using directive or an assembly reference?) [C:\Users\tech\source\repos\TradeFlow\OneManVan.Web\OneManVan.Web.csproj]
C:\Users\tech\source\repos\TradeFlow\OneManVan.Web\Components\Pages\Jobs\JobDetail.razor(118,26): error CS1061: 'Job' does not contain a definition for 'Assets' and no accessible extension method 'Assets' accepting a first argument of type 'Job' could be found (are you missing a using directive or an assembly reference?) [C:\Users\tech\source\repos\TradeFlow\OneManVan.Web\OneManVan.Web.csproj]
C:\Users\tech\source\repos\TradeFlow\OneManVan.Web\Components\Pages\Jobs\JobDetail.razor(136,68): error CS1061: 'Job' does not contain a definition for 'Assets' and no accessible extension method 'Assets' accepting a first argument of type 'Job' could be found (are you missing a using directive or an assembly reference?) [C:\Users\tech\source\repos\TradeFlow\OneManVan.Web\OneManVan.Web.csproj]
C:\Users\tech\source\repos\TradeFlow\OneManVan.Web\Components\Pages\Jobs\JobDetail.razor(160,26): error CS1061: 'Job' does not contain a definition for 'Invoice' and no accessible extension method 'Invoice' accepting a first argument of type 'Job' could be found (are you missing a using directive or an assembly reference?) [C:\Users\tech\source\repos\TradeFlow\OneManVan.Web\OneManVan.Web.csproj]
C:\Users\tech\source\repos\TradeFlow\OneManVan.Web\Components\Pages\Jobs\JobDetail.razor(169,80): error CS1061: 'Job' does not contain a definition for 'Invoice' and no accessible extension method 'Invoice' accepting a first argument of type 'Job' could be found (are you missing a using directive or an assembly reference?) [C:\Users\tech\source\repos\TradeFlow\OneManVan.Web\OneManVan.Web.csproj]
C:\Users\tech\source\repos\TradeFlow\OneManVan.Web\Components\Pages\Jobs\JobDetail.razor(170,83): error CS1061: 'Job' does not contain a definition for 'Invoice' and no accessible extension method 'Invoice' accepting a first argument of type 'Job' could be found (are you missing a using directive or an assembly reference?) [C:\Users\tech\source\repos\TradeFlow\OneManVan.Web\OneManVan.Web.csproj]
C:\Users\tech\source\repos\TradeFlow\OneManVan.Web\Components\Pages\Jobs\JobDetail.razor(170,105): error CS1061: 'Job' does not contain a definition for 'Invoice' and no accessible extension method 'Invoice' accepting a first argument of type 'Job' could be found (are you missing a using directive or an assembly reference?) [C:\Users\tech\source\repos\TradeFlow\OneManVan.Web\OneManVan.Web.csproj]
C:\Users\tech\source\repos\TradeFlow\OneManVan.Web\Components\Pages\Jobs\JobDetail.razor(173,64): error CS1061: 'Job' does not contain a definition for 'Invoice' and no accessible extension method 'Invoice' accepting a first argument of type 'Job' could be found (are you missing a using directive or an assembly reference?) [C:\Users\tech\source\repos\TradeFlow\OneManVan.Web\OneManVan.Web.csproj]
C:\Users\tech\source\repos\TradeFlow\OneManVan.Web\Components\Pages\Jobs\JobDetail.razor(174,61): error CS1061: 'Job' does not contain a definition for 'Invoice' and no accessible extension method 'Invoice' accepting a first argument of type 'Job' could be found (are you missing a using directive or an assembly reference?) [C:\Users\tech\source\repos\TradeFlow\OneManVan.Web\OneManVan.Web.csproj]
C:\Users\tech\source\repos\TradeFlow\OneManVan.Web\Components\Pages\Jobs\JobDetail.razor(192,56): error CS1061: 'Job' does not contain a definition for 'TotalAmount' and no accessible extension method 'TotalAmount' accepting a first argument of type 'Job' could be found (are you missing a using directive or an assembly reference?) [C:\Users\tech\source\repos\TradeFlow\OneManVan.Web\OneManVan.Web.csproj]
C:\Users\tech\source\repos\TradeFlow\OneManVan.Web\Components\Pages\Jobs\JobDetail.razor(200,83): error CS0023: Operator '?' cannot be applied to operand of type 'JobPriority' [C:\Users\tech\source\repos\TradeFlow\OneManVan.Web\OneManVan.Web.csproj]
C:\Users\tech\source\repos\TradeFlow\OneManVan.Web\Components\Pages\Jobs\JobDetail.razor(225,38): error CS1061: 'Job' does not contain a definition for 'Invoice' and no accessible extension method 'Invoice' accepting a first argument of type 'Job' could be found (are you missing a using directive or an assembly reference?) [C:\Users\tech\source\repos\TradeFlow\OneManVan.Web\OneManVan.Web.csproj]
C:\Users\tech\source\repos\TradeFlow\OneManVan.Web\Components\Pages\Invoices\InvoiceList.razor(236,98): error CS1061: 'Invoice' does not contain a definition for 'Balance' and no accessible extension method 'Balance' accepting a first argument of type 'Invoice' could be found (are you missing a using directive or an assembly reference?) [C:\Users\tech\source\repos\TradeFlow\OneManVan.Web\OneManVan.Web.csproj]
C:\Users\tech\source\repos\TradeFlow\OneManVan.Web\Components\Pages\Inventory\InventoryDetail.razor(290,34): error CS1061: 'OneManVanDbContext' does not contain a definition for 'Inventory' and no accessible extension method 'Inventory' accepting a first argument of type 'OneManVanDbContext' could be found (are you missing a using directive or an assembly reference?) [C:\Users\tech\source\repos\TradeFlow\OneManVan.Web\OneManVan.Web.csproj]
C:\Users\tech\source\repos\TradeFlow\OneManVan.Web\Components\Pages\Inventory\InventoryDetail.razor(293,45): error CS1061: 'TEntity' does not contain a definition for 'Id' and no accessible extension method 'Id' accepting a first argument of type 'TEntity' could be found (are you missing a using directive or an assembly reference?) [C:\Users\tech\source\repos\TradeFlow\OneManVan.Web\OneManVan.Web.csproj]
C:\Users\tech\source\repos\TradeFlow\OneManVan.Web\Components\Pages\Inventory\InventoryDetail.razor(300,123): error CS1061: 'InventoryItem' does not contain a definition for 'Quantity' and no accessible extension method 'Quantity' accepting a first argument of type 'InventoryItem' could be found (are you missing a using directive or an assembly reference?) [C:\Users\tech\source\repos\TradeFlow\OneManVan.Web\OneManVan.Web.csproj]
C:\Users\tech\source\repos\TradeFlow\OneManVan.Web\Components\Pages\Inventory\InventoryDetail.razor(301,123): error CS1061: 'InventoryItem' does not contain a definition for 'Quantity' and no accessible extension method 'Quantity' accepting a first argument of type 'InventoryItem' could be found (are you missing a using directive or an assembly reference?) [C:\Users\tech\source\repos\TradeFlow\OneManVan.Web\OneManVan.Web.csproj]
C:\Users\tech\source\repos\TradeFlow\OneManVan.Web\Components\Pages\Inventory\InventoryDetail.razor(302,123): error CS1061: 'InventoryItem' does not contain a definition for 'Quantity' and no accessible extension method 'Quantity' accepting a first argument of type 'InventoryItem' could be found (are you missing a using directive or an assembly reference?) [C:\Users\tech\source\repos\TradeFlow\OneManVan.Web\OneManVan.Web.csproj]
C:\Users\tech\source\repos\TradeFlow\OneManVan.Web\Components\Pages\Inventory\InventoryDetail.razor(314,24): error CS1061: 'InventoryItem' does not contain a definition for 'Quantity' and no accessible extension method 'Quantity' accepting a first argument of type 'InventoryItem' could be found (are you missing a using directive or an assembly reference?) [C:\Users\tech\source\repos\TradeFlow\OneManVan.Web\OneManVan.Web.csproj]
C:\Users\tech\source\repos\TradeFlow\OneManVan.Web\Components\Pages\Inventory\InventoryDetail.razor(316,23): error CS1061: 'InventoryItem' does not contain a definition for 'Quantity' and no accessible extension method 'Quantity' accepting a first argument of type 'InventoryItem' could be found (are you missing a using directive or an assembly reference?) [C:\Users\tech\source\repos\TradeFlow\OneManVan.Web\OneManVan.Web.csproj]
C:\Users\tech\source\repos\TradeFlow\OneManVan.Web\Components\Pages\Inventory\InventoryDetail.razor(316,35): warning CS8602: Dereference of a possibly null reference. [C:\Users\tech\source\repos\TradeFlow\OneManVan.Web\OneManVan.Web.csproj]
C:\Users\tech\source\repos\TradeFlow\OneManVan.Web\Components\Pages\Inventory\InventoryDetail.razor(323,24): error CS1061: 'InventoryItem' does not contain a definition for 'Quantity' and no accessible extension method 'Quantity' accepting a first argument of type 'InventoryItem' could be found (are you missing a using directive or an assembly reference?) [C:\Users\tech\source\repos\TradeFlow\OneManVan.Web\OneManVan.Web.csproj]
C:\Users\tech\source\repos\TradeFlow\OneManVan.Web\Components\Pages\Inventory\InventoryDetail.razor(325,23): error CS1061: 'InventoryItem' does not contain a definition for 'Quantity' and no accessible extension method 'Quantity' accepting a first argument of type 'InventoryItem' could be found (are you missing a using directive or an assembly reference?) [C:\Users\tech\source\repos\TradeFlow\OneManVan.Web\OneManVan.Web.csproj]
C:\Users\tech\source\repos\TradeFlow\OneManVan.Web\Components\Pages\Inventory\InventoryDetail.razor(325,35): warning CS8602: Dereference of a possibly null reference. [C:\Users\tech\source\repos\TradeFlow\OneManVan.Web\OneManVan.Web.csproj]
C:\Users\tech\source\repos\TradeFlow\OneManVan.Web\Components\Pages\Jobs\JobList.razor(131,54): error CS1061: 'Job' does not contain a definition for 'ScheduledStartTime' and no accessible extension method 'ScheduledStartTime' accepting a first argument of type 'Job' could be found (are you missing a using directive or an assembly reference?) [C:\Users\tech\source\repos\TradeFlow\OneManVan.Web\OneManVan.Web.csproj]
C:\Users\tech\source\repos\TradeFlow\OneManVan.Web\Components\Pages\Jobs\JobList.razor(134,80): error CS1061: 'Job' does not contain a definition for 'ScheduledStartTime' and no accessible extension method 'ScheduledStartTime' accepting a first argument of type 'Job' could be found (are you missing a using directive or an assembly reference?) [C:\Users\tech\source\repos\TradeFlow\OneManVan.Web\OneManVan.Web.csproj]
C:\Users\tech\source\repos\TradeFlow\OneManVan.Web\Components\Pages\Jobs\JobList.razor(147,46): error CS1061: 'Job' does not contain a definition for 'TotalAmount' and no accessible extension method 'TotalAmount' accepting a first argument of type 'Job' could be found (are you missing a using directive or an assembly reference?) [C:\Users\tech\source\repos\TradeFlow\OneManVan.Web\OneManVan.Web.csproj]
C:\Users\tech\source\repos\TradeFlow\OneManVan.Web\Components\Pages\Inventory\InventoryDetail.razor(332,24): error CS1061: 'InventoryItem' does not contain a definition for 'Quantity' and no accessible extension method 'Quantity' accepting a first argument of type 'InventoryItem' could be found (are you missing a using directive or an assembly reference?) [C:\Users\tech\source\repos\TradeFlow\OneManVan.Web\OneManVan.Web.csproj]
C:\Users\tech\source\repos\TradeFlow\OneManVan.Web\Components\Pages\Inventory\InventoryDetail.razor(334,23): error CS1061: 'InventoryItem' does not contain a definition for 'Quantity' and no accessible extension method 'Quantity' accepting a first argument of type 'InventoryItem' could be found (are you missing a using directive or an assembly reference?) [C:\Users\tech\source\repos\TradeFlow\OneManVan.Web\OneManVan.Web.csproj]
C:\Users\tech\source\repos\TradeFlow\OneManVan.Web\Components\Pages\Inventory\InventoryDetail.razor(334,35): warning CS8602: Dereference of a possibly null reference. [C:\Users\tech\source\repos\TradeFlow\OneManVan.Web\OneManVan.Web.csproj]
C:\Users\tech\source\repos\TradeFlow\OneManVan.Web\Components\Pages\Jobs\JobDetail.razor(274,33): error CS1061: 'Job' does not contain a definition for 'Assets' and no accessible extension method 'Assets' accepting a first argument of type 'Job' could be found (are you missing a using directive or an assembly reference?) [C:\Users\tech\source\repos\TradeFlow\OneManVan.Web\OneManVan.Web.csproj]
C:\Users\tech\source\repos\TradeFlow\OneManVan.Web\Components\Pages\Jobs\JobDetail.razor(278,45): error CS1061: 'TEntity' does not contain a definition for 'Id' and no accessible extension method 'Id' accepting a first argument of type 'TEntity' could be found (are you missing a using directive or an assembly reference?) [C:\Users\tech\source\repos\TradeFlow\OneManVan.Web\OneManVan.Web.csproj]
C:\Users\tech\source\repos\TradeFlow\OneManVan.Web\Components\Pages\Jobs\JobEdit.razor(83,84): error CS1503: Argument 1: cannot convert from 'string' to 'System.DateTime' [C:\Users\tech\source\repos\TradeFlow\OneManVan.Web\OneManVan.Web.csproj]
C:\Users\tech\source\repos\TradeFlow\OneManVan.Web\obj\Debug\net10.0\Microsoft.CodeAnalysis.Razor.Compiler\Microsoft.NET.Sdk.Razor.SourceGenerators.RazorSourceGenerator\Components_Pages_Jobs_JobEdit_razor.g.cs(452,168): error CS0029: Cannot implicitly convert type 'System.TimeOnly?' to 'string' [C:\Users\tech\source\repos\TradeFlow\OneManVan.Web\OneManVan.Web.csproj]
C:\Users\tech\source\repos\TradeFlow\OneManVan.Web\Components\Pages\Jobs\JobEdit.razor(87,84): error CS1503: Argument 1: cannot convert from 'string' to 'System.DateTime' [C:\Users\tech\source\repos\TradeFlow\OneManVan.Web\OneManVan.Web.csproj]
C:\Users\tech\source\repos\TradeFlow\OneManVan.Web\obj\Debug\net10.0\Microsoft.CodeAnalysis.Razor.Compiler\Microsoft.NET.Sdk.Razor.SourceGenerators.RazorSourceGenerator\Components_Pages_Jobs_JobEdit_razor.g.cs(472,166): error CS0029: Cannot implicitly convert type 'System.TimeOnly?' to 'string' [C:\Users\tech\source\repos\TradeFlow\OneManVan.Web\OneManVan.Web.csproj]
C:\Users\tech\source\repos\TradeFlow\OneManVan.Web\Components\Pages\Jobs\JobEdit.razor(91,88): error CS1061: 'Job' does not contain a definition for 'ServiceLocation' and no accessible extension method 'ServiceLocation' accepting a first argument of type 'Job' could be found (are you missing a using directive or an assembly reference?) [C:\Users\tech\source\repos\TradeFlow\OneManVan.Web\OneManVan.Web.csproj]
C:\Users\tech\source\repos\TradeFlow\OneManVan.Web\obj\Debug\net10.0\Microsoft.CodeAnalysis.Razor.Compiler\Microsoft.NET.Sdk.Razor.SourceGenerators.RazorSourceGenerator\Components_Pages_Jobs_JobEdit_razor.g.cs(500,547): error CS1061: 'Job' does not contain a definition for 'ServiceLocation' and no accessible extension method 'ServiceLocation' accepting a first argument of type 'Job' could be found (are you missing a using directive or an assembly reference?) [C:\Users\tech\source\repos\TradeFlow\OneManVan.Web\OneManVan.Web.csproj]
C:\Users\tech\source\repos\TradeFlow\OneManVan.Web\obj\Debug\net10.0\Microsoft.CodeAnalysis.Razor.Compiler\Microsoft.NET.Sdk.Razor.SourceGenerators.RazorSourceGenerator\Components_Pages_Jobs_JobEdit_razor.g.cs(500,514): error CS1061: 'Job' does not contain a definition for 'ServiceLocation' and no accessible extension method 'ServiceLocation' accepting a first argument of type 'Job' could be found (are you missing a using directive or an assembly reference?) [C:\Users\tech\source\repos\TradeFlow\OneManVan.Web\OneManVan.Web.csproj]
C:\Users\tech\source\repos\TradeFlow\OneManVan.Web\obj\Debug\net10.0\Microsoft.CodeAnalysis.Razor.Compiler\Microsoft.NET.Sdk.Razor.SourceGenerators.RazorSourceGenerator\Components_Pages_Jobs_JobEdit_razor.g.cs(501,318): error CS1061: 'Job' does not contain a definition for 'ServiceLocation' and no accessible extension method 'ServiceLocation' accepting a first argument of type 'Job' could be found (are you missing a using directive or an assembly reference?) [C:\Users\tech\source\repos\TradeFlow\OneManVan.Web\OneManVan.Web.csproj]
C:\Users\tech\source\repos\TradeFlow\OneManVan.Web\Components\Pages\Jobs\JobEdit.razor(118,94): error CS1061: 'Job' does not contain a definition for 'TotalAmount' and no accessible extension method 'TotalAmount' accepting a first argument of type 'Job' could be found (are you missing a using directive or an assembly reference?) [C:\Users\tech\source\repos\TradeFlow\OneManVan.Web\OneManVan.Web.csproj]
C:\Users\tech\source\repos\TradeFlow\OneManVan.Web\obj\Debug\net10.0\Microsoft.CodeAnalysis.Razor.Compiler\Microsoft.NET.Sdk.Razor.SourceGenerators.RazorSourceGenerator\Components_Pages_Jobs_JobEdit_razor.g.cs(596,251): error CS1061: 'Job' does not contain a definition for 'TotalAmount' and no accessible extension method 'TotalAmount' accepting a first argument of type 'Job' could be found (are you missing a using directive or an assembly reference?) [C:\Users\tech\source\repos\TradeFlow\OneManVan.Web\OneManVan.Web.csproj]
C:\Users\tech\source\repos\TradeFlow\OneManVan.Web\obj\Debug\net10.0\Microsoft.CodeAnalysis.Razor.Compiler\Microsoft.NET.Sdk.Razor.SourceGenerators.RazorSourceGenerator\Components_Pages_Jobs_JobEdit_razor.g.cs(596,222): error CS1061: 'Job' does not contain a definition for 'TotalAmount' and no accessible extension method 'TotalAmount' accepting a first argument of type 'Job' could be found (are you missing a using directive or an assembly reference?) [C:\Users\tech\source\repos\TradeFlow\OneManVan.Web\OneManVan.Web.csproj]
C:\Users\tech\source\repos\TradeFlow\OneManVan.Web\obj\Debug\net10.0\Microsoft.CodeAnalysis.Razor.Compiler\Microsoft.NET.Sdk.Razor.SourceGenerators.RazorSourceGenerator\Components_Pages_Jobs_JobEdit_razor.g.cs(596,283): error CS1061: 'Job' does not contain a definition for 'TotalAmount' and no accessible extension method 'TotalAmount' accepting a first argument of type 'Job' could be found (are you missing a using directive or an assembly reference?) [C:\Users\tech\source\repos\TradeFlow\OneManVan.Web\OneManVan.Web.csproj]
C:\Users\tech\source\repos\TradeFlow\OneManVan.Web\obj\Debug\net10.0\Microsoft.CodeAnalysis.Razor.Compiler\Microsoft.NET.Sdk.Razor.SourceGenerators.RazorSourceGenerator\Components_Pages_Jobs_JobEdit_razor.g.cs(268,185): error CS1662: Cannot convert lambda expression to intended delegate type because some of the return types in the block are not implicitly convertible to the delegate return type [C:\Users\tech\source\repos\TradeFlow\OneManVan.Web\OneManVan.Web.csproj]
C:\Users\tech\source\repos\TradeFlow\OneManVan.Web\Components\Pages\Inventory\InventoryDetail.razor(341,24): error CS1061: 'InventoryItem' does not contain a definition for 'Quantity' and no accessible extension method 'Quantity' accepting a first argument of type 'InventoryItem' could be found (are you missing a using directive or an assembly reference?) [C:\Users\tech\source\repos\TradeFlow\OneManVan.Web\OneManVan.Web.csproj]
C:\Users\tech\source\repos\TradeFlow\OneManVan.Web\Components\Pages\Inventory\InventoryDetail.razor(343,23): error CS1061: 'InventoryItem' does not contain a definition for 'Quantity' and no accessible extension method 'Quantity' accepting a first argument of type 'InventoryItem' could be found (are you missing a using directive or an assembly reference?) [C:\Users\tech\source\repos\TradeFlow\OneManVan.Web\OneManVan.Web.csproj]
C:\Users\tech\source\repos\TradeFlow\OneManVan.Web\Components\Pages\Inventory\InventoryDetail.razor(343,35): warning CS8602: Dereference of a possibly null reference. [C:\Users\tech\source\repos\TradeFlow\OneManVan.Web\OneManVan.Web.csproj]
C:\Users\tech\source\repos\TradeFlow\OneManVan.Web\Components\Pages\Jobs\JobEdit.razor(208,17): error CS0117: 'Job' does not contain a definition for 'TotalAmount' [C:\Users\tech\source\repos\TradeFlow\OneManVan.Web\OneManVan.Web.csproj]
C:\Users\tech\source\repos\TradeFlow\OneManVan.Web\Components\Pages\Jobs\JobEdit.razor(248,27): error CS1061: 'Job' does not contain a definition for 'ScheduledStartTime' and no accessible extension method 'ScheduledStartTime' accepting a first argument of type 'Job' could be found (are you missing a using directive or an assembly reference?) [C:\Users\tech\source\repos\TradeFlow\OneManVan.Web\OneManVan.Web.csproj]
C:\Users\tech\source\repos\TradeFlow\OneManVan.Web\Components\Pages\Jobs\JobEdit.razor(250,45): error CS1061: 'Job' does not contain a definition for 'ScheduledStartTime' and no accessible extension method 'ScheduledStartTime' accepting a first argument of type 'Job' could be found (are you missing a using directive or an assembly reference?) [C:\Users\tech\source\repos\TradeFlow\OneManVan.Web\OneManVan.Web.csproj]
C:\Users\tech\source\repos\TradeFlow\OneManVan.Web\Components\Pages\Jobs\JobEdit.razor(252,27): error CS1061: 'Job' does not contain a definition for 'ScheduledEndTime' and no accessible extension method 'ScheduledEndTime' accepting a first argument of type 'Job' could be found (are you missing a using directive or an assembly reference?) [C:\Users\tech\source\repos\TradeFlow\OneManVan.Web\OneManVan.Web.csproj]
C:\Users\tech\source\repos\TradeFlow\OneManVan.Web\Components\Pages\Jobs\JobEdit.razor(254,43): error CS1061: 'Job' does not contain a definition for 'ScheduledEndTime' and no accessible extension method 'ScheduledEndTime' accepting a first argument of type 'Job' could be found (are you missing a using directive or an assembly reference?) [C:\Users\tech\source\repos\TradeFlow\OneManVan.Web\OneManVan.Web.csproj]
C:\Users\tech\source\repos\TradeFlow\OneManVan.Web\Components\Pages\Inventory\InventoryDetail.razor(350,72): error CS1061: 'InventoryItem' does not contain a definition for 'Quantity' and no accessible extension method 'Quantity' accepting a first argument of type 'InventoryItem' could be found (are you missing a using directive or an assembly reference?) [C:\Users\tech\source\repos\TradeFlow\OneManVan.Web\OneManVan.Web.csproj]
C:\Users\tech\source\repos\TradeFlow\OneManVan.Web\Components\Pages\Inventory\InventoryDetail.razor(351,27): error CS1061: 'InventoryItem' does not contain a definition for 'Quantity' and no accessible extension method 'Quantity' accepting a first argument of type 'InventoryItem' could be found (are you missing a using directive or an assembly reference?) [C:\Users\tech\source\repos\TradeFlow\OneManVan.Web\OneManVan.Web.csproj]
C:\Users\tech\source\repos\TradeFlow\OneManVan.Web\Components\Pages\Inventory\InventoryDetail.razor(356,27): error CS1061: 'InventoryItem' does not contain a definition for 'Quantity' and no accessible extension method 'Quantity' accepting a first argument of type 'InventoryItem' could be found (are you missing a using directive or an assembly reference?) [C:\Users\tech\source\repos\TradeFlow\OneManVan.Web\OneManVan.Web.csproj]
C:\Users\tech\source\repos\TradeFlow\OneManVan.Web\Components\Pages\Inventory\InventoryDetail.razor(356,39): warning CS8602: Dereference of a possibly null reference. [C:\Users\tech\source\repos\TradeFlow\OneManVan.Web\OneManVan.Web.csproj]
C:\Users\tech\source\repos\TradeFlow\OneManVan.Web\Components\Pages\Inventory\InventoryDetail.razor(361,27): error CS1061: 'InventoryItem' does not contain a definition for 'Quantity' and no accessible extension method 'Quantity' accepting a first argument of type 'InventoryItem' could be found (are you missing a using directive or an assembly reference?) [C:\Users\tech\source\repos\TradeFlow\OneManVan.Web\OneManVan.Web.csproj]
C:\Users\tech\source\repos\TradeFlow\OneManVan.Web\Components\Pages\Inventory\InventoryDetail.razor(361,49): error CS1061: 'InventoryItem' does not contain a definition for 'Product' and no accessible extension method 'Product' accepting a first argument of type 'InventoryItem' could be found (are you missing a using directive or an assembly reference?) [C:\Users\tech\source\repos\TradeFlow\OneManVan.Web\OneManVan.Web.csproj]
C:\Users\tech\source\repos\TradeFlow\OneManVan.Web\Components\Pages\Inventory\InventoryList.razor(274,20): error CS1061: 'InventoryItem' does not contain a definition for 'Product' and no accessible extension method 'Product' accepting a first argument of type 'InventoryItem' could be found (are you missing a using directive or an assembly reference?) [C:\Users\tech\source\repos\TradeFlow\OneManVan.Web\OneManVan.Web.csproj]
C:\Users\tech\source\repos\TradeFlow\OneManVan.Web\Components\Pages\Inventory\InventoryList.razor(275,20): error CS1061: 'InventoryItem' does not contain a definition for 'Product' and no accessible extension method 'Product' accepting a first argument of type 'InventoryItem' could be found (are you missing a using directive or an assembly reference?) [C:\Users\tech\source\repos\TradeFlow\OneManVan.Web\OneManVan.Web.csproj]
C:\Users\tech\source\repos\TradeFlow\OneManVan.Web\Components\Pages\Inventory\InventoryList.razor(290,45): error CS1061: 'InventoryItem' does not contain a definition for 'Quantity' and no accessible extension method 'Quantity' accepting a first argument of type 'InventoryItem' could be found (are you missing a using directive or an assembly reference?) [C:\Users\tech\source\repos\TradeFlow\OneManVan.Web\OneManVan.Web.csproj]
C:\Users\tech\source\repos\TradeFlow\OneManVan.Web\Components\Pages\Inventory\InventoryList.razor(290,77): error CS1061: 'InventoryItem' does not contain a definition for 'Quantity' and no accessible extension method 'Quantity' accepting a first argument of type 'InventoryItem' could be found (are you missing a using directive or an assembly reference?) [C:\Users\tech\source\repos\TradeFlow\OneManVan.Web\OneManVan.Web.csproj]
C:\Users\tech\source\repos\TradeFlow\OneManVan.Web\Components\Pages\Inventory\InventoryList.razor(291,45): error CS1061: 'InventoryItem' does not contain a definition for 'Quantity' and no accessible extension method 'Quantity' accepting a first argument of type 'InventoryItem' could be found (are you missing a using directive or an assembly reference?) [C:\Users\tech\source\repos\TradeFlow\OneManVan.Web\OneManVan.Web.csproj]
C:\Users\tech\source\repos\TradeFlow\OneManVan.Web\Components\Pages\Inventory\InventoryList.razor(292,48): error CS1061: 'InventoryItem' does not contain a definition for 'Quantity' and no accessible extension method 'Quantity' accepting a first argument of type 'InventoryItem' could be found (are you missing a using directive or an assembly reference?) [C:\Users\tech\source\repos\TradeFlow\OneManVan.Web\OneManVan.Web.csproj]
C:\Users\tech\source\repos\TradeFlow\OneManVan.Web\Components\Pages\Inventory\InventoryList.razor(301,40): error CS1061: 'InventoryItem' does not contain a definition for 'Product' and no accessible extension method 'Product' accepting a first argument of type 'InventoryItem' could be found (are you missing a using directive or an assembly reference?) [C:\Users\tech\source\repos\TradeFlow\OneManVan.Web\OneManVan.Web.csproj]
C:\Users\tech\source\repos\TradeFlow\OneManVan.Web\Components\Pages\Inventory\InventoryList.razor(302,50): error CS1061: 'InventoryItem' does not contain a definition for 'Product' and no accessible extension method 'Product' accepting a first argument of type 'InventoryItem' could be found (are you missing a using directive or an assembly reference?) [C:\Users\tech\source\repos\TradeFlow\OneManVan.Web\OneManVan.Web.csproj]
C:\Users\tech\source\repos\TradeFlow\OneManVan.Web\Components\Pages\Inventory\InventoryList.razor(304,40): error CS1061: 'InventoryItem' does not contain a definition for 'Quantity' and no accessible extension method 'Quantity' accepting a first argument of type 'InventoryItem' could be found (are you missing a using directive or an assembly reference?) [C:\Users\tech\source\repos\TradeFlow\OneManVan.Web\OneManVan.Web.csproj]
C:\Users\tech\source\repos\TradeFlow\OneManVan.Web\Components\Pages\Inventory\InventoryList.razor(305,50): error CS1061: 'InventoryItem' does not contain a definition for 'Quantity' and no accessible extension method 'Quantity' accepting a first argument of type 'InventoryItem' could be found (are you missing a using directive or an assembly reference?) [C:\Users\tech\source\repos\TradeFlow\OneManVan.Web\OneManVan.Web.csproj]
C:\Users\tech\source\repos\TradeFlow\OneManVan.Web\Components\Pages\Inventory\InventoryList.razor(306,39): error CS1061: 'InventoryItem' does not contain a definition for 'Product' and no accessible extension method 'Product' accepting a first argument of type 'InventoryItem' could be found (are you missing a using directive or an assembly reference?) [C:\Users\tech\source\repos\TradeFlow\OneManVan.Web\OneManVan.Web.csproj]
C:\Users\tech\source\repos\TradeFlow\OneManVan.Web\Components\Pages\Inventory\InventoryDetail.razor(381,23): error CS1061: 'InventoryItem' does not contain a definition for 'ProductId' and no accessible extension method 'ProductId' accepting a first argument of type 'InventoryItem' could be found (are you missing a using directive or an assembly reference?) [C:\Users\tech\source\repos\TradeFlow\OneManVan.Web\OneManVan.Web.csproj]
C:\Users\tech\source\repos\TradeFlow\OneManVan.Web\Components\Pages\Inventory\InventoryDetail.razor(383,58): error CS1061: 'InventoryItem' does not contain a definition for 'ProductId' and no accessible extension method 'ProductId' accepting a first argument of type 'InventoryItem' could be found (are you missing a using directive or an assembly reference?) [C:\Users\tech\source\repos\TradeFlow\OneManVan.Web\OneManVan.Web.csproj]
C:\Users\tech\source\repos\TradeFlow\OneManVan.Web\Components\Pages\Inventory\InventoryList.razor(359,18): error CS1061: 'InventoryItem' does not contain a definition for 'Quantity' and no accessible extension method 'Quantity' accepting a first argument of type 'InventoryItem' could be found (are you missing a using directive or an assembly reference?) [C:\Users\tech\source\repos\TradeFlow\OneManVan.Web\OneManVan.Web.csproj]
C:\Users\tech\source\repos\TradeFlow\OneManVan.Web\Components\Pages\Inventory\InventoryList.razor(361,18): error CS1061: 'InventoryItem' does not contain a definition for 'Quantity' and no accessible extension method 'Quantity' accepting a first argument of type 'InventoryItem' could be found (are you missing a using directive or an assembly reference?) [C:\Users\tech\source\repos\TradeFlow\OneManVan.Web\OneManVan.Web.csproj]
C:\Users\tech\source\repos\TradeFlow\OneManVan.Web\Components\Pages\Jobs\JobEdit.razor(285,23): error CS1061: 'Job' does not contain a definition for 'ScheduledStartTime' and no accessible extension method 'ScheduledStartTime' accepting a first argument of type 'Job' could be found (are you missing a using directive or an assembly reference?) [C:\Users\tech\source\repos\TradeFlow\OneManVan.Web\OneManVan.Web.csproj]
C:\Users\tech\source\repos\TradeFlow\OneManVan.Web\Components\Pages\Jobs\JobEdit.razor(289,23): error CS1061: 'Job' does not contain a definition for 'ScheduledEndTime' and no accessible extension method 'ScheduledEndTime' accepting a first argument of type 'Job' could be found (are you missing a using directive or an assembly reference?) [C:\Users\tech\source\repos\TradeFlow\OneManVan.Web\OneManVan.Web.csproj]
C:\Users\tech\source\repos\TradeFlow\OneManVan.Web\Components\Pages\Jobs\JobEdit.razor(317,23): error CS1061: 'Job' does not contain a definition for 'ModifiedAt' and no accessible extension method 'ModifiedAt' accepting a first argument of type 'Job' could be found (are you missing a using directive or an assembly reference?) [C:\Users\tech\source\repos\TradeFlow\OneManVan.Web\OneManVan.Web.csproj]
C:\Users\tech\source\repos\TradeFlow\OneManVan.Web\Components\Pages\Inventory\InventoryList.razor(368,18): error CS1061: 'InventoryItem' does not contain a definition for 'Quantity' and no accessible extension method 'Quantity' accepting a first argument of type 'InventoryItem' could be found (are you missing a using directive or an assembly reference?) [C:\Users\tech\source\repos\TradeFlow\OneManVan.Web\OneManVan.Web.csproj]
C:\Users\tech\source\repos\TradeFlow\OneManVan.Web\Components\Pages\Inventory\InventoryList.razor(370,18): error CS1061: 'InventoryItem' does not contain a definition for 'Quantity' and no accessible extension method 'Quantity' accepting a first argument of type 'InventoryItem' could be found (are you missing a using directive or an assembly reference?) [C:\Users\tech\source\repos\TradeFlow\OneManVan.Web\OneManVan.Web.csproj]
C:\Users\tech\source\repos\TradeFlow\OneManVan.Web\Components\Pages\Inventory\InventoryList.razor(377,18): error CS1061: 'InventoryItem' does not contain a definition for 'Quantity' and no accessible extension method 'Quantity' accepting a first argument of type 'InventoryItem' could be found (are you missing a using directive or an assembly reference?) [C:\Users\tech\source\repos\TradeFlow\OneManVan.Web\OneManVan.Web.csproj]
C:\Users\tech\source\repos\TradeFlow\OneManVan.Web\Components\Pages\Inventory\InventoryList.razor(379,18): error CS1061: 'InventoryItem' does not contain a definition for 'Quantity' and no accessible extension method 'Quantity' accepting a first argument of type 'InventoryItem' could be found (are you missing a using directive or an assembly reference?) [C:\Users\tech\source\repos\TradeFlow\OneManVan.Web\OneManVan.Web.csproj]
C:\Users\tech\source\repos\TradeFlow\OneManVan.Web\Components\Pages\Products\ProductDetail.razor(9,22): error CS1061: 'Product' does not contain a definition for 'Name' and no accessible extension method 'Name' accepting a first argument of type 'Product' could be found (are you missing a using directive or an assembly reference?) [C:\Users\tech\source\repos\TradeFlow\OneManVan.Web\OneManVan.Web.csproj]
C:\Users\tech\source\repos\TradeFlow\OneManVan.Web\Components\Pages\Products\ProductDetail.razor(49,56): error CS1503: Argument 1: cannot convert from 'OneManVan.Shared.Models.Enums.ProductCategory' to 'string?' [C:\Users\tech\source\repos\TradeFlow\OneManVan.Web\OneManVan.Web.csproj]
C:\Users\tech\source\repos\TradeFlow\OneManVan.Web\Components\Pages\Products\ProductDetail.razor(90,83): error CS1501: No overload for method 'ToString' takes 1 arguments [C:\Users\tech\source\repos\TradeFlow\OneManVan.Web\OneManVan.Web.csproj]
C:\Users\tech\source\repos\TradeFlow\OneManVan.Web\Components\Pages\Products\ProductDetail.razor(94,48): error CS1061: 'Product' does not contain a definition for 'Cost' and no accessible extension method 'Cost' accepting a first argument of type 'Product' could be found (are you missing a using directive or an assembly reference?) [C:\Users\tech\source\repos\TradeFlow\OneManVan.Web\OneManVan.Web.csproj]
C:\Users\tech\source\repos\TradeFlow\OneManVan.Web\Components\Pages\Products\ProductDetail.razor(143,86): error CS1061: 'Asset' does not contain a definition for 'SerialNumber' and no accessible extension method 'SerialNumber' accepting a first argument of type 'Asset' could be found (are you missing a using directive or an assembly reference?) [C:\Users\tech\source\repos\TradeFlow\OneManVan.Web\OneManVan.Web.csproj]
C:\Users\tech\source\repos\TradeFlow\OneManVan.Web\Components\Pages\Products\ProductDetail.razor(145,92): error CS1061: 'Asset' does not contain a definition for 'SerialNumber' and no accessible extension method 'SerialNumber' accepting a first argument of type 'Asset' could be found (are you missing a using directive or an assembly reference?) [C:\Users\tech\source\repos\TradeFlow\OneManVan.Web\OneManVan.Web.csproj]
C:\Users\tech\source\repos\TradeFlow\OneManVan.Web\Components\Pages\Products\ProductDetail.razor(213,38): error CS1061: 'Product' does not contain a definition for 'WarrantyMonths' and no accessible extension method 'WarrantyMonths' accepting a first argument of type 'Product' could be found (are you missing a using directive or an assembly reference?) [C:\Users\tech\source\repos\TradeFlow\OneManVan.Web\OneManVan.Web.csproj]
C:\Users\tech\source\repos\TradeFlow\OneManVan.Web\Components\Pages\Products\ProductDetail.razor(217,48): error CS1061: 'Product' does not contain a definition for 'WarrantyMonths' and no accessible extension method 'WarrantyMonths' accepting a first argument of type 'Product' could be found (are you missing a using directive or an assembly reference?) [C:\Users\tech\source\repos\TradeFlow\OneManVan.Web\OneManVan.Web.csproj]
C:\Users\tech\source\repos\TradeFlow\OneManVan.Web\Components\Pages\Products\ProductDetail.razor(220,60): error CS1061: 'Product' does not contain a definition for 'ManufacturerWarrantyUrl' and no accessible extension method 'ManufacturerWarrantyUrl' accepting a first argument of type 'Product' could be found (are you missing a using directive or an assembly reference?) [C:\Users\tech\source\repos\TradeFlow\OneManVan.Web\OneManVan.Web.csproj]
C:\Users\tech\source\repos\TradeFlow\OneManVan.Web\Components\Pages\Products\ProductDetail.razor(224,51): error CS1061: 'Product' does not contain a definition for 'ManufacturerWarrantyUrl' and no accessible extension method 'ManufacturerWarrantyUrl' accepting a first argument of type 'Product' could be found (are you missing a using directive or an assembly reference?) [C:\Users\tech\source\repos\TradeFlow\OneManVan.Web\OneManVan.Web.csproj]
C:\Users\tech\source\repos\TradeFlow\OneManVan.Web\Components\Pages\Inventory\InventoryEdit.razor(49,67): error CS1061: 'InventoryItem' does not contain a definition for 'Quantity' and no accessible extension method 'Quantity' accepting a first argument of type 'InventoryItem' could be found (are you missing a using directive or an assembly reference?) [C:\Users\tech\source\repos\TradeFlow\OneManVan.Web\OneManVan.Web.csproj]
C:\Users\tech\source\repos\TradeFlow\OneManVan.Web\Components\Pages\Inventory\InventoryEdit.razor(106,82): error CS1061: 'InventoryItem' does not contain a definition for 'ProductId' and no accessible extension method 'ProductId' accepting a first argument of type 'InventoryItem' could be found (are you missing a using directive or an assembly reference?) [C:\Users\tech\source\repos\TradeFlow\OneManVan.Web\OneManVan.Web.csproj]
C:\Users\tech\source\repos\TradeFlow\OneManVan.Web\obj\Debug\net10.0\Microsoft.CodeAnalysis.Razor.Compiler\Microsoft.NET.Sdk.Razor.SourceGenerators.RazorSourceGenerator\Components_Pages_Inventory_InventoryEdit_razor.g.cs(529,183): error CS1061: 'InventoryItem' does not contain a definition for 'ProductId' and no accessible extension method 'ProductId' accepting a first argument of type 'InventoryItem' could be found (are you missing a using directive or an assembly reference?) [C:\Users\tech\source\repos\TradeFlow\OneManVan.Web\OneManVan.Web.csproj]
C:\Users\tech\source\repos\TradeFlow\OneManVan.Web\obj\Debug\net10.0\Microsoft.CodeAnalysis.Razor.Compiler\Microsoft.NET.Sdk.Razor.SourceGenerators.RazorSourceGenerator\Components_Pages_Inventory_InventoryEdit_razor.g.cs(529,156): error CS1061: 'InventoryItem' does not contain a definition for 'ProductId' and no accessible extension method 'ProductId' accepting a first argument of type 'InventoryItem' could be found (are you missing a using directive or an assembly reference?) [C:\Users\tech\source\repos\TradeFlow\OneManVan.Web\OneManVan.Web.csproj]
C:\Users\tech\source\repos\TradeFlow\OneManVan.Web\Components\Pages\Inventory\InventoryEdit.razor(110,86): error CS1061: 'Product' does not contain a definition for 'Name' and no accessible extension method 'Name' accepting a first argument of type 'Product' could be found (are you missing a using directive or an assembly reference?) [C:\Users\tech\source\repos\TradeFlow\OneManVan.Web\OneManVan.Web.csproj]
C:\Users\tech\source\repos\TradeFlow\OneManVan.Web\Components\Pages\Inventory\InventoryEdit.razor(110,101): error CS1061: 'Product' does not contain a definition for 'SKU' and no accessible extension method 'SKU' accepting a first argument of type 'Product' could be found (are you missing a using directive or an assembly reference?) [C:\Users\tech\source\repos\TradeFlow\OneManVan.Web\OneManVan.Web.csproj]
C:\Users\tech\source\repos\TradeFlow\OneManVan.Web\Components\Pages\Inventory\InventoryEdit.razor(136,94): error CS1061: 'InventoryItem' does not contain a definition for 'Quantity' and no accessible extension method 'Quantity' accepting a first argument of type 'InventoryItem' could be found (are you missing a using directive or an assembly reference?) [C:\Users\tech\source\repos\TradeFlow\OneManVan.Web\OneManVan.Web.csproj]
C:\Users\tech\source\repos\TradeFlow\OneManVan.Web\obj\Debug\net10.0\Microsoft.CodeAnalysis.Razor.Compiler\Microsoft.NET.Sdk.Razor.SourceGenerators.RazorSourceGenerator\Components_Pages_Inventory_InventoryEdit_razor.g.cs(674,248): error CS1061: 'InventoryItem' does not contain a definition for 'Quantity' and no accessible extension method 'Quantity' accepting a first argument of type 'InventoryItem' could be found (are you missing a using directive or an assembly reference?) [C:\Users\tech\source\repos\TradeFlow\OneManVan.Web\OneManVan.Web.csproj]
C:\Users\tech\source\repos\TradeFlow\OneManVan.Web\obj\Debug\net10.0\Microsoft.CodeAnalysis.Razor.Compiler\Microsoft.NET.Sdk.Razor.SourceGenerators.RazorSourceGenerator\Components_Pages_Inventory_InventoryEdit_razor.g.cs(674,222): error CS1061: 'InventoryItem' does not contain a definition for 'Quantity' and no accessible extension method 'Quantity' accepting a first argument of type 'InventoryItem' could be found (are you missing a using directive or an assembly reference?) [C:\Users\tech\source\repos\TradeFlow\OneManVan.Web\OneManVan.Web.csproj]
C:\Users\tech\source\repos\TradeFlow\OneManVan.Web\obj\Debug\net10.0\Microsoft.CodeAnalysis.Razor.Compiler\Microsoft.NET.Sdk.Razor.SourceGenerators.RazorSourceGenerator\Components_Pages_Inventory_InventoryEdit_razor.g.cs(674,277): error CS1061: 'InventoryItem' does not contain a definition for 'Quantity' and no accessible extension method 'Quantity' accepting a first argument of type 'InventoryItem' could be found (are you missing a using directive or an assembly reference?) [C:\Users\tech\source\repos\TradeFlow\OneManVan.Web\OneManVan.Web.csproj]
C:\Users\tech\source\repos\TradeFlow\OneManVan.Web\Components\Pages\Inventory\InventoryEdit.razor(145,94): error CS1061: 'InventoryItem' does not contain a definition for 'ReorderQuantity' and no accessible extension method 'ReorderQuantity' accepting a first argument of type 'InventoryItem' could be found (are you missing a using directive or an assembly reference?) [C:\Users\tech\source\repos\TradeFlow\OneManVan.Web\OneManVan.Web.csproj]
C:\Users\tech\source\repos\TradeFlow\OneManVan.Web\obj\Debug\net10.0\Microsoft.CodeAnalysis.Razor.Compiler\Microsoft.NET.Sdk.Razor.SourceGenerators.RazorSourceGenerator\Components_Pages_Inventory_InventoryEdit_razor.g.cs(704,255): error CS1061: 'InventoryItem' does not contain a definition for 'ReorderQuantity' and no accessible extension method 'ReorderQuantity' accepting a first argument of type 'InventoryItem' could be found (are you missing a using directive or an assembly reference?) [C:\Users\tech\source\repos\TradeFlow\OneManVan.Web\OneManVan.Web.csproj]
C:\Users\tech\source\repos\TradeFlow\OneManVan.Web\obj\Debug\net10.0\Microsoft.CodeAnalysis.Razor.Compiler\Microsoft.NET.Sdk.Razor.SourceGenerators.RazorSourceGenerator\Components_Pages_Inventory_InventoryEdit_razor.g.cs(704,222): error CS1061: 'InventoryItem' does not contain a definition for 'ReorderQuantity' and no accessible extension method 'ReorderQuantity' accepting a first argument of type 'InventoryItem' could be found (are you missing a using directive or an assembly reference?) [C:\Users\tech\source\repos\TradeFlow\OneManVan.Web\OneManVan.Web.csproj]
C:\Users\tech\source\repos\TradeFlow\OneManVan.Web\obj\Debug\net10.0\Microsoft.CodeAnalysis.Razor.Compiler\Microsoft.NET.Sdk.Razor.SourceGenerators.RazorSourceGenerator\Components_Pages_Inventory_InventoryEdit_razor.g.cs(704,291): error CS1061: 'InventoryItem' does not contain a definition for 'ReorderQuantity' and no accessible extension method 'ReorderQuantity' accepting a first argument of type 'InventoryItem' could be found (are you missing a using directive or an assembly reference?) [C:\Users\tech\source\repos\TradeFlow\OneManVan.Web\OneManVan.Web.csproj]
C:\Users\tech\source\repos\TradeFlow\OneManVan.Web\Components\Pages\Inventory\InventoryEdit.razor(158,97): error CS1061: 'InventoryItem' does not contain a definition for 'Notes' and no accessible extension method 'Notes' accepting a first argument of type 'InventoryItem' could be found (are you missing a using directive or an assembly reference?) [C:\Users\tech\source\repos\TradeFlow\OneManVan.Web\OneManVan.Web.csproj]
C:\Users\tech\source\repos\TradeFlow\OneManVan.Web\obj\Debug\net10.0\Microsoft.CodeAnalysis.Razor.Compiler\Microsoft.NET.Sdk.Razor.SourceGenerators.RazorSourceGenerator\Components_Pages_Inventory_InventoryEdit_razor.g.cs(745,541): error CS1061: 'InventoryItem' does not contain a definition for 'Notes' and no accessible extension method 'Notes' accepting a first argument of type 'InventoryItem' could be found (are you missing a using directive or an assembly reference?) [C:\Users\tech\source\repos\TradeFlow\OneManVan.Web\OneManVan.Web.csproj]
C:\Users\tech\source\repos\TradeFlow\OneManVan.Web\obj\Debug\net10.0\Microsoft.CodeAnalysis.Razor.Compiler\Microsoft.NET.Sdk.Razor.SourceGenerators.RazorSourceGenerator\Components_Pages_Inventory_InventoryEdit_razor.g.cs(745,518): error CS1061: 'InventoryItem' does not contain a definition for 'Notes' and no accessible extension method 'Notes' accepting a first argument of type 'InventoryItem' could be found (are you missing a using directive or an assembly reference?) [C:\Users\tech\source\repos\TradeFlow\OneManVan.Web\OneManVan.Web.csproj]
C:\Users\tech\source\repos\TradeFlow\OneManVan.Web\obj\Debug\net10.0\Microsoft.CodeAnalysis.Razor.Compiler\Microsoft.NET.Sdk.Razor.SourceGenerators.RazorSourceGenerator\Components_Pages_Inventory_InventoryEdit_razor.g.cs(746,322): error CS1061: 'InventoryItem' does not contain a definition for 'Notes' and no accessible extension method 'Notes' accepting a first argument of type 'InventoryItem' could be found (are you missing a using directive or an assembly reference?) [C:\Users\tech\source\repos\TradeFlow\OneManVan.Web\OneManVan.Web.csproj]
C:\Users\tech\source\repos\TradeFlow\OneManVan.Web\obj\Debug\net10.0\Microsoft.CodeAnalysis.Razor.Compiler\Microsoft.NET.Sdk.Razor.SourceGenerators.RazorSourceGenerator\Components_Pages_Inventory_InventoryEdit_razor.g.cs(278,185): error CS1662: Cannot convert lambda expression to intended delegate type because some of the return types in the block are not implicitly convertible to the delegate return type [C:\Users\tech\source\repos\TradeFlow\OneManVan.Web\OneManVan.Web.csproj]
C:\Users\tech\source\repos\TradeFlow\OneManVan.Web\Components\Pages\Products\ProductDetail.razor(288,22): error CS1061: 'DbSet<Product>' does not contain a definition for 'ThenInclude' and no accessible extension method 'ThenInclude' accepting a first argument of type 'DbSet<Product>' could be found (are you missing a using directive or an assembly reference?) [C:\Users\tech\source\repos\TradeFlow\OneManVan.Web\OneManVan.Web.csproj]
C:\Users\tech\source\repos\TradeFlow\OneManVan.Web\Components\Pages\Products\ProductDetail.razor(290,45): error CS1061: 'TEntity' does not contain a definition for 'Id' and no accessible extension method 'Id' accepting a first argument of type 'TEntity' could be found (are you missing a using directive or an assembly reference?) [C:\Users\tech\source\repos\TradeFlow\OneManVan.Web\OneManVan.Web.csproj]
C:\Users\tech\source\repos\TradeFlow\OneManVan.Web\Components\Pages\Products\ProductDetail.razor(294,66): error CS1061: 'Asset' does not contain a definition for 'IsRegistered' and no accessible extension method 'IsRegistered' accepting a first argument of type 'Asset' could be found (are you missing a using directive or an assembly reference?) [C:\Users\tech\source\repos\TradeFlow\OneManVan.Web\OneManVan.Web.csproj]
C:\Users\tech\source\repos\TradeFlow\OneManVan.Web\Components\Pages\Products\ProductDetail.razor(295,69): error CS1061: 'Asset' does not contain a definition for 'IsRegistered' and no accessible extension method 'IsRegistered' accepting a first argument of type 'Asset' could be found (are you missing a using directive or an assembly reference?) [C:\Users\tech\source\repos\TradeFlow\OneManVan.Web\OneManVan.Web.csproj]
C:\Users\tech\source\repos\TradeFlow\OneManVan.Web\Components\Pages\Inventory\InventoryEdit.razor(235,23): error CS1061: 'InventoryItem' does not contain a definition for 'ProductId' and no accessible extension method 'ProductId' accepting a first argument of type 'InventoryItem' could be found (are you missing a using directive or an assembly reference?) [C:\Users\tech\source\repos\TradeFlow\OneManVan.Web\OneManVan.Web.csproj]
C:\Users\tech\source\repos\TradeFlow\OneManVan.Web\Components\Pages\Inventory\InventoryEdit.razor(240,17): error CS0117: 'InventoryItem' does not contain a definition for 'Quantity' [C:\Users\tech\source\repos\TradeFlow\OneManVan.Web\OneManVan.Web.csproj]
C:\Users\tech\source\repos\TradeFlow\OneManVan.Web\Components\Pages\Inventory\InventoryEdit.razor(242,17): error CS0117: 'InventoryItem' does not contain a definition for 'ReorderQuantity' [C:\Users\tech\source\repos\TradeFlow\OneManVan.Web\OneManVan.Web.csproj]
C:\Users\tech\source\repos\TradeFlow\OneManVan.Web\Components\Pages\Invoices\InvoiceEdit.razor(160,77): error CS1061: 'Invoice' does not contain a definition for 'TaxAmountAmount' and no accessible extension method 'TaxAmountAmount' accepting a first argument of type 'Invoice' could be found (are you missing a using directive or an assembly reference?) [C:\Users\tech\source\repos\TradeFlow\OneManVan.Web\OneManVan.Web.csproj]
C:\Users\tech\source\repos\TradeFlow\OneManVan.Web\obj\Debug\net10.0\Microsoft.CodeAnalysis.Razor.Compiler\Microsoft.NET.Sdk.Razor.SourceGenerators.RazorSourceGenerator\Components_Pages_Invoices_InvoiceEdit_razor.g.cs(268,185): error CS1662: Cannot convert lambda expression to intended delegate type because some of the return types in the block are not implicitly convertible to the delegate return type [C:\Users\tech\source\repos\TradeFlow\OneManVan.Web\OneManVan.Web.csproj]
C:\Users\tech\source\repos\TradeFlow\OneManVan.Web\Components\Pages\Invoices\InvoiceEdit.razor(260,17): error CS0117: 'Invoice' does not contain a definition for 'Balance' [C:\Users\tech\source\repos\TradeFlow\OneManVan.Web\OneManVan.Web.csproj]
C:\Users\tech\source\repos\TradeFlow\OneManVan.Web\Components\Pages\Inventory\InventoryEdit.razor(259,33): error CS1061: 'Product' does not contain a definition for 'Name' and no accessible extension method 'Name' accepting a first argument of type 'Product' could be found (are you missing a using directive or an assembly reference?) [C:\Users\tech\source\repos\TradeFlow\OneManVan.Web\OneManVan.Web.csproj]
C:\Users\tech\source\repos\TradeFlow\OneManVan.Web\Components\Pages\Inventory\InventoryEdit.razor(275,38): error CS1061: 'OneManVanDbContext' does not contain a definition for 'Inventory' and no accessible extension method 'Inventory' accepting a first argument of type 'OneManVanDbContext' could be found (are you missing a using directive or an assembly reference?) [C:\Users\tech\source\repos\TradeFlow\OneManVan.Web\OneManVan.Web.csproj]
C:\Users\tech\source\repos\TradeFlow\OneManVan.Web\Components\Pages\Inventory\InventoryEdit.razor(300,23): error CS1061: 'InventoryItem' does not contain a definition for 'ProductId' and no accessible extension method 'ProductId' accepting a first argument of type 'InventoryItem' could be found (are you missing a using directive or an assembly reference?) [C:\Users\tech\source\repos\TradeFlow\OneManVan.Web\OneManVan.Web.csproj]
C:\Users\tech\source\repos\TradeFlow\OneManVan.Web\Components\Pages\Inventory\InventoryEdit.razor(321,23): error CS1061: 'InventoryItem' does not contain a definition for 'Quantity' and no accessible extension method 'Quantity' accepting a first argument of type 'InventoryItem' could be found (are you missing a using directive or an assembly reference?) [C:\Users\tech\source\repos\TradeFlow\OneManVan.Web\OneManVan.Web.csproj]
C:\Users\tech\source\repos\TradeFlow\OneManVan.Web\Components\Pages\Inventory\InventoryEdit.razor(322,23): error CS1061: 'InventoryItem' does not contain a definition for 'LastUpdatedBy' and no accessible extension method 'LastUpdatedBy' accepting a first argument of type 'InventoryItem' could be found (are you missing a using directive or an assembly reference?) [C:\Users\tech\source\repos\TradeFlow\OneManVan.Web\OneManVan.Web.csproj]
C:\Users\tech\source\repos\TradeFlow\OneManVan.Web\Components\Pages\Inventory\InventoryEdit.razor(330,23): error CS1061: 'InventoryItem' does not contain a definition for 'LastStockUpdate' and no accessible extension method 'LastStockUpdate' accepting a first argument of type 'InventoryItem' could be found (are you missing a using directive or an assembly reference?) [C:\Users\tech\source\repos\TradeFlow\OneManVan.Web\OneManVan.Web.csproj]
C:\Users\tech\source\repos\TradeFlow\OneManVan.Web\Components\Pages\Inventory\InventoryEdit.razor(331,20): error CS1061: 'OneManVanDbContext' does not contain a definition for 'Inventory' and no accessible extension method 'Inventory' accepting a first argument of type 'OneManVanDbContext' could be found (are you missing a using directive or an assembly reference?) [C:\Users\tech\source\repos\TradeFlow\OneManVan.Web\OneManVan.Web.csproj]
C:\Users\tech\source\repos\TradeFlow\OneManVan.Web\Components\Pages\Inventory\InventoryEdit.razor(335,23): error CS1061: 'InventoryItem' does not contain a definition for 'ModifiedAt' and no accessible extension method 'ModifiedAt' accepting a first argument of type 'InventoryItem' could be found (are you missing a using directive or an assembly reference?) [C:\Users\tech\source\repos\TradeFlow\OneManVan.Web\OneManVan.Web.csproj]
C:\Users\tech\source\repos\TradeFlow\OneManVan.Web\Components\Pages\Inventory\InventoryEdit.razor(336,23): error CS1061: 'InventoryItem' does not contain a definition for 'LastStockUpdate' and no accessible extension method 'LastStockUpdate' accepting a first argument of type 'InventoryItem' could be found (are you missing a using directive or an assembly reference?) [C:\Users\tech\source\repos\TradeFlow\OneManVan.Web\OneManVan.Web.csproj]
C:\Users\tech\source\repos\TradeFlow\OneManVan.Web\Components\Pages\Inventory\InventoryEdit.razor(337,20): error CS1061: 'OneManVanDbContext' does not contain a definition for 'Inventory' and no accessible extension method 'Inventory' accepting a first argument of type 'OneManVanDbContext' could be found (are you missing a using directive or an assembly reference?) [C:\Users\tech\source\repos\TradeFlow\OneManVan.Web\OneManVan.Web.csproj]
C:\Users\tech\source\repos\TradeFlow\OneManVan.Web\Components\Pages\Invoices\InvoiceEdit.razor(344,9): error CS0200: Property or indexer 'Invoice.BalanceDue' cannot be assigned to -- it is read only [C:\Users\tech\source\repos\TradeFlow\OneManVan.Web\OneManVan.Web.csproj]
C:\Users\tech\source\repos\TradeFlow\OneManVan.Web\Components\Pages\Inventory\InventoryEdit.razor(365,16): error CS1061: 'OneManVanDbContext' does not contain a definition for 'Inventory' and no accessible extension method 'Inventory' accepting a first argument of type 'OneManVanDbContext' could be found (are you missing a using directive or an assembly reference?) [C:\Users\tech\source\repos\TradeFlow\OneManVan.Web\OneManVan.Web.csproj]
C:\Users\tech\source\repos\TradeFlow\OneManVan.Web\Components\Pages\Products\ProductEdit.razor(24,76): error CS1061: 'Product' does not contain a definition for 'Name' and no accessible extension method 'Name' accepting a first argument of type 'Product' could be found (are you missing a using directive or an assembly reference?) [C:\Users\tech\source\repos\TradeFlow\OneManVan.Web\OneManVan.Web.csproj]
C:\Users\tech\source\repos\TradeFlow\OneManVan.Web\Components\Pages\Products\ProductEdit.razor(47,88): error CS1061: 'Product' does not contain a definition for 'Name' and no accessible extension method 'Name' accepting a first argument of type 'Product' could be found (are you missing a using directive or an assembly reference?) [C:\Users\tech\source\repos\TradeFlow\OneManVan.Web\OneManVan.Web.csproj]
C:\Users\tech\source\repos\TradeFlow\OneManVan.Web\obj\Debug\net10.0\Microsoft.CodeAnalysis.Razor.Compiler\Microsoft.NET.Sdk.Razor.SourceGenerators.RazorSourceGenerator\Components_Pages_Products_ProductEdit_razor.g.cs(301,535): error CS1061: 'Product' does not contain a definition for 'Name' and no accessible extension method 'Name' accepting a first argument of type 'Product' could be found (are you missing a using directive or an assembly reference?) [C:\Users\tech\source\repos\TradeFlow\OneManVan.Web\OneManVan.Web.csproj]
C:\Users\tech\source\repos\TradeFlow\OneManVan.Web\obj\Debug\net10.0\Microsoft.CodeAnalysis.Razor.Compiler\Microsoft.NET.Sdk.Razor.SourceGenerators.RazorSourceGenerator\Components_Pages_Products_ProductEdit_razor.g.cs(301,513): error CS1061: 'Product' does not contain a definition for 'Name' and no accessible extension method 'Name' accepting a first argument of type 'Product' could be found (are you missing a using directive or an assembly reference?) [C:\Users\tech\source\repos\TradeFlow\OneManVan.Web\OneManVan.Web.csproj]
C:\Users\tech\source\repos\TradeFlow\OneManVan.Web\obj\Debug\net10.0\Microsoft.CodeAnalysis.Razor.Compiler\Microsoft.NET.Sdk.Razor.SourceGenerators.RazorSourceGenerator\Components_Pages_Products_ProductEdit_razor.g.cs(302,317): error CS1061: 'Product' does not contain a definition for 'Name' and no accessible extension method 'Name' accepting a first argument of type 'Product' could be found (are you missing a using directive or an assembly reference?) [C:\Users\tech\source\repos\TradeFlow\OneManVan.Web\OneManVan.Web.csproj]
C:\Users\tech\source\repos\TradeFlow\OneManVan.Web\Components\Pages\Products\ProductEdit.razor(48,75): error CS1061: 'Product' does not contain a definition for 'Name' and no accessible extension method 'Name' accepting a first argument of type 'Product' could be found (are you missing a using directive or an assembly reference?) [C:\Users\tech\source\repos\TradeFlow\OneManVan.Web\OneManVan.Web.csproj]
C:\Users\tech\source\repos\TradeFlow\OneManVan.Web\Components\Pages\Products\ProductEdit.razor(52,88): error CS1061: 'Product' does not contain a definition for 'SKU' and no accessible extension method 'SKU' accepting a first argument of type 'Product' could be found (are you missing a using directive or an assembly reference?) [C:\Users\tech\source\repos\TradeFlow\OneManVan.Web\OneManVan.Web.csproj]
C:\Users\tech\source\repos\TradeFlow\OneManVan.Web\obj\Debug\net10.0\Microsoft.CodeAnalysis.Razor.Compiler\Microsoft.NET.Sdk.Razor.SourceGenerators.RazorSourceGenerator\Components_Pages_Products_ProductEdit_razor.g.cs(339,534): error CS1061: 'Product' does not contain a definition for 'SKU' and no accessible extension method 'SKU' accepting a first argument of type 'Product' could be found (are you missing a using directive or an assembly reference?) [C:\Users\tech\source\repos\TradeFlow\OneManVan.Web\OneManVan.Web.csproj]
C:\Users\tech\source\repos\TradeFlow\OneManVan.Web\obj\Debug\net10.0\Microsoft.CodeAnalysis.Razor.Compiler\Microsoft.NET.Sdk.Razor.SourceGenerators.RazorSourceGenerator\Components_Pages_Products_ProductEdit_razor.g.cs(339,513): error CS1061: 'Product' does not contain a definition for 'SKU' and no accessible extension method 'SKU' accepting a first argument of type 'Product' could be found (are you missing a using directive or an assembly reference?) [C:\Users\tech\source\repos\TradeFlow\OneManVan.Web\OneManVan.Web.csproj]
C:\Users\tech\source\repos\TradeFlow\OneManVan.Web\obj\Debug\net10.0\Microsoft.CodeAnalysis.Razor.Compiler\Microsoft.NET.Sdk.Razor.SourceGenerators.RazorSourceGenerator\Components_Pages_Products_ProductEdit_razor.g.cs(340,317): error CS1061: 'Product' does not contain a definition for 'SKU' and no accessible extension method 'SKU' accepting a first argument of type 'Product' could be found (are you missing a using directive or an assembly reference?) [C:\Users\tech\source\repos\TradeFlow\OneManVan.Web\OneManVan.Web.csproj]
C:\Users\tech\source\repos\TradeFlow\OneManVan.Web\Components\Pages\Products\ProductEdit.razor(87,88): error CS1061: 'Product' does not contain a definition for 'Model' and no accessible extension method 'Model' accepting a first argument of type 'Product' could be found (are you missing a using directive or an assembly reference?) [C:\Users\tech\source\repos\TradeFlow\OneManVan.Web\OneManVan.Web.csproj]
C:\Users\tech\source\repos\TradeFlow\OneManVan.Web\obj\Debug\net10.0\Microsoft.CodeAnalysis.Razor.Compiler\Microsoft.NET.Sdk.Razor.SourceGenerators.RazorSourceGenerator\Components_Pages_Products_ProductEdit_razor.g.cs(454,537): error CS1061: 'Product' does not contain a definition for 'Model' and no accessible extension method 'Model' accepting a first argument of type 'Product' could be found (are you missing a using directive or an assembly reference?) [C:\Users\tech\source\repos\TradeFlow\OneManVan.Web\OneManVan.Web.csproj]
C:\Users\tech\source\repos\TradeFlow\OneManVan.Web\obj\Debug\net10.0\Microsoft.CodeAnalysis.Razor.Compiler\Microsoft.NET.Sdk.Razor.SourceGenerators.RazorSourceGenerator\Components_Pages_Products_ProductEdit_razor.g.cs(454,514): error CS1061: 'Product' does not contain a definition for 'Model' and no accessible extension method 'Model' accepting a first argument of type 'Product' could be found (are you missing a using directive or an assembly reference?) [C:\Users\tech\source\repos\TradeFlow\OneManVan.Web\OneManVan.Web.csproj]
C:\Users\tech\source\repos\TradeFlow\OneManVan.Web\obj\Debug\net10.0\Microsoft.CodeAnalysis.Razor.Compiler\Microsoft.NET.Sdk.Razor.SourceGenerators.RazorSourceGenerator\Components_Pages_Products_ProductEdit_razor.g.cs(455,318): error CS1061: 'Product' does not contain a definition for 'Model' and no accessible extension method 'Model' accepting a first argument of type 'Product' could be found (are you missing a using directive or an assembly reference?) [C:\Users\tech\source\repos\TradeFlow\OneManVan.Web\OneManVan.Web.csproj]
C:\Users\tech\source\repos\TradeFlow\OneManVan.Web\Components\Pages\Products\ProductEdit.razor(104,94): error CS1061: 'Product' does not contain a definition for 'Price' and no accessible extension method 'Price' accepting a first argument of type 'Product' could be found (are you missing a using directive or an assembly reference?) [C:\Users\tech\source\repos\TradeFlow\OneManVan.Web\OneManVan.Web.csproj]
C:\Users\tech\source\repos\TradeFlow\OneManVan.Web\obj\Debug\net10.0\Microsoft.CodeAnalysis.Razor.Compiler\Microsoft.NET.Sdk.Razor.SourceGenerators.RazorSourceGenerator\Components_Pages_Products_ProductEdit_razor.g.cs(483,245): error CS1061: 'Product' does not contain a definition for 'Price' and no accessible extension method 'Price' accepting a first argument of type 'Product' could be found (are you missing a using directive or an assembly reference?) [C:\Users\tech\source\repos\TradeFlow\OneManVan.Web\OneManVan.Web.csproj]
C:\Users\tech\source\repos\TradeFlow\OneManVan.Web\obj\Debug\net10.0\Microsoft.CodeAnalysis.Razor.Compiler\Microsoft.NET.Sdk.Razor.SourceGenerators.RazorSourceGenerator\Components_Pages_Products_ProductEdit_razor.g.cs(483,222): error CS1061: 'Product' does not contain a definition for 'Price' and no accessible extension method 'Price' accepting a first argument of type 'Product' could be found (are you missing a using directive or an assembly reference?) [C:\Users\tech\source\repos\TradeFlow\OneManVan.Web\OneManVan.Web.csproj]
C:\Users\tech\source\repos\TradeFlow\OneManVan.Web\obj\Debug\net10.0\Microsoft.CodeAnalysis.Razor.Compiler\Microsoft.NET.Sdk.Razor.SourceGenerators.RazorSourceGenerator\Components_Pages_Products_ProductEdit_razor.g.cs(483,271): error CS1061: 'Product' does not contain a definition for 'Price' and no accessible extension method 'Price' accepting a first argument of type 'Product' could be found (are you missing a using directive or an assembly reference?) [C:\Users\tech\source\repos\TradeFlow\OneManVan.Web\OneManVan.Web.csproj]
C:\Users\tech\source\repos\TradeFlow\OneManVan.Web\Components\Pages\Products\ProductEdit.razor(106,75): error CS1061: 'Product' does not contain a definition for 'Price' and no accessible extension method 'Price' accepting a first argument of type 'Product' could be found (are you missing a using directive or an assembly reference?) [C:\Users\tech\source\repos\TradeFlow\OneManVan.Web\OneManVan.Web.csproj]
C:\Users\tech\source\repos\TradeFlow\OneManVan.Web\Components\Pages\Products\ProductEdit.razor(112,94): error CS1061: 'Product' does not contain a definition for 'Cost' and no accessible extension method 'Cost' accepting a first argument of type 'Product' could be found (are you missing a using directive or an assembly reference?) [C:\Users\tech\source\repos\TradeFlow\OneManVan.Web\OneManVan.Web.csproj]
C:\Users\tech\source\repos\TradeFlow\OneManVan.Web\obj\Debug\net10.0\Microsoft.CodeAnalysis.Razor.Compiler\Microsoft.NET.Sdk.Razor.SourceGenerators.RazorSourceGenerator\Components_Pages_Products_ProductEdit_razor.g.cs(511,244): error CS1061: 'Product' does not contain a definition for 'Cost' and no accessible extension method 'Cost' accepting a first argument of type 'Product' could be found (are you missing a using directive or an assembly reference?) [C:\Users\tech\source\repos\TradeFlow\OneManVan.Web\OneManVan.Web.csproj]
C:\Users\tech\source\repos\TradeFlow\OneManVan.Web\obj\Debug\net10.0\Microsoft.CodeAnalysis.Razor.Compiler\Microsoft.NET.Sdk.Razor.SourceGenerators.RazorSourceGenerator\Components_Pages_Products_ProductEdit_razor.g.cs(511,222): error CS1061: 'Product' does not contain a definition for 'Cost' and no accessible extension method 'Cost' accepting a first argument of type 'Product' could be found (are you missing a using directive or an assembly reference?) [C:\Users\tech\source\repos\TradeFlow\OneManVan.Web\OneManVan.Web.csproj]
C:\Users\tech\source\repos\TradeFlow\OneManVan.Web\obj\Debug\net10.0\Microsoft.CodeAnalysis.Razor.Compiler\Microsoft.NET.Sdk.Razor.SourceGenerators.RazorSourceGenerator\Components_Pages_Products_ProductEdit_razor.g.cs(511,269): error CS1061: 'Product' does not contain a definition for 'Cost' and no accessible extension method 'Cost' accepting a first argument of type 'Product' could be found (are you missing a using directive or an assembly reference?) [C:\Users\tech\source\repos\TradeFlow\OneManVan.Web\OneManVan.Web.csproj]
C:\Users\tech\source\repos\TradeFlow\OneManVan.Web\Components\Pages\Products\ProductEdit.razor(128,100): error CS1061: 'Product' does not contain a definition for 'RequiresSerial' and no accessible extension method 'RequiresSerial' accepting a first argument of type 'Product' could be found (are you missing a using directive or an assembly reference?) [C:\Users\tech\source\repos\TradeFlow\OneManVan.Web\OneManVan.Web.csproj]
C:\Users\tech\source\repos\TradeFlow\OneManVan.Web\obj\Debug\net10.0\Microsoft.CodeAnalysis.Razor.Compiler\Microsoft.NET.Sdk.Razor.SourceGenerators.RazorSourceGenerator\Components_Pages_Products_ProductEdit_razor.g.cs(549,552): error CS1061: 'Product' does not contain a definition for 'RequiresSerial' and no accessible extension method 'RequiresSerial' accepting a first argument of type 'Product' could be found (are you missing a using directive or an assembly reference?) [C:\Users\tech\source\repos\TradeFlow\OneManVan.Web\OneManVan.Web.csproj]
C:\Users\tech\source\repos\TradeFlow\OneManVan.Web\obj\Debug\net10.0\Microsoft.CodeAnalysis.Razor.Compiler\Microsoft.NET.Sdk.Razor.SourceGenerators.RazorSourceGenerator\Components_Pages_Products_ProductEdit_razor.g.cs(549,520): error CS1061: 'Product' does not contain a definition for 'RequiresSerial' and no accessible extension method 'RequiresSerial' accepting a first argument of type 'Product' could be found (are you missing a using directive or an assembly reference?) [C:\Users\tech\source\repos\TradeFlow\OneManVan.Web\OneManVan.Web.csproj]
C:\Users\tech\source\repos\TradeFlow\OneManVan.Web\obj\Debug\net10.0\Microsoft.CodeAnalysis.Razor.Compiler\Microsoft.NET.Sdk.Razor.SourceGenerators.RazorSourceGenerator\Components_Pages_Products_ProductEdit_razor.g.cs(550,323): error CS1061: 'Product' does not contain a definition for 'RequiresSerial' and no accessible extension method 'RequiresSerial' accepting a first argument of type 'Product' could be found (are you missing a using directive or an assembly reference?) [C:\Users\tech\source\repos\TradeFlow\OneManVan.Web\OneManVan.Web.csproj]
C:\Users\tech\source\repos\TradeFlow\OneManVan.Web\Components\Pages\Products\ProductEdit.razor(137,90): error CS1061: 'Product' does not contain a definition for 'WarrantyMonths' and no accessible extension method 'WarrantyMonths' accepting a first argument of type 'Product' could be found (are you missing a using directive or an assembly reference?) [C:\Users\tech\source\repos\TradeFlow\OneManVan.Web\OneManVan.Web.csproj]
C:\Users\tech\source\repos\TradeFlow\OneManVan.Web\obj\Debug\net10.0\Microsoft.CodeAnalysis.Razor.Compiler\Microsoft.NET.Sdk.Razor.SourceGenerators.RazorSourceGenerator\Components_Pages_Products_ProductEdit_razor.g.cs(570,254): error CS1061: 'Product' does not contain a definition for 'WarrantyMonths' and no accessible extension method 'WarrantyMonths' accepting a first argument of type 'Product' could be found (are you missing a using directive or an assembly reference?) [C:\Users\tech\source\repos\TradeFlow\OneManVan.Web\OneManVan.Web.csproj]
C:\Users\tech\source\repos\TradeFlow\OneManVan.Web\obj\Debug\net10.0\Microsoft.CodeAnalysis.Razor.Compiler\Microsoft.NET.Sdk.Razor.SourceGenerators.RazorSourceGenerator\Components_Pages_Products_ProductEdit_razor.g.cs(570,222): error CS1061: 'Product' does not contain a definition for 'WarrantyMonths' and no accessible extension method 'WarrantyMonths' accepting a first argument of type 'Product' could be found (are you missing a using directive or an assembly reference?) [C:\Users\tech\source\repos\TradeFlow\OneManVan.Web\OneManVan.Web.csproj]
C:\Users\tech\source\repos\TradeFlow\OneManVan.Web\obj\Debug\net10.0\Microsoft.CodeAnalysis.Razor.Compiler\Microsoft.NET.Sdk.Razor.SourceGenerators.RazorSourceGenerator\Components_Pages_Products_ProductEdit_razor.g.cs(570,289): error CS1061: 'Product' does not contain a definition for 'WarrantyMonths' and no accessible extension method 'WarrantyMonths' accepting a first argument of type 'Product' could be found (are you missing a using directive or an assembly reference?) [C:\Users\tech\source\repos\TradeFlow\OneManVan.Web\OneManVan.Web.csproj]
C:\Users\tech\source\repos\TradeFlow\OneManVan.Web\Components\Pages\Products\ProductEdit.razor(141,88): error CS1061: 'Product' does not contain a definition for 'ManufacturerWarrantyUrl' and no accessible extension method 'ManufacturerWarrantyUrl' accepting a first argument of type 'Product' could be found (are you missing a using directive or an assembly reference?) [C:\Users\tech\source\repos\TradeFlow\OneManVan.Web\OneManVan.Web.csproj]
C:\Users\tech\source\repos\TradeFlow\OneManVan.Web\obj\Debug\net10.0\Microsoft.CodeAnalysis.Razor.Compiler\Microsoft.NET.Sdk.Razor.SourceGenerators.RazorSourceGenerator\Components_Pages_Products_ProductEdit_razor.g.cs(596,555): error CS1061: 'Product' does not contain a definition for 'ManufacturerWarrantyUrl' and no accessible extension method 'ManufacturerWarrantyUrl' accepting a first argument of type 'Product' could be found (are you missing a using directive or an assembly reference?) [C:\Users\tech\source\repos\TradeFlow\OneManVan.Web\OneManVan.Web.csproj]
C:\Users\tech\source\repos\TradeFlow\OneManVan.Web\obj\Debug\net10.0\Microsoft.CodeAnalysis.Razor.Compiler\Microsoft.NET.Sdk.Razor.SourceGenerators.RazorSourceGenerator\Components_Pages_Products_ProductEdit_razor.g.cs(596,514): error CS1061: 'Product' does not contain a definition for 'ManufacturerWarrantyUrl' and no accessible extension method 'ManufacturerWarrantyUrl' accepting a first argument of type 'Product' could be found (are you missing a using directive or an assembly reference?) [C:\Users\tech\source\repos\TradeFlow\OneManVan.Web\OneManVan.Web.csproj]
C:\Users\tech\source\repos\TradeFlow\OneManVan.Web\obj\Debug\net10.0\Microsoft.CodeAnalysis.Razor.Compiler\Microsoft.NET.Sdk.Razor.SourceGenerators.RazorSourceGenerator\Components_Pages_Products_ProductEdit_razor.g.cs(597,318): error CS1061: 'Product' does not contain a definition for 'ManufacturerWarrantyUrl' and no accessible extension method 'ManufacturerWarrantyUrl' accepting a first argument of type 'Product' could be found (are you missing a using directive or an assembly reference?) [C:\Users\tech\source\repos\TradeFlow\OneManVan.Web\OneManVan.Web.csproj]
C:\Users\tech\source\repos\TradeFlow\OneManVan.Web\obj\Debug\net10.0\Microsoft.CodeAnalysis.Razor.Compiler\Microsoft.NET.Sdk.Razor.SourceGenerators.RazorSourceGenerator\Components_Pages_Products_ProductEdit_razor.g.cs(268,185): error CS1662: Cannot convert lambda expression to intended delegate type because some of the return types in the block are not implicitly convertible to the delegate return type [C:\Users\tech\source\repos\TradeFlow\OneManVan.Web\OneManVan.Web.csproj]
C:\Users\tech\source\repos\TradeFlow\OneManVan.Web\Components\Pages\Products\ProductEdit.razor(216,17): error CS0117: 'Product' does not contain a definition for 'RequiresSerial' [C:\Users\tech\source\repos\TradeFlow\OneManVan.Web\OneManVan.Web.csproj]
C:\Users\tech\source\repos\TradeFlow\OneManVan.Web\Components\Pages\Products\ProductEdit.razor(217,17): error CS0117: 'Product' does not contain a definition for 'Price' [C:\Users\tech\source\repos\TradeFlow\OneManVan.Web\OneManVan.Web.csproj]
C:\Users\tech\source\repos\TradeFlow\OneManVan.Web\Components\Pages\Products\ProductEdit.razor(265,23): error CS1061: 'Product' does not contain a definition for 'ModifiedAt' and no accessible extension method 'ModifiedAt' accepting a first argument of type 'Product' could be found (are you missing a using directive or an assembly reference?) [C:\Users\tech\source\repos\TradeFlow\OneManVan.Web\OneManVan.Web.csproj]

Build FAILED.

C:\Users\tech\source\repos\TradeFlow\OneManVan.Web\Components\Pages\Assets\AssetDetail.razor(337,34): warning CS8602: Dereference of a possibly null reference. [C:\Users\tech\source\repos\TradeFlow\OneManVan.Web\OneManVan.Web.csproj]
C:\Users\tech\source\repos\TradeFlow\OneManVan.Web\Components\Pages\Assets\AssetDetail.razor(337,34): warning CS8629: Nullable value type may be null. [C:\Users\tech\source\repos\TradeFlow\OneManVan.Web\OneManVan.Web.csproj]
C:\Users\tech\source\repos\TradeFlow\OneManVan.Web\Components\Pages\Inventory\InventoryDetail.razor(316,35): warning CS8602: Dereference of a possibly null reference. [C:\Users\tech\source\repos\TradeFlow\OneManVan.Web\OneManVan.Web.csproj]
C:\Users\tech\source\repos\TradeFlow\OneManVan.Web\Components\Pages\Inventory\InventoryDetail.razor(325,35): warning CS8602: Dereference of a possibly null reference. [C:\Users\tech\source\repos\TradeFlow\OneManVan.Web\OneManVan.Web.csproj]
C:\Users\tech\source\repos\TradeFlow\OneManVan.Web\Components\Pages\Inventory\InventoryDetail.razor(334,35): warning CS8602: Dereference of a possibly null reference. [C:\Users\tech\source\repos\TradeFlow\OneManVan.Web\OneManVan.Web.csproj]
C:\Users\tech\source\repos\TradeFlow\OneManVan.Web\Components\Pages\Inventory\InventoryDetail.razor(343,35): warning CS8602: Dereference of a possibly null reference. [C:\Users\tech\source\repos\TradeFlow\OneManVan.Web\OneManVan.Web.csproj]
C:\Users\tech\source\repos\TradeFlow\OneManVan.Web\Components\Pages\Inventory\InventoryDetail.razor(356,39): warning CS8602: Dereference of a possibly null reference. [C:\Users\tech\source\repos\TradeFlow\OneManVan.Web\OneManVan.Web.csproj]
C:\Users\tech\source\repos\TradeFlow\OneManVan.Web\Components\Pages\Assets\AssetDetail.razor(86,96): error CS1525: Invalid expression term ')' [C:\Users\tech\source\repos\TradeFlow\OneManVan.Web\OneManVan.Web.csproj]
C:\Users\tech\source\repos\TradeFlow\OneManVan.Web\Components\Pages\Assets\AssetDetail.razor(86,96): error CS1003: Syntax error, ':' expected [C:\Users\tech\source\repos\TradeFlow\OneManVan.Web\OneManVan.Web.csproj]
C:\Users\tech\source\repos\TradeFlow\OneManVan.Web\Components\Pages\Assets\AssetList.razor(111,104): error CS1525: Invalid expression term ')' [C:\Users\tech\source\repos\TradeFlow\OneManVan.Web\OneManVan.Web.csproj]
C:\Users\tech\source\repos\TradeFlow\OneManVan.Web\Components\Pages\Assets\AssetList.razor(111,104): error CS1003: Syntax error, ':' expected [C:\Users\tech\source\repos\TradeFlow\OneManVan.Web\OneManVan.Web.csproj]
C:\Users\tech\source\repos\TradeFlow\OneManVan.Web\Components\Pages\Assets\AssetDetail.razor(10,20): error CS1061: 'Asset' does not contain a definition for 'Product' and no accessible extension method 'Product' accepting a first argument of type 'Asset' could be found (are you missing a using directive or an assembly reference?) [C:\Users\tech\source\repos\TradeFlow\OneManVan.Web\OneManVan.Web.csproj]
C:\Users\tech\source\repos\TradeFlow\OneManVan.Web\Components\Pages\Assets\AssetDetail.razor(86,64): error CS0029: Cannot implicitly convert type 'string' to 'bool' [C:\Users\tech\source\repos\TradeFlow\OneManVan.Web\OneManVan.Web.csproj]
C:\Users\tech\source\repos\TradeFlow\OneManVan.Web\Components\Pages\Assets\AssetDetail.razor(181,36): error CS1061: 'Asset' does not contain a definition for 'Jobs' and no accessible extension method 'Jobs' accepting a first argument of type 'Asset' could be found (are you missing a using directive or an assembly reference?) [C:\Users\tech\source\repos\TradeFlow\OneManVan.Web\OneManVan.Web.csproj]
C:\Users\tech\source\repos\TradeFlow\OneManVan.Web\Components\Pages\Assets\AssetDetail.razor(194,68): error CS1061: 'Asset' does not contain a definition for 'Jobs' and no accessible extension method 'Jobs' accepting a first argument of type 'Asset' could be found (are you missing a using directive or an assembly reference?) [C:\Users\tech\source\repos\TradeFlow\OneManVan.Web\OneManVan.Web.csproj]
C:\Users\tech\source\repos\TradeFlow\OneManVan.Web\Components\Pages\Assets\AssetDetail.razor(230,59): error CS1061: 'Asset' does not contain a definition for 'Jobs' and no accessible extension method 'Jobs' accepting a first argument of type 'Asset' could be found (are you missing a using directive or an assembly reference?) [C:\Users\tech\source\repos\TradeFlow\OneManVan.Web\OneManVan.Web.csproj]
C:\Users\tech\source\repos\TradeFlow\OneManVan.Web\Components\Pages\Assets\AssetList.razor(111,72): error CS0029: Cannot implicitly convert type 'string' to 'bool' [C:\Users\tech\source\repos\TradeFlow\OneManVan.Web\OneManVan.Web.csproj]
C:\Users\tech\source\repos\TradeFlow\OneManVan.Web\Components\Pages\Assets\AssetDetail.razor(322,33): error CS1061: 'Asset' does not contain a definition for 'Jobs' and no accessible extension method 'Jobs' accepting a first argument of type 'Asset' could be found (are you missing a using directive or an assembly reference?) [C:\Users\tech\source\repos\TradeFlow\OneManVan.Web\OneManVan.Web.csproj]
C:\Users\tech\source\repos\TradeFlow\OneManVan.Web\Components\Pages\Assets\AssetDetail.razor(324,45): error CS1061: 'TEntity' does not contain a definition for 'Id' and no accessible extension method 'Id' accepting a first argument of type 'TEntity' could be found (are you missing a using directive or an assembly reference?) [C:\Users\tech\source\repos\TradeFlow\OneManVan.Web\OneManVan.Web.csproj]
C:\Users\tech\source\repos\TradeFlow\OneManVan.Web\Components\Pages\Customers\CustomerDetail.razor(310,28): error CS0117: 'CustomerStatus' does not contain a definition for 'Prospect' [C:\Users\tech\source\repos\TradeFlow\OneManVan.Web\OneManVan.Web.csproj]
C:\Users\tech\source\repos\TradeFlow\OneManVan.Web\Components\Pages\Assets\AssetDetail.razor(365,19): error CS1061: 'Asset' does not contain a definition for 'ProductId' and no accessible extension method 'ProductId' accepting a first argument of type 'Asset' could be found (are you missing a using directive or an assembly reference?) [C:\Users\tech\source\repos\TradeFlow\OneManVan.Web\OneManVan.Web.csproj]
C:\Users\tech\source\repos\TradeFlow\OneManVan.Web\Components\Pages\Assets\AssetList.razor(244,20): error CS1061: 'Asset' does not contain a definition for 'Product' and no accessible extension method 'Product' accepting a first argument of type 'Asset' could be found (are you missing a using directive or an assembly reference?) [C:\Users\tech\source\repos\TradeFlow\OneManVan.Web\OneManVan.Web.csproj]
C:\Users\tech\source\repos\TradeFlow\OneManVan.Web\Components\Pages\Products\ProductList.razor(136,68): error CS1503: Argument 1: cannot convert from 'OneManVan.Shared.Models.Enums.ProductCategory' to 'string?' [C:\Users\tech\source\repos\TradeFlow\OneManVan.Web\OneManVan.Web.csproj]
C:\Users\tech\source\repos\TradeFlow\OneManVan.Web\Components\Pages\Products\ProductList.razor(145,69): error CS1501: No overload for method 'ToString' takes 1 arguments [C:\Users\tech\source\repos\TradeFlow\OneManVan.Web\OneManVan.Web.csproj]
C:\Users\tech\source\repos\TradeFlow\OneManVan.Web\Components\Pages\Assets\AssetEdit.razor(47,78): error CS1061: 'Asset' does not contain a definition for 'ProductId' and no accessible extension method 'ProductId' accepting a first argument of type 'Asset' could be found (are you missing a using directive or an assembly reference?) [C:\Users\tech\source\repos\TradeFlow\OneManVan.Web\OneManVan.Web.csproj]
C:\Users\tech\source\repos\TradeFlow\OneManVan.Web\obj\Debug\net10.0\Microsoft.CodeAnalysis.Razor.Compiler\Microsoft.NET.Sdk.Razor.SourceGenerators.RazorSourceGenerator\Components_Pages_Assets_AssetEdit_razor.g.cs(293,182): error CS1061: 'Asset' does not contain a definition for 'ProductId' and no accessible extension method 'ProductId' accepting a first argument of type 'Asset' could be found (are you missing a using directive or an assembly reference?) [C:\Users\tech\source\repos\TradeFlow\OneManVan.Web\OneManVan.Web.csproj]
C:\Users\tech\source\repos\TradeFlow\OneManVan.Web\obj\Debug\net10.0\Microsoft.CodeAnalysis.Razor.Compiler\Microsoft.NET.Sdk.Razor.SourceGenerators.RazorSourceGenerator\Components_Pages_Assets_AssetEdit_razor.g.cs(293,155): error CS1061: 'Asset' does not contain a definition for 'ProductId' and no accessible extension method 'ProductId' accepting a first argument of type 'Asset' could be found (are you missing a using directive or an assembly reference?) [C:\Users\tech\source\repos\TradeFlow\OneManVan.Web\OneManVan.Web.csproj]
C:\Users\tech\source\repos\TradeFlow\OneManVan.Web\Components\Pages\Assets\AssetEdit.razor(51,82): error CS1061: 'Product' does not contain a definition for 'Name' and no accessible extension method 'Name' accepting a first argument of type 'Product' could be found (are you missing a using directive or an assembly reference?) [C:\Users\tech\source\repos\TradeFlow\OneManVan.Web\OneManVan.Web.csproj]
C:\Users\tech\source\repos\TradeFlow\OneManVan.Web\Components\Pages\Assets\AssetEdit.razor(51,119): error CS1061: 'Product' does not contain a definition for 'Model' and no accessible extension method 'Model' accepting a first argument of type 'Product' could be found (are you missing a using directive or an assembly reference?) [C:\Users\tech\source\repos\TradeFlow\OneManVan.Web\OneManVan.Web.csproj]
C:\Users\tech\source\repos\TradeFlow\OneManVan.Web\obj\Debug\net10.0\Microsoft.CodeAnalysis.Razor.Compiler\Microsoft.NET.Sdk.Razor.SourceGenerators.RazorSourceGenerator\Components_Pages_Assets_AssetEdit_razor.g.cs(268,185): error CS1662: Cannot convert lambda expression to intended delegate type because some of the return types in the block are not implicitly convertible to the delegate return type [C:\Users\tech\source\repos\TradeFlow\OneManVan.Web\OneManVan.Web.csproj]
C:\Users\tech\source\repos\TradeFlow\OneManVan.Web\Components\Pages\Assets\AssetEdit.razor(205,23): error CS1061: 'Asset' does not contain a definition for 'ProductId' and no accessible extension method 'ProductId' accepting a first argument of type 'Asset' could be found (are you missing a using directive or an assembly reference?) [C:\Users\tech\source\repos\TradeFlow\OneManVan.Web\OneManVan.Web.csproj]
C:\Users\tech\source\repos\TradeFlow\OneManVan.Web\Components\Pages\Assets\AssetEdit.razor(210,17): error CS0117: 'Asset' does not contain a definition for 'IsRegistered' [C:\Users\tech\source\repos\TradeFlow\OneManVan.Web\OneManVan.Web.csproj]
C:\Users\tech\source\repos\TradeFlow\OneManVan.Web\Components\Pages\Assets\AssetEdit.razor(227,33): error CS1061: 'Product' does not contain a definition for 'Name' and no accessible extension method 'Name' accepting a first argument of type 'Product' could be found (are you missing a using directive or an assembly reference?) [C:\Users\tech\source\repos\TradeFlow\OneManVan.Web\OneManVan.Web.csproj]
C:\Users\tech\source\repos\TradeFlow\OneManVan.Web\Components\Pages\Assets\AssetEdit.razor(273,23): error CS1061: 'Asset' does not contain a definition for 'ProductId' and no accessible extension method 'ProductId' accepting a first argument of type 'Asset' could be found (are you missing a using directive or an assembly reference?) [C:\Users\tech\source\repos\TradeFlow\OneManVan.Web\OneManVan.Web.csproj]
C:\Users\tech\source\repos\TradeFlow\OneManVan.Web\Components\Pages\Assets\AssetEdit.razor(294,23): error CS1061: 'Asset' does not contain a definition for 'ModifiedAt' and no accessible extension method 'ModifiedAt' accepting a first argument of type 'Asset' could be found (are you missing a using directive or an assembly reference?) [C:\Users\tech\source\repos\TradeFlow\OneManVan.Web\OneManVan.Web.csproj]
C:\Users\tech\source\repos\TradeFlow\OneManVan.Web\Components\Pages\Inventory\InventoryList.razor(118,80): error CS1061: 'InventoryItem' does not contain a definition for 'Product' and no accessible extension method 'Product' accepting a first argument of type 'InventoryItem' could be found (are you missing a using directive or an assembly reference?) [C:\Users\tech\source\repos\TradeFlow\OneManVan.Web\OneManVan.Web.csproj]
C:\Users\tech\source\repos\TradeFlow\OneManVan.Web\Components\Pages\Inventory\InventoryList.razor(119,81): error CS1061: 'InventoryItem' does not contain a definition for 'Product' and no accessible extension method 'Product' accepting a first argument of type 'InventoryItem' could be found (are you missing a using directive or an assembly reference?) [C:\Users\tech\source\repos\TradeFlow\OneManVan.Web\OneManVan.Web.csproj]
C:\Users\tech\source\repos\TradeFlow\OneManVan.Web\Components\Pages\Inventory\InventoryList.razor(121,90): error CS1061: 'InventoryItem' does not contain a definition for 'Product' and no accessible extension method 'Product' accepting a first argument of type 'InventoryItem' could be found (are you missing a using directive or an assembly reference?) [C:\Users\tech\source\repos\TradeFlow\OneManVan.Web\OneManVan.Web.csproj]
C:\Users\tech\source\repos\TradeFlow\OneManVan.Web\Components\Pages\Inventory\InventoryList.razor(129,51): error CS1061: 'InventoryItem' does not contain a definition for 'Quantity' and no accessible extension method 'Quantity' accepting a first argument of type 'InventoryItem' could be found (are you missing a using directive or an assembly reference?) [C:\Users\tech\source\repos\TradeFlow\OneManVan.Web\OneManVan.Web.csproj]
C:\Users\tech\source\repos\TradeFlow\OneManVan.Web\Components\Pages\Inventory\InventoryList.razor(138,47): error CS1061: 'InventoryItem' does not contain a definition for 'LastStockUpdate' and no accessible extension method 'LastStockUpdate' accepting a first argument of type 'InventoryItem' could be found (are you missing a using directive or an assembly reference?) [C:\Users\tech\source\repos\TradeFlow\OneManVan.Web\OneManVan.Web.csproj]
C:\Users\tech\source\repos\TradeFlow\OneManVan.Web\Components\Pages\Products\ProductList.razor(271,20): error CS1061: 'Product' does not contain a definition for 'Name' and no accessible extension method 'Name' accepting a first argument of type 'Product' could be found (are you missing a using directive or an assembly reference?) [C:\Users\tech\source\repos\TradeFlow\OneManVan.Web\OneManVan.Web.csproj]
C:\Users\tech\source\repos\TradeFlow\OneManVan.Web\Components\Pages\Products\ProductList.razor(272,20): error CS1061: 'Product' does not contain a definition for 'SKU' and no accessible extension method 'SKU' accepting a first argument of type 'Product' could be found (are you missing a using directive or an assembly reference?) [C:\Users\tech\source\repos\TradeFlow\OneManVan.Web\OneManVan.Web.csproj]
C:\Users\tech\source\repos\TradeFlow\OneManVan.Web\Components\Pages\Products\ProductList.razor(274,20): error CS1061: 'Product' does not contain a definition for 'Model' and no accessible extension method 'Model' accepting a first argument of type 'Product' could be found (are you missing a using directive or an assembly reference?) [C:\Users\tech\source\repos\TradeFlow\OneManVan.Web\OneManVan.Web.csproj]
C:\Users\tech\source\repos\TradeFlow\OneManVan.Web\Components\Pages\Products\ProductList.razor(280,38): error CS0019: Operator '==' cannot be applied to operands of type 'ProductCategory' and 'string' [C:\Users\tech\source\repos\TradeFlow\OneManVan.Web\OneManVan.Web.csproj]
C:\Users\tech\source\repos\TradeFlow\OneManVan.Web\Components\Pages\Products\ProductList.razor(293,60): error CS1061: 'Product' does not contain a definition for 'Name' and no accessible extension method 'Name' accepting a first argument of type 'Product' could be found (are you missing a using directive or an assembly reference?) [C:\Users\tech\source\repos\TradeFlow\OneManVan.Web\OneManVan.Web.csproj]
C:\Users\tech\source\repos\TradeFlow\OneManVan.Web\Components\Pages\Products\ProductList.razor(293,99): error CS1061: 'Product' does not contain a definition for 'Name' and no accessible extension method 'Name' accepting a first argument of type 'Product' could be found (are you missing a using directive or an assembly reference?) [C:\Users\tech\source\repos\TradeFlow\OneManVan.Web\OneManVan.Web.csproj]
C:\Users\tech\source\repos\TradeFlow\OneManVan.Web\Components\Pages\Products\ProductList.razor(294,39): error CS1061: 'Product' does not contain a definition for 'Name' and no accessible extension method 'Name' accepting a first argument of type 'Product' could be found (are you missing a using directive or an assembly reference?) [C:\Users\tech\source\repos\TradeFlow\OneManVan.Web\OneManVan.Web.csproj]
C:\Users\tech\source\repos\TradeFlow\OneManVan.Web\Components\Pages\Invoices\InvoiceDetail.razor(44,50): error CS1061: 'DateTime' does not contain a definition for 'HasValue' and no accessible extension method 'HasValue' accepting a first argument of type 'DateTime' could be found (are you missing a using directive or an assembly reference?) [C:\Users\tech\source\repos\TradeFlow\OneManVan.Web\OneManVan.Web.csproj]
C:\Users\tech\source\repos\TradeFlow\OneManVan.Web\Components\Pages\Invoices\InvoiceDetail.razor(92,54): error CS1061: 'DateTime' does not contain a definition for 'HasValue' and no accessible extension method 'HasValue' accepting a first argument of type 'DateTime' could be found (are you missing a using directive or an assembly reference?) [C:\Users\tech\source\repos\TradeFlow\OneManVan.Web\OneManVan.Web.csproj]
C:\Users\tech\source\repos\TradeFlow\OneManVan.Web\Components\Pages\Invoices\InvoiceDetail.razor(95,58): error CS1061: 'DateTime' does not contain a definition for 'Value' and no accessible extension method 'Value' accepting a first argument of type 'DateTime' could be found (are you missing a using directive or an assembly reference?) [C:\Users\tech\source\repos\TradeFlow\OneManVan.Web\OneManVan.Web.csproj]
C:\Users\tech\source\repos\TradeFlow\OneManVan.Web\Components\Pages\Invoices\InvoiceList.razor(136,62): error CS1061: 'DateTime' does not contain a definition for 'HasValue' and no accessible extension method 'HasValue' accepting a first argument of type 'DateTime' could be found (are you missing a using directive or an assembly reference?) [C:\Users\tech\source\repos\TradeFlow\OneManVan.Web\OneManVan.Web.csproj]
C:\Users\tech\source\repos\TradeFlow\OneManVan.Web\Components\Pages\Invoices\InvoiceList.razor(139,66): error CS1061: 'DateTime' does not contain a definition for 'Value' and no accessible extension method 'Value' accepting a first argument of type 'DateTime' could be found (are you missing a using directive or an assembly reference?) [C:\Users\tech\source\repos\TradeFlow\OneManVan.Web\OneManVan.Web.csproj]
C:\Users\tech\source\repos\TradeFlow\OneManVan.Web\Components\Pages\Invoices\InvoiceDetail.razor(332,33): error CS1061: 'Invoice' does not contain a definition for 'Balance' and no accessible extension method 'Balance' accepting a first argument of type 'Invoice' could be found (are you missing a using directive or an assembly reference?) [C:\Users\tech\source\repos\TradeFlow\OneManVan.Web\OneManVan.Web.csproj]
C:\Users\tech\source\repos\TradeFlow\OneManVan.Web\Components\Pages\Inventory\InventoryList.razor(236,37): error CS1061: 'OneManVanDbContext' does not contain a definition for 'Inventory' and no accessible extension method 'Inventory' accepting a first argument of type 'OneManVanDbContext' could be found (are you missing a using directive or an assembly reference?) [C:\Users\tech\source\repos\TradeFlow\OneManVan.Web\OneManVan.Web.csproj]
C:\Users\tech\source\repos\TradeFlow\OneManVan.Web\Components\Pages\Inventory\InventoryList.razor(250,55): error CS1061: 'InventoryItem' does not contain a definition for 'Quantity' and no accessible extension method 'Quantity' accepting a first argument of type 'InventoryItem' could be found (are you missing a using directive or an assembly reference?) [C:\Users\tech\source\repos\TradeFlow\OneManVan.Web\OneManVan.Web.csproj]
C:\Users\tech\source\repos\TradeFlow\OneManVan.Web\Components\Pages\Inventory\InventoryList.razor(250,87): error CS1061: 'InventoryItem' does not contain a definition for 'Quantity' and no accessible extension method 'Quantity' accepting a first argument of type 'InventoryItem' could be found (are you missing a using directive or an assembly reference?) [C:\Users\tech\source\repos\TradeFlow\OneManVan.Web\OneManVan.Web.csproj]
C:\Users\tech\source\repos\TradeFlow\OneManVan.Web\Components\Pages\Inventory\InventoryList.razor(251,57): error CS1061: 'InventoryItem' does not contain a definition for 'Quantity' and no accessible extension method 'Quantity' accepting a first argument of type 'InventoryItem' could be found (are you missing a using directive or an assembly reference?) [C:\Users\tech\source\repos\TradeFlow\OneManVan.Web\OneManVan.Web.csproj]
C:\Users\tech\source\repos\TradeFlow\OneManVan.Web\Components\Pages\Estimates\EstimateEdit.razor(70,72): error CS0117: 'EstimateStatus' does not contain a definition for 'Rejected' [C:\Users\tech\source\repos\TradeFlow\OneManVan.Web\OneManVan.Web.csproj]
C:\Users\tech\source\repos\TradeFlow\OneManVan.Web\Components\Pages\Estimates\EstimateEdit.razor(148,77): error CS1061: 'Estimate' does not contain a definition for 'TaxAmountAmount' and no accessible extension method 'TaxAmountAmount' accepting a first argument of type 'Estimate' could be found (are you missing a using directive or an assembly reference?) [C:\Users\tech\source\repos\TradeFlow\OneManVan.Web\OneManVan.Web.csproj]
C:\Users\tech\source\repos\TradeFlow\OneManVan.Web\obj\Debug\net10.0\Microsoft.CodeAnalysis.Razor.Compiler\Microsoft.NET.Sdk.Razor.SourceGenerators.RazorSourceGenerator\Components_Pages_Estimates_EstimateEdit_razor.g.cs(268,185): error CS1662: Cannot convert lambda expression to intended delegate type because some of the return types in the block are not implicitly convertible to the delegate return type [C:\Users\tech\source\repos\TradeFlow\OneManVan.Web\OneManVan.Web.csproj]
C:\Users\tech\source\repos\TradeFlow\OneManVan.Web\Components\Pages\Inventory\InventoryDetail.razor(9,24): error CS1061: 'InventoryItem' does not contain a definition for 'Product' and no accessible extension method 'Product' accepting a first argument of type 'InventoryItem' could be found (are you missing a using directive or an assembly reference?) [C:\Users\tech\source\repos\TradeFlow\OneManVan.Web\OneManVan.Web.csproj]
C:\Users\tech\source\repos\TradeFlow\OneManVan.Web\Components\Pages\Inventory\InventoryDetail.razor(32,71): error CS1061: 'InventoryItem' does not contain a definition for 'Product' and no accessible extension method 'Product' accepting a first argument of type 'InventoryItem' could be found (are you missing a using directive or an assembly reference?) [C:\Users\tech\source\repos\TradeFlow\OneManVan.Web\OneManVan.Web.csproj]
C:\Users\tech\source\repos\TradeFlow\OneManVan.Web\Components\Pages\Inventory\InventoryDetail.razor(40,56): error CS1061: 'InventoryItem' does not contain a definition for 'Product' and no accessible extension method 'Product' accepting a first argument of type 'InventoryItem' could be found (are you missing a using directive or an assembly reference?) [C:\Users\tech\source\repos\TradeFlow\OneManVan.Web\OneManVan.Web.csproj]
C:\Users\tech\source\repos\TradeFlow\OneManVan.Web\Components\Pages\Inventory\InventoryDetail.razor(42,66): error CS1061: 'InventoryItem' does not contain a definition for 'Product' and no accessible extension method 'Product' accepting a first argument of type 'InventoryItem' could be found (are you missing a using directive or an assembly reference?) [C:\Users\tech\source\repos\TradeFlow\OneManVan.Web\OneManVan.Web.csproj]
C:\Users\tech\source\repos\TradeFlow\OneManVan.Web\Components\Pages\Inventory\InventoryDetail.razor(44,77): error CS1061: 'InventoryItem' does not contain a definition for 'Product' and no accessible extension method 'Product' accepting a first argument of type 'InventoryItem' could be found (are you missing a using directive or an assembly reference?) [C:\Users\tech\source\repos\TradeFlow\OneManVan.Web\OneManVan.Web.csproj]
C:\Users\tech\source\repos\TradeFlow\OneManVan.Web\Components\Pages\Inventory\InventoryDetail.razor(82,73): error CS1061: 'InventoryItem' does not contain a definition for 'Product' and no accessible extension method 'Product' accepting a first argument of type 'InventoryItem' could be found (are you missing a using directive or an assembly reference?) [C:\Users\tech\source\repos\TradeFlow\OneManVan.Web\OneManVan.Web.csproj]
C:\Users\tech\source\repos\TradeFlow\OneManVan.Web\Components\Pages\Inventory\InventoryDetail.razor(83,74): error CS1061: 'InventoryItem' does not contain a definition for 'Product' and no accessible extension method 'Product' accepting a first argument of type 'InventoryItem' could be found (are you missing a using directive or an assembly reference?) [C:\Users\tech\source\repos\TradeFlow\OneManVan.Web\OneManVan.Web.csproj]
C:\Users\tech\source\repos\TradeFlow\OneManVan.Web\Components\Pages\Inventory\InventoryDetail.razor(85,78): error CS1061: 'InventoryItem' does not contain a definition for 'Product' and no accessible extension method 'Product' accepting a first argument of type 'InventoryItem' could be found (are you missing a using directive or an assembly reference?) [C:\Users\tech\source\repos\TradeFlow\OneManVan.Web\OneManVan.Web.csproj]
C:\Users\tech\source\repos\TradeFlow\OneManVan.Web\Components\Pages\Inventory\InventoryDetail.razor(85,110): error CS1061: 'InventoryItem' does not contain a definition for 'Product' and no accessible extension method 'Product' accepting a first argument of type 'InventoryItem' could be found (are you missing a using directive or an assembly reference?) [C:\Users\tech\source\repos\TradeFlow\OneManVan.Web\OneManVan.Web.csproj]
C:\Users\tech\source\repos\TradeFlow\OneManVan.Web\Components\Pages\Inventory\InventoryDetail.razor(96,70): error CS1061: 'InventoryItem' does not contain a definition for 'Quantity' and no accessible extension method 'Quantity' accepting a first argument of type 'InventoryItem' could be found (are you missing a using directive or an assembly reference?) [C:\Users\tech\source\repos\TradeFlow\OneManVan.Web\OneManVan.Web.csproj]
C:\Users\tech\source\repos\TradeFlow\OneManVan.Web\Components\Pages\Inventory\InventoryDetail.razor(106,66): error CS1061: 'InventoryItem' does not contain a definition for 'ReorderQuantity' and no accessible extension method 'ReorderQuantity' accepting a first argument of type 'InventoryItem' could be found (are you missing a using directive or an assembly reference?) [C:\Users\tech\source\repos\TradeFlow\OneManVan.Web\OneManVan.Web.csproj]
C:\Users\tech\source\repos\TradeFlow\OneManVan.Web\Components\Pages\Inventory\InventoryDetail.razor(110,51): error CS1061: 'InventoryItem' does not contain a definition for 'LastStockUpdate' and no accessible extension method 'LastStockUpdate' accepting a first argument of type 'InventoryItem' could be found (are you missing a using directive or an assembly reference?) [C:\Users\tech\source\repos\TradeFlow\OneManVan.Web\OneManVan.Web.csproj]
C:\Users\tech\source\repos\TradeFlow\OneManVan.Web\Components\Pages\Inventory\InventoryDetail.razor(114,51): error CS1061: 'InventoryItem' does not contain a definition for 'LastUpdatedBy' and no accessible extension method 'LastUpdatedBy' accepting a first argument of type 'InventoryItem' could be found (are you missing a using directive or an assembly reference?) [C:\Users\tech\source\repos\TradeFlow\OneManVan.Web\OneManVan.Web.csproj]
C:\Users\tech\source\repos\TradeFlow\OneManVan.Web\Components\Pages\Inventory\InventoryDetail.razor(116,66): error CS1061: 'InventoryItem' does not contain a definition for 'Notes' and no accessible extension method 'Notes' accepting a first argument of type 'InventoryItem' could be found (are you missing a using directive or an assembly reference?) [C:\Users\tech\source\repos\TradeFlow\OneManVan.Web\OneManVan.Web.csproj]
C:\Users\tech\source\repos\TradeFlow\OneManVan.Web\Components\Pages\Inventory\InventoryDetail.razor(120,64): error CS1061: 'InventoryItem' does not contain a definition for 'Notes' and no accessible extension method 'Notes' accepting a first argument of type 'InventoryItem' could be found (are you missing a using directive or an assembly reference?) [C:\Users\tech\source\repos\TradeFlow\OneManVan.Web\OneManVan.Web.csproj]
C:\Users\tech\source\repos\TradeFlow\OneManVan.Web\Components\Pages\Inventory\InventoryDetail.razor(194,48): error CS1061: 'InventoryItem' does not contain a definition for 'Quantity' and no accessible extension method 'Quantity' accepting a first argument of type 'InventoryItem' could be found (are you missing a using directive or an assembly reference?) [C:\Users\tech\source\repos\TradeFlow\OneManVan.Web\OneManVan.Web.csproj]
C:\Users\tech\source\repos\TradeFlow\OneManVan.Web\Components\Pages\Inventory\InventoryDetail.razor(204,62): error CS1061: 'InventoryItem' does not contain a definition for 'ReorderQuantity' and no accessible extension method 'ReorderQuantity' accepting a first argument of type 'InventoryItem' could be found (are you missing a using directive or an assembly reference?) [C:\Users\tech\source\repos\TradeFlow\OneManVan.Web\OneManVan.Web.csproj]
C:\Users\tech\source\repos\TradeFlow\OneManVan.Web\Components\Pages\Inventory\InventoryDetail.razor(218,62): error CS1061: 'InventoryItem' does not contain a definition for 'Product' and no accessible extension method 'Product' accepting a first argument of type 'InventoryItem' could be found (are you missing a using directive or an assembly reference?) [C:\Users\tech\source\repos\TradeFlow\OneManVan.Web\OneManVan.Web.csproj]
C:\Users\tech\source\repos\TradeFlow\OneManVan.Web\Components\Pages\Inventory\InventoryDetail.razor(220,40): error CS1061: 'InventoryItem' does not contain a definition for 'Product' and no accessible extension method 'Product' accepting a first argument of type 'InventoryItem' could be found (are you missing a using directive or an assembly reference?) [C:\Users\tech\source\repos\TradeFlow\OneManVan.Web\OneManVan.Web.csproj]
C:\Users\tech\source\repos\TradeFlow\OneManVan.Web\Components\Pages\Inventory\InventoryDetail.razor(224,50): error CS1061: 'InventoryItem' does not contain a definition for 'Product' and no accessible extension method 'Product' accepting a first argument of type 'InventoryItem' could be found (are you missing a using directive or an assembly reference?) [C:\Users\tech\source\repos\TradeFlow\OneManVan.Web\OneManVan.Web.csproj]
C:\Users\tech\source\repos\TradeFlow\OneManVan.Web\Components\Pages\Inventory\InventoryDetail.razor(233,47): error CS1061: 'InventoryItem' does not contain a definition for 'Product' and no accessible extension method 'Product' accepting a first argument of type 'InventoryItem' could be found (are you missing a using directive or an assembly reference?) [C:\Users\tech\source\repos\TradeFlow\OneManVan.Web\OneManVan.Web.csproj]
C:\Users\tech\source\repos\TradeFlow\OneManVan.Web\Components\Pages\Jobs\JobDetail.razor(82,45): error CS1061: 'Job' does not contain a definition for 'ServiceLocation' and no accessible extension method 'ServiceLocation' accepting a first argument of type 'Job' could be found (are you missing a using directive or an assembly reference?) [C:\Users\tech\source\repos\TradeFlow\OneManVan.Web\OneManVan.Web.csproj]
C:\Users\tech\source\repos\TradeFlow\OneManVan.Web\Components\Pages\Jobs\JobDetail.razor(90,42): error CS1061: 'Job' does not contain a definition for 'ScheduledStartTime' and no accessible extension method 'ScheduledStartTime' accepting a first argument of type 'Job' could be found (are you missing a using directive or an assembly reference?) [C:\Users\tech\source\repos\TradeFlow\OneManVan.Web\OneManVan.Web.csproj]
C:\Users\tech\source\repos\TradeFlow\OneManVan.Web\Components\Pages\Jobs\JobDetail.razor(92,48): error CS1061: 'Job' does not contain a definition for 'ScheduledStartTime' and no accessible extension method 'ScheduledStartTime' accepting a first argument of type 'Job' could be found (are you missing a using directive or an assembly reference?) [C:\Users\tech\source\repos\TradeFlow\OneManVan.Web\OneManVan.Web.csproj]
C:\Users\tech\source\repos\TradeFlow\OneManVan.Web\Components\Pages\Jobs\JobDetail.razor(92,101): error CS1061: 'Job' does not contain a definition for 'ScheduledEndTime' and no accessible extension method 'ScheduledEndTime' accepting a first argument of type 'Job' could be found (are you missing a using directive or an assembly reference?) [C:\Users\tech\source\repos\TradeFlow\OneManVan.Web\OneManVan.Web.csproj]
C:\Users\tech\source\repos\TradeFlow\OneManVan.Web\Components\Pages\Jobs\JobDetail.razor(118,26): error CS1061: 'Job' does not contain a definition for 'Assets' and no accessible extension method 'Assets' accepting a first argument of type 'Job' could be found (are you missing a using directive or an assembly reference?) [C:\Users\tech\source\repos\TradeFlow\OneManVan.Web\OneManVan.Web.csproj]
C:\Users\tech\source\repos\TradeFlow\OneManVan.Web\Components\Pages\Jobs\JobDetail.razor(136,68): error CS1061: 'Job' does not contain a definition for 'Assets' and no accessible extension method 'Assets' accepting a first argument of type 'Job' could be found (are you missing a using directive or an assembly reference?) [C:\Users\tech\source\repos\TradeFlow\OneManVan.Web\OneManVan.Web.csproj]
C:\Users\tech\source\repos\TradeFlow\OneManVan.Web\Components\Pages\Jobs\JobDetail.razor(160,26): error CS1061: 'Job' does not contain a definition for 'Invoice' and no accessible extension method 'Invoice' accepting a first argument of type 'Job' could be found (are you missing a using directive or an assembly reference?) [C:\Users\tech\source\repos\TradeFlow\OneManVan.Web\OneManVan.Web.csproj]
C:\Users\tech\source\repos\TradeFlow\OneManVan.Web\Components\Pages\Jobs\JobDetail.razor(169,80): error CS1061: 'Job' does not contain a definition for 'Invoice' and no accessible extension method 'Invoice' accepting a first argument of type 'Job' could be found (are you missing a using directive or an assembly reference?) [C:\Users\tech\source\repos\TradeFlow\OneManVan.Web\OneManVan.Web.csproj]
C:\Users\tech\source\repos\TradeFlow\OneManVan.Web\Components\Pages\Jobs\JobDetail.razor(170,83): error CS1061: 'Job' does not contain a definition for 'Invoice' and no accessible extension method 'Invoice' accepting a first argument of type 'Job' could be found (are you missing a using directive or an assembly reference?) [C:\Users\tech\source\repos\TradeFlow\OneManVan.Web\OneManVan.Web.csproj]
C:\Users\tech\source\repos\TradeFlow\OneManVan.Web\Components\Pages\Jobs\JobDetail.razor(170,105): error CS1061: 'Job' does not contain a definition for 'Invoice' and no accessible extension method 'Invoice' accepting a first argument of type 'Job' could be found (are you missing a using directive or an assembly reference?) [C:\Users\tech\source\repos\TradeFlow\OneManVan.Web\OneManVan.Web.csproj]
C:\Users\tech\source\repos\TradeFlow\OneManVan.Web\Components\Pages\Jobs\JobDetail.razor(173,64): error CS1061: 'Job' does not contain a definition for 'Invoice' and no accessible extension method 'Invoice' accepting a first argument of type 'Job' could be found (are you missing a using directive or an assembly reference?) [C:\Users\tech\source\repos\TradeFlow\OneManVan.Web\OneManVan.Web.csproj]
C:\Users\tech\source\repos\TradeFlow\OneManVan.Web\Components\Pages\Jobs\JobDetail.razor(174,61): error CS1061: 'Job' does not contain a definition for 'Invoice' and no accessible extension method 'Invoice' accepting a first argument of type 'Job' could be found (are you missing a using directive or an assembly reference?) [C:\Users\tech\source\repos\TradeFlow\OneManVan.Web\OneManVan.Web.csproj]
C:\Users\tech\source\repos\TradeFlow\OneManVan.Web\Components\Pages\Jobs\JobDetail.razor(192,56): error CS1061: 'Job' does not contain a definition for 'TotalAmount' and no accessible extension method 'TotalAmount' accepting a first argument of type 'Job' could be found (are you missing a using directive or an assembly reference?) [C:\Users\tech\source\repos\TradeFlow\OneManVan.Web\OneManVan.Web.csproj]
C:\Users\tech\source\repos\TradeFlow\OneManVan.Web\Components\Pages\Jobs\JobDetail.razor(200,83): error CS0023: Operator '?' cannot be applied to operand of type 'JobPriority' [C:\Users\tech\source\repos\TradeFlow\OneManVan.Web\OneManVan.Web.csproj]
C:\Users\tech\source\repos\TradeFlow\OneManVan.Web\Components\Pages\Jobs\JobDetail.razor(225,38): error CS1061: 'Job' does not contain a definition for 'Invoice' and no accessible extension method 'Invoice' accepting a first argument of type 'Job' could be found (are you missing a using directive or an assembly reference?) [C:\Users\tech\source\repos\TradeFlow\OneManVan.Web\OneManVan.Web.csproj]
C:\Users\tech\source\repos\TradeFlow\OneManVan.Web\Components\Pages\Invoices\InvoiceList.razor(236,98): error CS1061: 'Invoice' does not contain a definition for 'Balance' and no accessible extension method 'Balance' accepting a first argument of type 'Invoice' could be found (are you missing a using directive or an assembly reference?) [C:\Users\tech\source\repos\TradeFlow\OneManVan.Web\OneManVan.Web.csproj]
C:\Users\tech\source\repos\TradeFlow\OneManVan.Web\Components\Pages\Inventory\InventoryDetail.razor(290,34): error CS1061: 'OneManVanDbContext' does not contain a definition for 'Inventory' and no accessible extension method 'Inventory' accepting a first argument of type 'OneManVanDbContext' could be found (are you missing a using directive or an assembly reference?) [C:\Users\tech\source\repos\TradeFlow\OneManVan.Web\OneManVan.Web.csproj]
C:\Users\tech\source\repos\TradeFlow\OneManVan.Web\Components\Pages\Inventory\InventoryDetail.razor(293,45): error CS1061: 'TEntity' does not contain a definition for 'Id' and no accessible extension method 'Id' accepting a first argument of type 'TEntity' could be found (are you missing a using directive or an assembly reference?) [C:\Users\tech\source\repos\TradeFlow\OneManVan.Web\OneManVan.Web.csproj]
C:\Users\tech\source\repos\TradeFlow\OneManVan.Web\Components\Pages\Inventory\InventoryDetail.razor(300,123): error CS1061: 'InventoryItem' does not contain a definition for 'Quantity' and no accessible extension method 'Quantity' accepting a first argument of type 'InventoryItem' could be found (are you missing a using directive or an assembly reference?) [C:\Users\tech\source\repos\TradeFlow\OneManVan.Web\OneManVan.Web.csproj]
C:\Users\tech\source\repos\TradeFlow\OneManVan.Web\Components\Pages\Inventory\InventoryDetail.razor(301,123): error CS1061: 'InventoryItem' does not contain a definition for 'Quantity' and no accessible extension method 'Quantity' accepting a first argument of type 'InventoryItem' could be found (are you missing a using directive or an assembly reference?) [C:\Users\tech\source\repos\TradeFlow\OneManVan.Web\OneManVan.Web.csproj]
C:\Users\tech\source\repos\TradeFlow\OneManVan.Web\Components\Pages\Inventory\InventoryDetail.razor(302,123): error CS1061: 'InventoryItem' does not contain a definition for 'Quantity' and no accessible extension method 'Quantity' accepting a first argument of type 'InventoryItem' could be found (are you missing a using directive or an assembly reference?) [C:\Users\tech\source\repos\TradeFlow\OneManVan.Web\OneManVan.Web.csproj]
C:\Users\tech\source\repos\TradeFlow\OneManVan.Web\Components\Pages\Inventory\InventoryDetail.razor(314,24): error CS1061: 'InventoryItem' does not contain a definition for 'Quantity' and no accessible extension method 'Quantity' accepting a first argument of type 'InventoryItem' could be found (are you missing a using directive or an assembly reference?) [C:\Users\tech\source\repos\TradeFlow\OneManVan.Web\OneManVan.Web.csproj]
C:\Users\tech\source\repos\TradeFlow\OneManVan.Web\Components\Pages\Inventory\InventoryDetail.razor(316,23): error CS1061: 'InventoryItem' does not contain a definition for 'Quantity' and no accessible extension method 'Quantity' accepting a first argument of type 'InventoryItem' could be found (are you missing a using directive or an assembly reference?) [C:\Users\tech\source\repos\TradeFlow\OneManVan.Web\OneManVan.Web.csproj]
C:\Users\tech\source\repos\TradeFlow\OneManVan.Web\Components\Pages\Inventory\InventoryDetail.razor(323,24): error CS1061: 'InventoryItem' does not contain a definition for 'Quantity' and no accessible extension method 'Quantity' accepting a first argument of type 'InventoryItem' could be found (are you missing a using directive or an assembly reference?) [C:\Users\tech\source\repos\TradeFlow\OneManVan.Web\OneManVan.Web.csproj]
C:\Users\tech\source\repos\TradeFlow\OneManVan.Web\Components\Pages\Inventory\InventoryDetail.razor(325,23): error CS1061: 'InventoryItem' does not contain a definition for 'Quantity' and no accessible extension method 'Quantity' accepting a first argument of type 'InventoryItem' could be found (are you missing a using directive or an assembly reference?) [C:\Users\tech\source\repos\TradeFlow\OneManVan.Web\OneManVan.Web.csproj]
C:\Users\tech\source\repos\TradeFlow\OneManVan.Web\Components\Pages\Jobs\JobList.razor(131,54): error CS1061: 'Job' does not contain a definition for 'ScheduledStartTime' and no accessible extension method 'ScheduledStartTime' accepting a first argument of type 'Job' could be found (are you missing a using directive or an assembly reference?) [C:\Users\tech\source\repos\TradeFlow\OneManVan.Web\OneManVan.Web.csproj]
C:\Users\tech\source\repos\TradeFlow\OneManVan.Web\Components\Pages\Jobs\JobList.razor(134,80): error CS1061: 'Job' does not contain a definition for 'ScheduledStartTime' and no accessible extension method 'ScheduledStartTime' accepting a first argument of type 'Job' could be found (are you missing a using directive or an assembly reference?) [C:\Users\tech\source\repos\TradeFlow\OneManVan.Web\OneManVan.Web.csproj]
C:\Users\tech\source\repos\TradeFlow\OneManVan.Web\Components\Pages\Jobs\JobList.razor(147,46): error CS1061: 'Job' does not contain a definition for 'TotalAmount' and no accessible extension method 'TotalAmount' accepting a first argument of type 'Job' could be found (are you missing a using directive or an assembly reference?) [C:\Users\tech\source\repos\TradeFlow\OneManVan.Web\OneManVan.Web.csproj]
C:\Users\tech\source\repos\TradeFlow\OneManVan.Web\Components\Pages\Inventory\InventoryDetail.razor(332,24): error CS1061: 'InventoryItem' does not contain a definition for 'Quantity' and no accessible extension method 'Quantity' accepting a first argument of type 'InventoryItem' could be found (are you missing a using directive or an assembly reference?) [C:\Users\tech\source\repos\TradeFlow\OneManVan.Web\OneManVan.Web.csproj]
C:\Users\tech\source\repos\TradeFlow\OneManVan.Web\Components\Pages\Inventory\InventoryDetail.razor(334,23): error CS1061: 'InventoryItem' does not contain a definition for 'Quantity' and no accessible extension method 'Quantity' accepting a first argument of type 'InventoryItem' could be found (are you missing a using directive or an assembly reference?) [C:\Users\tech\source\repos\TradeFlow\OneManVan.Web\OneManVan.Web.csproj]
C:\Users\tech\source\repos\TradeFlow\OneManVan.Web\Components\Pages\Jobs\JobDetail.razor(274,33): error CS1061: 'Job' does not contain a definition for 'Assets' and no accessible extension method 'Assets' accepting a first argument of type 'Job' could be found (are you missing a using directive or an assembly reference?) [C:\Users\tech\source\repos\TradeFlow\OneManVan.Web\OneManVan.Web.csproj]
C:\Users\tech\source\repos\TradeFlow\OneManVan.Web\Components\Pages\Jobs\JobDetail.razor(278,45): error CS1061: 'TEntity' does not contain a definition for 'Id' and no accessible extension method 'Id' accepting a first argument of type 'TEntity' could be found (are you missing a using directive or an assembly reference?) [C:\Users\tech\source\repos\TradeFlow\OneManVan.Web\OneManVan.Web.csproj]
C:\Users\tech\source\repos\TradeFlow\OneManVan.Web\Components\Pages\Jobs\JobEdit.razor(83,84): error CS1503: Argument 1: cannot convert from 'string' to 'System.DateTime' [C:\Users\tech\source\repos\TradeFlow\OneManVan.Web\OneManVan.Web.csproj]
C:\Users\tech\source\repos\TradeFlow\OneManVan.Web\obj\Debug\net10.0\Microsoft.CodeAnalysis.Razor.Compiler\Microsoft.NET.Sdk.Razor.SourceGenerators.RazorSourceGenerator\Components_Pages_Jobs_JobEdit_razor.g.cs(452,168): error CS0029: Cannot implicitly convert type 'System.TimeOnly?' to 'string' [C:\Users\tech\source\repos\TradeFlow\OneManVan.Web\OneManVan.Web.csproj]
C:\Users\tech\source\repos\TradeFlow\OneManVan.Web\Components\Pages\Jobs\JobEdit.razor(87,84): error CS1503: Argument 1: cannot convert from 'string' to 'System.DateTime' [C:\Users\tech\source\repos\TradeFlow\OneManVan.Web\OneManVan.Web.csproj]
C:\Users\tech\source\repos\TradeFlow\OneManVan.Web\obj\Debug\net10.0\Microsoft.CodeAnalysis.Razor.Compiler\Microsoft.NET.Sdk.Razor.SourceGenerators.RazorSourceGenerator\Components_Pages_Jobs_JobEdit_razor.g.cs(472,166): error CS0029: Cannot implicitly convert type 'System.TimeOnly?' to 'string' [C:\Users\tech\source\repos\TradeFlow\OneManVan.Web\OneManVan.Web.csproj]
C:\Users\tech\source\repos\TradeFlow\OneManVan.Web\Components\Pages\Jobs\JobEdit.razor(91,88): error CS1061: 'Job' does not contain a definition for 'ServiceLocation' and no accessible extension method 'ServiceLocation' accepting a first argument of type 'Job' could be found (are you missing a using directive or an assembly reference?) [C:\Users\tech\source\repos\TradeFlow\OneManVan.Web\OneManVan.Web.csproj]
C:\Users\tech\source\repos\TradeFlow\OneManVan.Web\obj\Debug\net10.0\Microsoft.CodeAnalysis.Razor.Compiler\Microsoft.NET.Sdk.Razor.SourceGenerators.RazorSourceGenerator\Components_Pages_Jobs_JobEdit_razor.g.cs(500,547): error CS1061: 'Job' does not contain a definition for 'ServiceLocation' and no accessible extension method 'ServiceLocation' accepting a first argument of type 'Job' could be found (are you missing a using directive or an assembly reference?) [C:\Users\tech\source\repos\TradeFlow\OneManVan.Web\OneManVan.Web.csproj]
C:\Users\tech\source\repos\TradeFlow\OneManVan.Web\obj\Debug\net10.0\Microsoft.CodeAnalysis.Razor.Compiler\Microsoft.NET.Sdk.Razor.SourceGenerators.RazorSourceGenerator\Components_Pages_Jobs_JobEdit_razor.g.cs(500,514): error CS1061: 'Job' does not contain a definition for 'ServiceLocation' and no accessible extension method 'ServiceLocation' accepting a first argument of type 'Job' could be found (are you missing a using directive or an assembly reference?) [C:\Users\tech\source\repos\TradeFlow\OneManVan.Web\OneManVan.Web.csproj]
C:\Users\tech\source\repos\TradeFlow\OneManVan.Web\obj\Debug\net10.0\Microsoft.CodeAnalysis.Razor.Compiler\Microsoft.NET.Sdk.Razor.SourceGenerators.RazorSourceGenerator\Components_Pages_Jobs_JobEdit_razor.g.cs(501,318): error CS1061: 'Job' does not contain a definition for 'ServiceLocation' and no accessible extension method 'ServiceLocation' accepting a first argument of type 'Job' could be found (are you missing a using directive or an assembly reference?) [C:\Users\tech\source\repos\TradeFlow\OneManVan.Web\OneManVan.Web.csproj]
C:\Users\tech\source\repos\TradeFlow\OneManVan.Web\Components\Pages\Jobs\JobEdit.razor(118,94): error CS1061: 'Job' does not contain a definition for 'TotalAmount' and no accessible extension method 'TotalAmount' accepting a first argument of type 'Job' could be found (are you missing a using directive or an assembly reference?) [C:\Users\tech\source\repos\TradeFlow\OneManVan.Web\OneManVan.Web.csproj]
C:\Users\tech\source\repos\TradeFlow\OneManVan.Web\obj\Debug\net10.0\Microsoft.CodeAnalysis.Razor.Compiler\Microsoft.NET.Sdk.Razor.SourceGenerators.RazorSourceGenerator\Components_Pages_Jobs_JobEdit_razor.g.cs(596,251): error CS1061: 'Job' does not contain a definition for 'TotalAmount' and no accessible extension method 'TotalAmount' accepting a first argument of type 'Job' could be found (are you missing a using directive or an assembly reference?) [C:\Users\tech\source\repos\TradeFlow\OneManVan.Web\OneManVan.Web.csproj]
C:\Users\tech\source\repos\TradeFlow\OneManVan.Web\obj\Debug\net10.0\Microsoft.CodeAnalysis.Razor.Compiler\Microsoft.NET.Sdk.Razor.SourceGenerators.RazorSourceGenerator\Components_Pages_Jobs_JobEdit_razor.g.cs(596,222): error CS1061: 'Job' does not contain a definition for 'TotalAmount' and no accessible extension method 'TotalAmount' accepting a first argument of type 'Job' could be found (are you missing a using directive or an assembly reference?) [C:\Users\tech\source\repos\TradeFlow\OneManVan.Web\OneManVan.Web.csproj]
C:\Users\tech\source\repos\TradeFlow\OneManVan.Web\obj\Debug\net10.0\Microsoft.CodeAnalysis.Razor.Compiler\Microsoft.NET.Sdk.Razor.SourceGenerators.RazorSourceGenerator\Components_Pages_Jobs_JobEdit_razor.g.cs(596,283): error CS1061: 'Job' does not contain a definition for 'TotalAmount' and no accessible extension method 'TotalAmount' accepting a first argument of type 'Job' could be found (are you missing a using directive or an assembly reference?) [C:\Users\tech\source\repos\TradeFlow\OneManVan.Web\OneManVan.Web.csproj]
C:\Users\tech\source\repos\TradeFlow\OneManVan.Web\obj\Debug\net10.0\Microsoft.CodeAnalysis.Razor.Compiler\Microsoft.NET.Sdk.Razor.SourceGenerators.RazorSourceGenerator\Components_Pages_Jobs_JobEdit_razor.g.cs(268,185): error CS1662: Cannot convert lambda expression to intended delegate type because some of the return types in the block are not implicitly convertible to the delegate return type [C:\Users\tech\source\repos\TradeFlow\OneManVan.Web\OneManVan.Web.csproj]
C:\Users\tech\source\repos\TradeFlow\OneManVan.Web\Components\Pages\Inventory\InventoryDetail.razor(341,24): error CS1061: 'InventoryItem' does not contain a definition for 'Quantity' and no accessible extension method 'Quantity' accepting a first argument of type 'InventoryItem' could be found (are you missing a using directive or an assembly reference?) [C:\Users\tech\source\repos\TradeFlow\OneManVan.Web\OneManVan.Web.csproj]
C:\Users\tech\source\repos\TradeFlow\OneManVan.Web\Components\Pages\Inventory\InventoryDetail.razor(343,23): error CS1061: 'InventoryItem' does not contain a definition for 'Quantity' and no accessible extension method 'Quantity' accepting a first argument of type 'InventoryItem' could be found (are you missing a using directive or an assembly reference?) [C:\Users\tech\source\repos\TradeFlow\OneManVan.Web\OneManVan.Web.csproj]
C:\Users\tech\source\repos\TradeFlow\OneManVan.Web\Components\Pages\Jobs\JobEdit.razor(208,17): error CS0117: 'Job' does not contain a definition for 'TotalAmount' [C:\Users\tech\source\repos\TradeFlow\OneManVan.Web\OneManVan.Web.csproj]
C:\Users\tech\source\repos\TradeFlow\OneManVan.Web\Components\Pages\Jobs\JobEdit.razor(248,27): error CS1061: 'Job' does not contain a definition for 'ScheduledStartTime' and no accessible extension method 'ScheduledStartTime' accepting a first argument of type 'Job' could be found (are you missing a using directive or an assembly reference?) [C:\Users\tech\source\repos\TradeFlow\OneManVan.Web\OneManVan.Web.csproj]
C:\Users\tech\source\repos\TradeFlow\OneManVan.Web\Components\Pages\Jobs\JobEdit.razor(250,45): error CS1061: 'Job' does not contain a definition for 'ScheduledStartTime' and no accessible extension method 'ScheduledStartTime' accepting a first argument of type 'Job' could be found (are you missing a using directive or an assembly reference?) [C:\Users\tech\source\repos\TradeFlow\OneManVan.Web\OneManVan.Web.csproj]
C:\Users\tech\source\repos\TradeFlow\OneManVan.Web\Components\Pages\Jobs\JobEdit.razor(252,27): error CS1061: 'Job' does not contain a definition for 'ScheduledEndTime' and no accessible extension method 'ScheduledEndTime' accepting a first argument of type 'Job' could be found (are you missing a using directive or an assembly reference?) [C:\Users\tech\source\repos\TradeFlow\OneManVan.Web\OneManVan.Web.csproj]
C:\Users\tech\source\repos\TradeFlow\OneManVan.Web\Components\Pages\Jobs\JobEdit.razor(254,43): error CS1061: 'Job' does not contain a definition for 'ScheduledEndTime' and no accessible extension method 'ScheduledEndTime' accepting a first argument of type 'Job' could be found (are you missing a using directive or an assembly reference?) [C:\Users\tech\source\repos\TradeFlow\OneManVan.Web\OneManVan.Web.csproj]
C:\Users\tech\source\repos\TradeFlow\OneManVan.Web\Components\Pages\Inventory\InventoryDetail.razor(350,72): error CS1061: 'InventoryItem' does not contain a definition for 'Quantity' and no accessible extension method 'Quantity' accepting a first argument of type 'InventoryItem' could be found (are you missing a using directive or an assembly reference?) [C:\Users\tech\source\repos\TradeFlow\OneManVan.Web\OneManVan.Web.csproj]
C:\Users\tech\source\repos\TradeFlow\OneManVan.Web\Components\Pages\Inventory\InventoryDetail.razor(351,27): error CS1061: 'InventoryItem' does not contain a definition for 'Quantity' and no accessible extension method 'Quantity' accepting a first argument of type 'InventoryItem' could be found (are you missing a using directive or an assembly reference?) [C:\Users\tech\source\repos\TradeFlow\OneManVan.Web\OneManVan.Web.csproj]
C:\Users\tech\source\repos\TradeFlow\OneManVan.Web\Components\Pages\Inventory\InventoryDetail.razor(356,27): error CS1061: 'InventoryItem' does not contain a definition for 'Quantity' and no accessible extension method 'Quantity' accepting a first argument of type 'InventoryItem' could be found (are you missing a using directive or an assembly reference?) [C:\Users\tech\source\repos\TradeFlow\OneManVan.Web\OneManVan.Web.csproj]
C:\Users\tech\source\repos\TradeFlow\OneManVan.Web\Components\Pages\Inventory\InventoryDetail.razor(361,27): error CS1061: 'InventoryItem' does not contain a definition for 'Quantity' and no accessible extension method 'Quantity' accepting a first argument of type 'InventoryItem' could be found (are you missing a using directive or an assembly reference?) [C:\Users\tech\source\repos\TradeFlow\OneManVan.Web\OneManVan.Web.csproj]
C:\Users\tech\source\repos\TradeFlow\OneManVan.Web\Components\Pages\Inventory\InventoryDetail.razor(361,49): error CS1061: 'InventoryItem' does not contain a definition for 'Product' and no accessible extension method 'Product' accepting a first argument of type 'InventoryItem' could be found (are you missing a using directive or an assembly reference?) [C:\Users\tech\source\repos\TradeFlow\OneManVan.Web\OneManVan.Web.csproj]
C:\Users\tech\source\repos\TradeFlow\OneManVan.Web\Components\Pages\Inventory\InventoryList.razor(274,20): error CS1061: 'InventoryItem' does not contain a definition for 'Product' and no accessible extension method 'Product' accepting a first argument of type 'InventoryItem' could be found (are you missing a using directive or an assembly reference?) [C:\Users\tech\source\repos\TradeFlow\OneManVan.Web\OneManVan.Web.csproj]
C:\Users\tech\source\repos\TradeFlow\OneManVan.Web\Components\Pages\Inventory\InventoryList.razor(275,20): error CS1061: 'InventoryItem' does not contain a definition for 'Product' and no accessible extension method 'Product' accepting a first argument of type 'InventoryItem' could be found (are you missing a using directive or an assembly reference?) [C:\Users\tech\source\repos\TradeFlow\OneManVan.Web\OneManVan.Web.csproj]
C:\Users\tech\source\repos\TradeFlow\OneManVan.Web\Components\Pages\Inventory\InventoryList.razor(290,45): error CS1061: 'InventoryItem' does not contain a definition for 'Quantity' and no accessible extension method 'Quantity' accepting a first argument of type 'InventoryItem' could be found (are you missing a using directive or an assembly reference?) [C:\Users\tech\source\repos\TradeFlow\OneManVan.Web\OneManVan.Web.csproj]
C:\Users\tech\source\repos\TradeFlow\OneManVan.Web\Components\Pages\Inventory\InventoryList.razor(290,77): error CS1061: 'InventoryItem' does not contain a definition for 'Quantity' and no accessible extension method 'Quantity' accepting a first argument of type 'InventoryItem' could be found (are you missing a using directive or an assembly reference?) [C:\Users\tech\source\repos\TradeFlow\OneManVan.Web\OneManVan.Web.csproj]
C:\Users\tech\source\repos\TradeFlow\OneManVan.Web\Components\Pages\Inventory\InventoryList.razor(291,45): error CS1061: 'InventoryItem' does not contain a definition for 'Quantity' and no accessible extension method 'Quantity' accepting a first argument of type 'InventoryItem' could be found (are you missing a using directive or an assembly reference?) [C:\Users\tech\source\repos\TradeFlow\OneManVan.Web\OneManVan.Web.csproj]
C:\Users\tech\source\repos\TradeFlow\OneManVan.Web\Components\Pages\Inventory\InventoryList.razor(292,48): error CS1061: 'InventoryItem' does not contain a definition for 'Quantity' and no accessible extension method 'Quantity' accepting a first argument of type 'InventoryItem' could be found (are you missing a using directive or an assembly reference?) [C:\Users\tech\source\repos\TradeFlow\OneManVan.Web\OneManVan.Web.csproj]
C:\Users\tech\source\repos\TradeFlow\OneManVan.Web\Components\Pages\Inventory\InventoryList.razor(301,40): error CS1061: 'InventoryItem' does not contain a definition for 'Product' and no accessible extension method 'Product' accepting a first argument of type 'InventoryItem' could be found (are you missing a using directive or an assembly reference?) [C:\Users\tech\source\repos\TradeFlow\OneManVan.Web\OneManVan.Web.csproj]
C:\Users\tech\source\repos\TradeFlow\OneManVan.Web\Components\Pages\Inventory\InventoryList.razor(302,50): error CS1061: 'InventoryItem' does not contain a definition for 'Product' and no accessible extension method 'Product' accepting a first argument of type 'InventoryItem' could be found (are you missing a using directive or an assembly reference?) [C:\Users\tech\source\repos\TradeFlow\OneManVan.Web\OneManVan.Web.csproj]
C:\Users\tech\source\repos\TradeFlow\OneManVan.Web\Components\Pages\Inventory\InventoryList.razor(304,40): error CS1061: 'InventoryItem' does not contain a definition for 'Quantity' and no accessible extension method 'Quantity' accepting a first argument of type 'InventoryItem' could be found (are you missing a using directive or an assembly reference?) [C:\Users\tech\source\repos\TradeFlow\OneManVan.Web\OneManVan.Web.csproj]
C:\Users\tech\source\repos\TradeFlow\OneManVan.Web\Components\Pages\Inventory\InventoryList.razor(305,50): error CS1061: 'InventoryItem' does not contain a definition for 'Quantity' and no accessible extension method 'Quantity' accepting a first argument of type 'InventoryItem' could be found (are you missing a using directive or an assembly reference?) [C:\Users\tech\source\repos\TradeFlow\OneManVan.Web\OneManVan.Web.csproj]
C:\Users\tech\source\repos\TradeFlow\OneManVan.Web\Components\Pages\Inventory\InventoryList.razor(306,39): error CS1061: 'InventoryItem' does not contain a definition for 'Product' and no accessible extension method 'Product' accepting a first argument of type 'InventoryItem' could be found (are you missing a using directive or an assembly reference?) [C:\Users\tech\source\repos\TradeFlow\OneManVan.Web\OneManVan.Web.csproj]
C:\Users\tech\source\repos\TradeFlow\OneManVan.Web\Components\Pages\Inventory\InventoryDetail.razor(381,23): error CS1061: 'InventoryItem' does not contain a definition for 'ProductId' and no accessible extension method 'ProductId' accepting a first argument of type 'InventoryItem' could be found (are you missing a using directive or an assembly reference?) [C:\Users\tech\source\repos\TradeFlow\OneManVan.Web\OneManVan.Web.csproj]
C:\Users\tech\source\repos\TradeFlow\OneManVan.Web\Components\Pages\Inventory\InventoryDetail.razor(383,58): error CS1061: 'InventoryItem' does not contain a definition for 'ProductId' and no accessible extension method 'ProductId' accepting a first argument of type 'InventoryItem' could be found (are you missing a using directive or an assembly reference?) [C:\Users\tech\source\repos\TradeFlow\OneManVan.Web\OneManVan.Web.csproj]
C:\Users\tech\source\repos\TradeFlow\OneManVan.Web\Components\Pages\Inventory\InventoryList.razor(359,18): error CS1061: 'InventoryItem' does not contain a definition for 'Quantity' and no accessible extension method 'Quantity' accepting a first argument of type 'InventoryItem' could be found (are you missing a using directive or an assembly reference?) [C:\Users\tech\source\repos\TradeFlow\OneManVan.Web\OneManVan.Web.csproj]
C:\Users\tech\source\repos\TradeFlow\OneManVan.Web\Components\Pages\Inventory\InventoryList.razor(361,18): error CS1061: 'InventoryItem' does not contain a definition for 'Quantity' and no accessible extension method 'Quantity' accepting a first argument of type 'InventoryItem' could be found (are you missing a using directive or an assembly reference?) [C:\Users\tech\source\repos\TradeFlow\OneManVan.Web\OneManVan.Web.csproj]
C:\Users\tech\source\repos\TradeFlow\OneManVan.Web\Components\Pages\Jobs\JobEdit.razor(285,23): error CS1061: 'Job' does not contain a definition for 'ScheduledStartTime' and no accessible extension method 'ScheduledStartTime' accepting a first argument of type 'Job' could be found (are you missing a using directive or an assembly reference?) [C:\Users\tech\source\repos\TradeFlow\OneManVan.Web\OneManVan.Web.csproj]
C:\Users\tech\source\repos\TradeFlow\OneManVan.Web\Components\Pages\Jobs\JobEdit.razor(289,23): error CS1061: 'Job' does not contain a definition for 'ScheduledEndTime' and no accessible extension method 'ScheduledEndTime' accepting a first argument of type 'Job' could be found (are you missing a using directive or an assembly reference?) [C:\Users\tech\source\repos\TradeFlow\OneManVan.Web\OneManVan.Web.csproj]
C:\Users\tech\source\repos\TradeFlow\OneManVan.Web\Components\Pages\Jobs\JobEdit.razor(317,23): error CS1061: 'Job' does not contain a definition for 'ModifiedAt' and no accessible extension method 'ModifiedAt' accepting a first argument of type 'Job' could be found (are you missing a using directive or an assembly reference?) [C:\Users\tech\source\repos\TradeFlow\OneManVan.Web\OneManVan.Web.csproj]
C:\Users\tech\source\repos\TradeFlow\OneManVan.Web\Components\Pages\Inventory\InventoryList.razor(368,18): error CS1061: 'InventoryItem' does not contain a definition for 'Quantity' and no accessible extension method 'Quantity' accepting a first argument of type 'InventoryItem' could be found (are you missing a using directive or an assembly reference?) [C:\Users\tech\source\repos\TradeFlow\OneManVan.Web\OneManVan.Web.csproj]
C:\Users\tech\source\repos\TradeFlow\OneManVan.Web\Components\Pages\Inventory\InventoryList.razor(370,18): error CS1061: 'InventoryItem' does not contain a definition for 'Quantity' and no accessible extension method 'Quantity' accepting a first argument of type 'InventoryItem' could be found (are you missing a using directive or an assembly reference?) [C:\Users\tech\source\repos\TradeFlow\OneManVan.Web\OneManVan.Web.csproj]
C:\Users\tech\source\repos\TradeFlow\OneManVan.Web\Components\Pages\Inventory\InventoryList.razor(377,18): error CS1061: 'InventoryItem' does not contain a definition for 'Quantity' and no accessible extension method 'Quantity' accepting a first argument of type 'InventoryItem' could be found (are you missing a using directive or an assembly reference?) [C:\Users\tech\source\repos\TradeFlow\OneManVan.Web\OneManVan.Web.csproj]
C:\Users\tech\source\repos\TradeFlow\OneManVan.Web\Components\Pages\Inventory\InventoryList.razor(379,18): error CS1061: 'InventoryItem' does not contain a definition for 'Quantity' and no accessible extension method 'Quantity' accepting a first argument of type 'InventoryItem' could be found (are you missing a using directive or an assembly reference?) [C:\Users\tech\source\repos\TradeFlow\OneManVan.Web\OneManVan.Web.csproj]
C:\Users\tech\source\repos\TradeFlow\OneManVan.Web\Components\Pages\Products\ProductDetail.razor(9,22): error CS1061: 'Product' does not contain a definition for 'Name' and no accessible extension method 'Name' accepting a first argument of type 'Product' could be found (are you missing a using directive or an assembly reference?) [C:\Users\tech\source\repos\TradeFlow\OneManVan.Web\OneManVan.Web.csproj]
C:\Users\tech\source\repos\TradeFlow\OneManVan.Web\Components\Pages\Products\ProductDetail.razor(49,56): error CS1503: Argument 1: cannot convert from 'OneManVan.Shared.Models.Enums.ProductCategory' to 'string?' [C:\Users\tech\source\repos\TradeFlow\OneManVan.Web\OneManVan.Web.csproj]
C:\Users\tech\source\repos\TradeFlow\OneManVan.Web\Components\Pages\Products\ProductDetail.razor(90,83): error CS1501: No overload for method 'ToString' takes 1 arguments [C:\Users\tech\source\repos\TradeFlow\OneManVan.Web\OneManVan.Web.csproj]
C:\Users\tech\source\repos\TradeFlow\OneManVan.Web\Components\Pages\Products\ProductDetail.razor(94,48): error CS1061: 'Product' does not contain a definition for 'Cost' and no accessible extension method 'Cost' accepting a first argument of type 'Product' could be found (are you missing a using directive or an assembly reference?) [C:\Users\tech\source\repos\TradeFlow\OneManVan.Web\OneManVan.Web.csproj]
C:\Users\tech\source\repos\TradeFlow\OneManVan.Web\Components\Pages\Products\ProductDetail.razor(143,86): error CS1061: 'Asset' does not contain a definition for 'SerialNumber' and no accessible extension method 'SerialNumber' accepting a first argument of type 'Asset' could be found (are you missing a using directive or an assembly reference?) [C:\Users\tech\source\repos\TradeFlow\OneManVan.Web\OneManVan.Web.csproj]
C:\Users\tech\source\repos\TradeFlow\OneManVan.Web\Components\Pages\Products\ProductDetail.razor(145,92): error CS1061: 'Asset' does not contain a definition for 'SerialNumber' and no accessible extension method 'SerialNumber' accepting a first argument of type 'Asset' could be found (are you missing a using directive or an assembly reference?) [C:\Users\tech\source\repos\TradeFlow\OneManVan.Web\OneManVan.Web.csproj]
C:\Users\tech\source\repos\TradeFlow\OneManVan.Web\Components\Pages\Products\ProductDetail.razor(213,38): error CS1061: 'Product' does not contain a definition for 'WarrantyMonths' and no accessible extension method 'WarrantyMonths' accepting a first argument of type 'Product' could be found (are you missing a using directive or an assembly reference?) [C:\Users\tech\source\repos\TradeFlow\OneManVan.Web\OneManVan.Web.csproj]
C:\Users\tech\source\repos\TradeFlow\OneManVan.Web\Components\Pages\Products\ProductDetail.razor(217,48): error CS1061: 'Product' does not contain a definition for 'WarrantyMonths' and no accessible extension method 'WarrantyMonths' accepting a first argument of type 'Product' could be found (are you missing a using directive or an assembly reference?) [C:\Users\tech\source\repos\TradeFlow\OneManVan.Web\OneManVan.Web.csproj]
C:\Users\tech\source\repos\TradeFlow\OneManVan.Web\Components\Pages\Products\ProductDetail.razor(220,60): error CS1061: 'Product' does not contain a definition for 'ManufacturerWarrantyUrl' and no accessible extension method 'ManufacturerWarrantyUrl' accepting a first argument of type 'Product' could be found (are you missing a using directive or an assembly reference?) [C:\Users\tech\source\repos\TradeFlow\OneManVan.Web\OneManVan.Web.csproj]
C:\Users\tech\source\repos\TradeFlow\OneManVan.Web\Components\Pages\Products\ProductDetail.razor(224,51): error CS1061: 'Product' does not contain a definition for 'ManufacturerWarrantyUrl' and no accessible extension method 'ManufacturerWarrantyUrl' accepting a first argument of type 'Product' could be found (are you missing a using directive or an assembly reference?) [C:\Users\tech\source\repos\TradeFlow\OneManVan.Web\OneManVan.Web.csproj]
C:\Users\tech\source\repos\TradeFlow\OneManVan.Web\Components\Pages\Inventory\InventoryEdit.razor(49,67): error CS1061: 'InventoryItem' does not contain a definition for 'Quantity' and no accessible extension method 'Quantity' accepting a first argument of type 'InventoryItem' could be found (are you missing a using directive or an assembly reference?) [C:\Users\tech\source\repos\TradeFlow\OneManVan.Web\OneManVan.Web.csproj]
C:\Users\tech\source\repos\TradeFlow\OneManVan.Web\Components\Pages\Inventory\InventoryEdit.razor(106,82): error CS1061: 'InventoryItem' does not contain a definition for 'ProductId' and no accessible extension method 'ProductId' accepting a first argument of type 'InventoryItem' could be found (are you missing a using directive or an assembly reference?) [C:\Users\tech\source\repos\TradeFlow\OneManVan.Web\OneManVan.Web.csproj]
C:\Users\tech\source\repos\TradeFlow\OneManVan.Web\obj\Debug\net10.0\Microsoft.CodeAnalysis.Razor.Compiler\Microsoft.NET.Sdk.Razor.SourceGenerators.RazorSourceGenerator\Components_Pages_Inventory_InventoryEdit_razor.g.cs(529,183): error CS1061: 'InventoryItem' does not contain a definition for 'ProductId' and no accessible extension method 'ProductId' accepting a first argument of type 'InventoryItem' could be found (are you missing a using directive or an assembly reference?) [C:\Users\tech\source\repos\TradeFlow\OneManVan.Web\OneManVan.Web.csproj]
C:\Users\tech\source\repos\TradeFlow\OneManVan.Web\obj\Debug\net10.0\Microsoft.CodeAnalysis.Razor.Compiler\Microsoft.NET.Sdk.Razor.SourceGenerators.RazorSourceGenerator\Components_Pages_Inventory_InventoryEdit_razor.g.cs(529,156): error CS1061: 'InventoryItem' does not contain a definition for 'ProductId' and no accessible extension method 'ProductId' accepting a first argument of type 'InventoryItem' could be found (are you missing a using directive or an assembly reference?) [C:\Users\tech\source\repos\TradeFlow\OneManVan.Web\OneManVan.Web.csproj]
C:\Users\tech\source\repos\TradeFlow\OneManVan.Web\Components\Pages\Inventory\InventoryEdit.razor(110,86): error CS1061: 'Product' does not contain a definition for 'Name' and no accessible extension method 'Name' accepting a first argument of type 'Product' could be found (are you missing a using directive or an assembly reference?) [C:\Users\tech\source\repos\TradeFlow\OneManVan.Web\OneManVan.Web.csproj]
C:\Users\tech\source\repos\TradeFlow\OneManVan.Web\Components\Pages\Inventory\InventoryEdit.razor(110,101): error CS1061: 'Product' does not contain a definition for 'SKU' and no accessible extension method 'SKU' accepting a first argument of type 'Product' could be found (are you missing a using directive or an assembly reference?) [C:\Users\tech\source\repos\TradeFlow\OneManVan.Web\OneManVan.Web.csproj]
C:\Users\tech\source\repos\TradeFlow\OneManVan.Web\Components\Pages\Inventory\InventoryEdit.razor(136,94): error CS1061: 'InventoryItem' does not contain a definition for 'Quantity' and no accessible extension method 'Quantity' accepting a first argument of type 'InventoryItem' could be found (are you missing a using directive or an assembly reference?) [C:\Users\tech\source\repos\TradeFlow\OneManVan.Web\OneManVan.Web.csproj]
C:\Users\tech\source\repos\TradeFlow\OneManVan.Web\obj\Debug\net10.0\Microsoft.CodeAnalysis.Razor.Compiler\Microsoft.NET.Sdk.Razor.SourceGenerators.RazorSourceGenerator\Components_Pages_Inventory_InventoryEdit_razor.g.cs(674,248): error CS1061: 'InventoryItem' does not contain a definition for 'Quantity' and no accessible extension method 'Quantity' accepting a first argument of type 'InventoryItem' could be found (are you missing a using directive or an assembly reference?) [C:\Users\tech\source\repos\TradeFlow\OneManVan.Web\OneManVan.Web.csproj]
C:\Users\tech\source\repos\TradeFlow\OneManVan.Web\obj\Debug\net10.0\Microsoft.CodeAnalysis.Razor.Compiler\Microsoft.NET.Sdk.Razor.SourceGenerators.RazorSourceGenerator\Components_Pages_Inventory_InventoryEdit_razor.g.cs(674,222): error CS1061: 'InventoryItem' does not contain a definition for 'Quantity' and no accessible extension method 'Quantity' accepting a first argument of type 'InventoryItem' could be found (are you missing a using directive or an assembly reference?) [C:\Users\tech\source\repos\TradeFlow\OneManVan.Web\OneManVan.Web.csproj]
C:\Users\tech\source\repos\TradeFlow\OneManVan.Web\obj\Debug\net10.0\Microsoft.CodeAnalysis.Razor.Compiler\Microsoft.NET.Sdk.Razor.SourceGenerators.RazorSourceGenerator\Components_Pages_Inventory_InventoryEdit_razor.g.cs(674,277): error CS1061: 'InventoryItem' does not contain a definition for 'Quantity' and no accessible extension method 'Quantity' accepting a first argument of type 'InventoryItem' could be found (are you missing a using directive or an assembly reference?) [C:\Users\tech\source\repos\TradeFlow\OneManVan.Web\OneManVan.Web.csproj]
C:\Users\tech\source\repos\TradeFlow\OneManVan.Web\Components\Pages\Inventory\InventoryEdit.razor(145,94): error CS1061: 'InventoryItem' does not contain a definition for 'ReorderQuantity' and no accessible extension method 'ReorderQuantity' accepting a first argument of type 'InventoryItem' could be found (are you missing a using directive or an assembly reference?) [C:\Users\tech\source\repos\TradeFlow\OneManVan.Web\OneManVan.Web.csproj]
C:\Users\tech\source\repos\TradeFlow\OneManVan.Web\obj\Debug\net10.0\Microsoft.CodeAnalysis.Razor.Compiler\Microsoft.NET.Sdk.Razor.SourceGenerators.RazorSourceGenerator\Components_Pages_Inventory_InventoryEdit_razor.g.cs(704,255): error CS1061: 'InventoryItem' does not contain a definition for 'ReorderQuantity' and no accessible extension method 'ReorderQuantity' accepting a first argument of type 'InventoryItem' could be found (are you missing a using directive or an assembly reference?) [C:\Users\tech\source\repos\TradeFlow\OneManVan.Web\OneManVan.Web.csproj]
C:\Users\tech\source\repos\TradeFlow\OneManVan.Web\obj\Debug\net10.0\Microsoft.CodeAnalysis.Razor.Compiler\Microsoft.NET.Sdk.Razor.SourceGenerators.RazorSourceGenerator\Components_Pages_Inventory_InventoryEdit_razor.g.cs(704,222): error CS1061: 'InventoryItem' does not contain a definition for 'ReorderQuantity' and no accessible extension method 'ReorderQuantity' accepting a first argument of type 'InventoryItem' could be found (are you missing a using directive or an assembly reference?) [C:\Users\tech\source\repos\TradeFlow\OneManVan.Web\OneManVan.Web.csproj]
C:\Users\tech\source\repos\TradeFlow\OneManVan.Web\obj\Debug\net10.0\Microsoft.CodeAnalysis.Razor.Compiler\Microsoft.NET.Sdk.Razor.SourceGenerators.RazorSourceGenerator\Components_Pages_Inventory_InventoryEdit_razor.g.cs(704,291): error CS1061: 'InventoryItem' does not contain a definition for 'ReorderQuantity' and no accessible extension method 'ReorderQuantity' accepting a first argument of type 'InventoryItem' could be found (are you missing a using directive or an assembly reference?) [C:\Users\tech\source\repos\TradeFlow\OneManVan.Web\OneManVan.Web.csproj]
C:\Users\tech\source\repos\TradeFlow\OneManVan.Web\Components\Pages\Inventory\InventoryEdit.razor(158,97): error CS1061: 'InventoryItem' does not contain a definition for 'Notes' and no accessible extension method 'Notes' accepting a first argument of type 'InventoryItem' could be found (are you missing a using directive or an assembly reference?) [C:\Users\tech\source\repos\TradeFlow\OneManVan.Web\OneManVan.Web.csproj]
C:\Users\tech\source\repos\TradeFlow\OneManVan.Web\obj\Debug\net10.0\Microsoft.CodeAnalysis.Razor.Compiler\Microsoft.NET.Sdk.Razor.SourceGenerators.RazorSourceGenerator\Components_Pages_Inventory_InventoryEdit_razor.g.cs(745,541): error CS1061: 'InventoryItem' does not contain a definition for 'Notes' and no accessible extension method 'Notes' accepting a first argument of type 'InventoryItem' could be found (are you missing a using directive or an assembly reference?) [C:\Users\tech\source\repos\TradeFlow\OneManVan.Web\OneManVan.Web.csproj]
C:\Users\tech\source\repos\TradeFlow\OneManVan.Web\obj\Debug\net10.0\Microsoft.CodeAnalysis.Razor.Compiler\Microsoft.NET.Sdk.Razor.SourceGenerators.RazorSourceGenerator\Components_Pages_Inventory_InventoryEdit_razor.g.cs(745,518): error CS1061: 'InventoryItem' does not contain a definition for 'Notes' and no accessible extension method 'Notes' accepting a first argument of type 'InventoryItem' could be found (are you missing a using directive or an assembly reference?) [C:\Users\tech\source\repos\TradeFlow\OneManVan.Web\OneManVan.Web.csproj]
C:\Users\tech\source\repos\TradeFlow\OneManVan.Web\obj\Debug\net10.0\Microsoft.CodeAnalysis.Razor.Compiler\Microsoft.NET.Sdk.Razor.SourceGenerators.RazorSourceGenerator\Components_Pages_Inventory_InventoryEdit_razor.g.cs(746,322): error CS1061: 'InventoryItem' does not contain a definition for 'Notes' and no accessible extension method 'Notes' accepting a first argument of type 'InventoryItem' could be found (are you missing a using directive or an assembly reference?) [C:\Users\tech\source\repos\TradeFlow\OneManVan.Web\OneManVan.Web.csproj]
C:\Users\tech\source\repos\TradeFlow\OneManVan.Web\obj\Debug\net10.0\Microsoft.CodeAnalysis.Razor.Compiler\Microsoft.NET.Sdk.Razor.SourceGenerators.RazorSourceGenerator\Components_Pages_Inventory_InventoryEdit_razor.g.cs(278,185): error CS1662: Cannot convert lambda expression to intended delegate type because some of the return types in the block are not implicitly convertible to the delegate return type [C:\Users\tech\source\repos\TradeFlow\OneManVan.Web\OneManVan.Web.csproj]
C:\Users\tech\source\repos\TradeFlow\OneManVan.Web\Components\Pages\Products\ProductDetail.razor(288,22): error CS1061: 'DbSet<Product>' does not contain a definition for 'ThenInclude' and no accessible extension method 'ThenInclude' accepting a first argument of type 'DbSet<Product>' could be found (are you missing a using directive or an assembly reference?) [C:\Users\tech\source\repos\TradeFlow\OneManVan.Web\OneManVan.Web.csproj]
C:\Users\tech\source\repos\TradeFlow\OneManVan.Web\Components\Pages\Products\ProductDetail.razor(290,45): error CS1061: 'TEntity' does not contain a definition for 'Id' and no accessible extension method 'Id' accepting a first argument of type 'TEntity' could be found (are you missing a using directive or an assembly reference?) [C:\Users\tech\source\repos\TradeFlow\OneManVan.Web\OneManVan.Web.csproj]
C:\Users\tech\source\repos\TradeFlow\OneManVan.Web\Components\Pages\Products\ProductDetail.razor(294,66): error CS1061: 'Asset' does not contain a definition for 'IsRegistered' and no accessible extension method 'IsRegistered' accepting a first argument of type 'Asset' could be found (are you missing a using directive or an assembly reference?) [C:\Users\tech\source\repos\TradeFlow\OneManVan.Web\OneManVan.Web.csproj]
C:\Users\tech\source\repos\TradeFlow\OneManVan.Web\Components\Pages\Products\ProductDetail.razor(295,69): error CS1061: 'Asset' does not contain a definition for 'IsRegistered' and no accessible extension method 'IsRegistered' accepting a first argument of type 'Asset' could be found (are you missing a using directive or an assembly reference?) [C:\Users\tech\source\repos\TradeFlow\OneManVan.Web\OneManVan.Web.csproj]
C:\Users\tech\source\repos\TradeFlow\OneManVan.Web\Components\Pages\Inventory\InventoryEdit.razor(235,23): error CS1061: 'InventoryItem' does not contain a definition for 'ProductId' and no accessible extension method 'ProductId' accepting a first argument of type 'InventoryItem' could be found (are you missing a using directive or an assembly reference?) [C:\Users\tech\source\repos\TradeFlow\OneManVan.Web\OneManVan.Web.csproj]
C:\Users\tech\source\repos\TradeFlow\OneManVan.Web\Components\Pages\Inventory\InventoryEdit.razor(240,17): error CS0117: 'InventoryItem' does not contain a definition for 'Quantity' [C:\Users\tech\source\repos\TradeFlow\OneManVan.Web\OneManVan.Web.csproj]
C:\Users\tech\source\repos\TradeFlow\OneManVan.Web\Components\Pages\Inventory\InventoryEdit.razor(242,17): error CS0117: 'InventoryItem' does not contain a definition for 'ReorderQuantity' [C:\Users\tech\source\repos\TradeFlow\OneManVan.Web\OneManVan.Web.csproj]
C:\Users\tech\source\repos\TradeFlow\OneManVan.Web\Components\Pages\Invoices\InvoiceEdit.razor(160,77): error CS1061: 'Invoice' does not contain a definition for 'TaxAmountAmount' and no accessible extension method 'TaxAmountAmount' accepting a first argument of type 'Invoice' could be found (are you missing a using directive or an assembly reference?) [C:\Users\tech\source\repos\TradeFlow\OneManVan.Web\OneManVan.Web.csproj]
C:\Users\tech\source\repos\TradeFlow\OneManVan.Web\obj\Debug\net10.0\Microsoft.CodeAnalysis.Razor.Compiler\Microsoft.NET.Sdk.Razor.SourceGenerators.RazorSourceGenerator\Components_Pages_Invoices_InvoiceEdit_razor.g.cs(268,185): error CS1662: Cannot convert lambda expression to intended delegate type because some of the return types in the block are not implicitly convertible to the delegate return type [C:\Users\tech\source\repos\TradeFlow\OneManVan.Web\OneManVan.Web.csproj]
C:\Users\tech\source\repos\TradeFlow\OneManVan.Web\Components\Pages\Invoices\InvoiceEdit.razor(260,17): error CS0117: 'Invoice' does not contain a definition for 'Balance' [C:\Users\tech\source\repos\TradeFlow\OneManVan.Web\OneManVan.Web.csproj]
C:\Users\tech\source\repos\TradeFlow\OneManVan.Web\Components\Pages\Inventory\InventoryEdit.razor(259,33): error CS1061: 'Product' does not contain a definition for 'Name' and no accessible extension method 'Name' accepting a first argument of type 'Product' could be found (are you missing a using directive or an assembly reference?) [C:\Users\tech\source\repos\TradeFlow\OneManVan.Web\OneManVan.Web.csproj]
C:\Users\tech\source\repos\TradeFlow\OneManVan.Web\Components\Pages\Inventory\InventoryEdit.razor(275,38): error CS1061: 'OneManVanDbContext' does not contain a definition for 'Inventory' and no accessible extension method 'Inventory' accepting a first argument of type 'OneManVanDbContext' could be found (are you missing a using directive or an assembly reference?) [C:\Users\tech\source\repos\TradeFlow\OneManVan.Web\OneManVan.Web.csproj]
C:\Users\tech\source\repos\TradeFlow\OneManVan.Web\Components\Pages\Inventory\InventoryEdit.razor(300,23): error CS1061: 'InventoryItem' does not contain a definition for 'ProductId' and no accessible extension method 'ProductId' accepting a first argument of type 'InventoryItem' could be found (are you missing a using directive or an assembly reference?) [C:\Users\tech\source\repos\TradeFlow\OneManVan.Web\OneManVan.Web.csproj]
C:\Users\tech\source\repos\TradeFlow\OneManVan.Web\Components\Pages\Inventory\InventoryEdit.razor(321,23): error CS1061: 'InventoryItem' does not contain a definition for 'Quantity' and no accessible extension method 'Quantity' accepting a first argument of type 'InventoryItem' could be found (are you missing a using directive or an assembly reference?) [C:\Users\tech\source\repos\TradeFlow\OneManVan.Web\OneManVan.Web.csproj]
C:\Users\tech\source\repos\TradeFlow\OneManVan.Web\Components\Pages\Inventory\InventoryEdit.razor(322,23): error CS1061: 'InventoryItem' does not contain a definition for 'LastUpdatedBy' and no accessible extension method 'LastUpdatedBy' accepting a first argument of type 'InventoryItem' could be found (are you missing a using directive or an assembly reference?) [C:\Users\tech\source\repos\TradeFlow\OneManVan.Web\OneManVan.Web.csproj]
C:\Users\tech\source\repos\TradeFlow\OneManVan.Web\Components\Pages\Inventory\InventoryEdit.razor(330,23): error CS1061: 'InventoryItem' does not contain a definition for 'LastStockUpdate' and no accessible extension method 'LastStockUpdate' accepting a first argument of type 'InventoryItem' could be found (are you missing a using directive or an assembly reference?) [C:\Users\tech\source\repos\TradeFlow\OneManVan.Web\OneManVan.Web.csproj]
C:\Users\tech\source\repos\TradeFlow\OneManVan.Web\Components\Pages\Inventory\InventoryEdit.razor(331,20): error CS1061: 'OneManVanDbContext' does not contain a definition for 'Inventory' and no accessible extension method 'Inventory' accepting a first argument of type 'OneManVanDbContext' could be found (are you missing a using directive or an assembly reference?) [C:\Users\tech\source\repos\TradeFlow\OneManVan.Web\OneManVan.Web.csproj]
C:\Users\tech\source\repos\TradeFlow\OneManVan.Web\Components\Pages\Inventory\InventoryEdit.razor(335,23): error CS1061: 'InventoryItem' does not contain a definition for 'ModifiedAt' and no accessible extension method 'ModifiedAt' accepting a first argument of type 'InventoryItem' could be found (are you missing a using directive or an assembly reference?) [C:\Users\tech\source\repos\TradeFlow\OneManVan.Web\OneManVan.Web.csproj]
C:\Users\tech\source\repos\TradeFlow\OneManVan.Web\Components\Pages\Inventory\InventoryEdit.razor(336,23): error CS1061: 'InventoryItem' does not contain a definition for 'LastStockUpdate' and no accessible extension method 'LastStockUpdate' accepting a first argument of type 'InventoryItem' could be found (are you missing a using directive or an assembly reference?) [C:\Users\tech\source\repos\TradeFlow\OneManVan.Web\OneManVan.Web.csproj]
C:\Users\tech\source\repos\TradeFlow\OneManVan.Web\Components\Pages\Inventory\InventoryEdit.razor(337,20): error CS1061: 'OneManVanDbContext' does not contain a definition for 'Inventory' and no accessible extension method 'Inventory' accepting a first argument of type 'OneManVanDbContext' could be found (are you missing a using directive or an assembly reference?) [C:\Users\tech\source\repos\TradeFlow\OneManVan.Web\OneManVan.Web.csproj]
C:\Users\tech\source\repos\TradeFlow\OneManVan.Web\Components\Pages\Invoices\InvoiceEdit.razor(344,9): error CS0200: Property or indexer 'Invoice.BalanceDue' cannot be assigned to -- it is read only [C:\Users\tech\source\repos\TradeFlow\OneManVan.Web\OneManVan.Web.csproj]
C:\Users\tech\source\repos\TradeFlow\OneManVan.Web\Components\Pages\Inventory\InventoryEdit.razor(365,16): error CS1061: 'OneManVanDbContext' does not contain a definition for 'Inventory' and no accessible extension method 'Inventory' accepting a first argument of type 'OneManVanDbContext' could be found (are you missing a using directive or an assembly reference?) [C:\Users\tech\source\repos\TradeFlow\OneManVan.Web\OneManVan.Web.csproj]
C:\Users\tech\source\repos\TradeFlow\OneManVan.Web\Components\Pages\Products\ProductEdit.razor(24,76): error CS1061: 'Product' does not contain a definition for 'Name' and no accessible extension method 'Name' accepting a first argument of type 'Product' could be found (are you missing a using directive or an assembly reference?) [C:\Users\tech\source\repos\TradeFlow\OneManVan.Web\OneManVan.Web.csproj]
C:\Users\tech\source\repos\TradeFlow\OneManVan.Web\Components\Pages\Products\ProductEdit.razor(47,88): error CS1061: 'Product' does not contain a definition for 'Name' and no accessible extension method 'Name' accepting a first argument of type 'Product' could be found (are you missing a using directive or an assembly reference?) [C:\Users\tech\source\repos\TradeFlow\OneManVan.Web\OneManVan.Web.csproj]
C:\Users\tech\source\repos\TradeFlow\OneManVan.Web\obj\Debug\net10.0\Microsoft.CodeAnalysis.Razor.Compiler\Microsoft.NET.Sdk.Razor.SourceGenerators.RazorSourceGenerator\Components_Pages_Products_ProductEdit_razor.g.cs(301,535): error CS1061: 'Product' does not contain a definition for 'Name' and no accessible extension method 'Name' accepting a first argument of type 'Product' could be found (are you missing a using directive or an assembly reference?) [C:\Users\tech\source\repos\TradeFlow\OneManVan.Web\OneManVan.Web.csproj]
C:\Users\tech\source\repos\TradeFlow\OneManVan.Web\obj\Debug\net10.0\Microsoft.CodeAnalysis.Razor.Compiler\Microsoft.NET.Sdk.Razor.SourceGenerators.RazorSourceGenerator\Components_Pages_Products_ProductEdit_razor.g.cs(301,513): error CS1061: 'Product' does not contain a definition for 'Name' and no accessible extension method 'Name' accepting a first argument of type 'Product' could be found (are you missing a using directive or an assembly reference?) [C:\Users\tech\source\repos\TradeFlow\OneManVan.Web\OneManVan.Web.csproj]
C:\Users\tech\source\repos\TradeFlow\OneManVan.Web\obj\Debug\net10.0\Microsoft.CodeAnalysis.Razor.Compiler\Microsoft.NET.Sdk.Razor.SourceGenerators.RazorSourceGenerator\Components_Pages_Products_ProductEdit_razor.g.cs(302,317): error CS1061: 'Product' does not contain a definition for 'Name' and no accessible extension method 'Name' accepting a first argument of type 'Product' could be found (are you missing a using directive or an assembly reference?) [C:\Users\tech\source\repos\TradeFlow\OneManVan.Web\OneManVan.Web.csproj]
C:\Users\tech\source\repos\TradeFlow\OneManVan.Web\Components\Pages\Products\ProductEdit.razor(48,75): error CS1061: 'Product' does not contain a definition for 'Name' and no accessible extension method 'Name' accepting a first argument of type 'Product' could be found (are you missing a using directive or an assembly reference?) [C:\Users\tech\source\repos\TradeFlow\OneManVan.Web\OneManVan.Web.csproj]
C:\Users\tech\source\repos\TradeFlow\OneManVan.Web\Components\Pages\Products\ProductEdit.razor(52,88): error CS1061: 'Product' does not contain a definition for 'SKU' and no accessible extension method 'SKU' accepting a first argument of type 'Product' could be found (are you missing a using directive or an assembly reference?) [C:\Users\tech\source\repos\TradeFlow\OneManVan.Web\OneManVan.Web.csproj]
C:\Users\tech\source\repos\TradeFlow\OneManVan.Web\obj\Debug\net10.0\Microsoft.CodeAnalysis.Razor.Compiler\Microsoft.NET.Sdk.Razor.SourceGenerators.RazorSourceGenerator\Components_Pages_Products_ProductEdit_razor.g.cs(339,534): error CS1061: 'Product' does not contain a definition for 'SKU' and no accessible extension method 'SKU' accepting a first argument of type 'Product' could be found (are you missing a using directive or an assembly reference?) [C:\Users\tech\source\repos\TradeFlow\OneManVan.Web\OneManVan.Web.csproj]
C:\Users\tech\source\repos\TradeFlow\OneManVan.Web\obj\Debug\net10.0\Microsoft.CodeAnalysis.Razor.Compiler\Microsoft.NET.Sdk.Razor.SourceGenerators.RazorSourceGenerator\Components_Pages_Products_ProductEdit_razor.g.cs(339,513): error CS1061: 'Product' does not contain a definition for 'SKU' and no accessible extension method 'SKU' accepting a first argument of type 'Product' could be found (are you missing a using directive or an assembly reference?) [C:\Users\tech\source\repos\TradeFlow\OneManVan.Web\OneManVan.Web.csproj]
C:\Users\tech\source\repos\TradeFlow\OneManVan.Web\obj\Debug\net10.0\Microsoft.CodeAnalysis.Razor.Compiler\Microsoft.NET.Sdk.Razor.SourceGenerators.RazorSourceGenerator\Components_Pages_Products_ProductEdit_razor.g.cs(340,317): error CS1061: 'Product' does not contain a definition for 'SKU' and no accessible extension method 'SKU' accepting a first argument of type 'Product' could be found (are you missing a using directive or an assembly reference?) [C:\Users\tech\source\repos\TradeFlow\OneManVan.Web\OneManVan.Web.csproj]
C:\Users\tech\source\repos\TradeFlow\OneManVan.Web\Components\Pages\Products\ProductEdit.razor(87,88): error CS1061: 'Product' does not contain a definition for 'Model' and no accessible extension method 'Model' accepting a first argument of type 'Product' could be found (are you missing a using directive or an assembly reference?) [C:\Users\tech\source\repos\TradeFlow\OneManVan.Web\OneManVan.Web.csproj]
C:\Users\tech\source\repos\TradeFlow\OneManVan.Web\obj\Debug\net10.0\Microsoft.CodeAnalysis.Razor.Compiler\Microsoft.NET.Sdk.Razor.SourceGenerators.RazorSourceGenerator\Components_Pages_Products_ProductEdit_razor.g.cs(454,537): error CS1061: 'Product' does not contain a definition for 'Model' and no accessible extension method 'Model' accepting a first argument of type 'Product' could be found (are you missing a using directive or an assembly reference?) [C:\Users\tech\source\repos\TradeFlow\OneManVan.Web\OneManVan.Web.csproj]
C:\Users\tech\source\repos\TradeFlow\OneManVan.Web\obj\Debug\net10.0\Microsoft.CodeAnalysis.Razor.Compiler\Microsoft.NET.Sdk.Razor.SourceGenerators.RazorSourceGenerator\Components_Pages_Products_ProductEdit_razor.g.cs(454,514): error CS1061: 'Product' does not contain a definition for 'Model' and no accessible extension method 'Model' accepting a first argument of type 'Product' could be found (are you missing a using directive or an assembly reference?) [C:\Users\tech\source\repos\TradeFlow\OneManVan.Web\OneManVan.Web.csproj]
C:\Users\tech\source\repos\TradeFlow\OneManVan.Web\obj\Debug\net10.0\Microsoft.CodeAnalysis.Razor.Compiler\Microsoft.NET.Sdk.Razor.SourceGenerators.RazorSourceGenerator\Components_Pages_Products_ProductEdit_razor.g.cs(455,318): error CS1061: 'Product' does not contain a definition for 'Model' and no accessible extension method 'Model' accepting a first argument of type 'Product' could be found (are you missing a using directive or an assembly reference?) [C:\Users\tech\source\repos\TradeFlow\OneManVan.Web\OneManVan.Web.csproj]
C:\Users\tech\source\repos\TradeFlow\OneManVan.Web\Components\Pages\Products\ProductEdit.razor(104,94): error CS1061: 'Product' does not contain a definition for 'Price' and no accessible extension method 'Price' accepting a first argument of type 'Product' could be found (are you missing a using directive or an assembly reference?) [C:\Users\tech\source\repos\TradeFlow\OneManVan.Web\OneManVan.Web.csproj]
C:\Users\tech\source\repos\TradeFlow\OneManVan.Web\obj\Debug\net10.0\Microsoft.CodeAnalysis.Razor.Compiler\Microsoft.NET.Sdk.Razor.SourceGenerators.RazorSourceGenerator\Components_Pages_Products_ProductEdit_razor.g.cs(483,245): error CS1061: 'Product' does not contain a definition for 'Price' and no accessible extension method 'Price' accepting a first argument of type 'Product' could be found (are you missing a using directive or an assembly reference?) [C:\Users\tech\source\repos\TradeFlow\OneManVan.Web\OneManVan.Web.csproj]
C:\Users\tech\source\repos\TradeFlow\OneManVan.Web\obj\Debug\net10.0\Microsoft.CodeAnalysis.Razor.Compiler\Microsoft.NET.Sdk.Razor.SourceGenerators.RazorSourceGenerator\Components_Pages_Products_ProductEdit_razor.g.cs(483,222): error CS1061: 'Product' does not contain a definition for 'Price' and no accessible extension method 'Price' accepting a first argument of type 'Product' could be found (are you missing a using directive or an assembly reference?) [C:\Users\tech\source\repos\TradeFlow\OneManVan.Web\OneManVan.Web.csproj]
C:\Users\tech\source\repos\TradeFlow\OneManVan.Web\obj\Debug\net10.0\Microsoft.CodeAnalysis.Razor.Compiler\Microsoft.NET.Sdk.Razor.SourceGenerators.RazorSourceGenerator\Components_Pages_Products_ProductEdit_razor.g.cs(483,271): error CS1061: 'Product' does not contain a definition for 'Price' and no accessible extension method 'Price' accepting a first argument of type 'Product' could be found (are you missing a using directive or an assembly reference?) [C:\Users\tech\source\repos\TradeFlow\OneManVan.Web\OneManVan.Web.csproj]
C:\Users\tech\source\repos\TradeFlow\OneManVan.Web\Components\Pages\Products\ProductEdit.razor(106,75): error CS1061: 'Product' does not contain a definition for 'Price' and no accessible extension method 'Price' accepting a first argument of type 'Product' could be found (are you missing a using directive or an assembly reference?) [C:\Users\tech\source\repos\TradeFlow\OneManVan.Web\OneManVan.Web.csproj]
C:\Users\tech\source\repos\TradeFlow\OneManVan.Web\Components\Pages\Products\ProductEdit.razor(112,94): error CS1061: 'Product' does not contain a definition for 'Cost' and no accessible extension method 'Cost' accepting a first argument of type 'Product' could be found (are you missing a using directive or an assembly reference?) [C:\Users\tech\source\repos\TradeFlow\OneManVan.Web\OneManVan.Web.csproj]
C:\Users\tech\source\repos\TradeFlow\OneManVan.Web\obj\Debug\net10.0\Microsoft.CodeAnalysis.Razor.Compiler\Microsoft.NET.Sdk.Razor.SourceGenerators.RazorSourceGenerator\Components_Pages_Products_ProductEdit_razor.g.cs(511,244): error CS1061: 'Product' does not contain a definition for 'Cost' and no accessible extension method 'Cost' accepting a first argument of type 'Product' could be found (are you missing a using directive or an assembly reference?) [C:\Users\tech\source\repos\TradeFlow\OneManVan.Web\OneManVan.Web.csproj]
C:\Users\tech\source\repos\TradeFlow\OneManVan.Web\obj\Debug\net10.0\Microsoft.CodeAnalysis.Razor.Compiler\Microsoft.NET.Sdk.Razor.SourceGenerators.RazorSourceGenerator\Components_Pages_Products_ProductEdit_razor.g.cs(511,222): error CS1061: 'Product' does not contain a definition for 'Cost' and no accessible extension method 'Cost' accepting a first argument of type 'Product' could be found (are you missing a using directive or an assembly reference?) [C:\Users\tech\source\repos\TradeFlow\OneManVan.Web\OneManVan.Web.csproj]
C:\Users\tech\source\repos\TradeFlow\OneManVan.Web\obj\Debug\net10.0\Microsoft.CodeAnalysis.Razor.Compiler\Microsoft.NET.Sdk.Razor.SourceGenerators.RazorSourceGenerator\Components_Pages_Products_ProductEdit_razor.g.cs(511,269): error CS1061: 'Product' does not contain a definition for 'Cost' and no accessible extension method 'Cost' accepting a first argument of type 'Product' could be found (are you missing a using directive or an assembly reference?) [C:\Users\tech\source\repos\TradeFlow\OneManVan.Web\OneManVan.Web.csproj]
C:\Users\tech\source\repos\TradeFlow\OneManVan.Web\Components\Pages\Products\ProductEdit.razor(128,100): error CS1061: 'Product' does not contain a definition for 'RequiresSerial' and no accessible extension method 'RequiresSerial' accepting a first argument of type 'Product' could be found (are you missing a using directive or an assembly reference?) [C:\Users\tech\source\repos\TradeFlow\OneManVan.Web\OneManVan.Web.csproj]
C:\Users\tech\source\repos\TradeFlow\OneManVan.Web\obj\Debug\net10.0\Microsoft.CodeAnalysis.Razor.Compiler\Microsoft.NET.Sdk.Razor.SourceGenerators.RazorSourceGenerator\Components_Pages_Products_ProductEdit_razor.g.cs(549,552): error CS1061: 'Product' does not contain a definition for 'RequiresSerial' and no accessible extension method 'RequiresSerial' accepting a first argument of type 'Product' could be found (are you missing a using directive or an assembly reference?) [C:\Users\tech\source\repos\TradeFlow\OneManVan.Web\OneManVan.Web.csproj]
C:\Users\tech\source\repos\TradeFlow\OneManVan.Web\obj\Debug\net10.0\Microsoft.CodeAnalysis.Razor.Compiler\Microsoft.NET.Sdk.Razor.SourceGenerators.RazorSourceGenerator\Components_Pages_Products_ProductEdit_razor.g.cs(549,520): error CS1061: 'Product' does not contain a definition for 'RequiresSerial' and no accessible extension method 'RequiresSerial' accepting a first argument of type 'Product' could be found (are you missing a using directive or an assembly reference?) [C:\Users\tech\source\repos\TradeFlow\OneManVan.Web\OneManVan.Web.csproj]
C:\Users\tech\source\repos\TradeFlow\OneManVan.Web\obj\Debug\net10.0\Microsoft.CodeAnalysis.Razor.Compiler\Microsoft.NET.Sdk.Razor.SourceGenerators.RazorSourceGenerator\Components_Pages_Products_ProductEdit_razor.g.cs(550,323): error CS1061: 'Product' does not contain a definition for 'RequiresSerial' and no accessible extension method 'RequiresSerial' accepting a first argument of type 'Product' could be found (are you missing a using directive or an assembly reference?) [C:\Users\tech\source\repos\TradeFlow\OneManVan.Web\OneManVan.Web.csproj]
C:\Users\tech\source\repos\TradeFlow\OneManVan.Web\Components\Pages\Products\ProductEdit.razor(137,90): error CS1061: 'Product' does not contain a definition for 'WarrantyMonths' and no accessible extension method 'WarrantyMonths' accepting a first argument of type 'Product' could be found (are you missing a using directive or an assembly reference?) [C:\Users\tech\source\repos\TradeFlow\OneManVan.Web\OneManVan.Web.csproj]
C:\Users\tech\source\repos\TradeFlow\OneManVan.Web\obj\Debug\net10.0\Microsoft.CodeAnalysis.Razor.Compiler\Microsoft.NET.Sdk.Razor.SourceGenerators.RazorSourceGenerator\Components_Pages_Products_ProductEdit_razor.g.cs(570,254): error CS1061: 'Product' does not contain a definition for 'WarrantyMonths' and no accessible extension method 'WarrantyMonths' accepting a first argument of type 'Product' could be found (are you missing a using directive or an assembly reference?) [C:\Users\tech\source\repos\TradeFlow\OneManVan.Web\OneManVan.Web.csproj]
C:\Users\tech\source\repos\TradeFlow\OneManVan.Web\obj\Debug\net10.0\Microsoft.CodeAnalysis.Razor.Compiler\Microsoft.NET.Sdk.Razor.SourceGenerators.RazorSourceGenerator\Components_Pages_Products_ProductEdit_razor.g.cs(570,222): error CS1061: 'Product' does not contain a definition for 'WarrantyMonths' and no accessible extension method 'WarrantyMonths' accepting a first argument of type 'Product' could be found (are you missing a using directive or an assembly reference?) [C:\Users\tech\source\repos\TradeFlow\OneManVan.Web\OneManVan.Web.csproj]
C:\Users\tech\source\repos\TradeFlow\OneManVan.Web\obj\Debug\net10.0\Microsoft.CodeAnalysis.Razor.Compiler\Microsoft.NET.Sdk.Razor.SourceGenerators.RazorSourceGenerator\Components_Pages_Products_ProductEdit_razor.g.cs(570,289): error CS1061: 'Product' does not contain a definition for 'WarrantyMonths' and no accessible extension method 'WarrantyMonths' accepting a first argument of type 'Product' could be found (are you missing a using directive or an assembly reference?) [C:\Users\tech\source\repos\TradeFlow\OneManVan.Web\OneManVan.Web.csproj]
C:\Users\tech\source\repos\TradeFlow\OneManVan.Web\Components\Pages\Products\ProductEdit.razor(141,88): error CS1061: 'Product' does not contain a definition for 'ManufacturerWarrantyUrl' and no accessible extension method 'ManufacturerWarrantyUrl' accepting a first argument of type 'Product' could be found (are you missing a using directive or an assembly reference?) [C:\Users\tech\source\repos\TradeFlow\OneManVan.Web\OneManVan.Web.csproj]
C:\Users\tech\source\repos\TradeFlow\OneManVan.Web\obj\Debug\net10.0\Microsoft.CodeAnalysis.Razor.Compiler\Microsoft.NET.Sdk.Razor.SourceGenerators.RazorSourceGenerator\Components_Pages_Products_ProductEdit_razor.g.cs(596,555): error CS1061: 'Product' does not contain a definition for 'ManufacturerWarrantyUrl' and no accessible extension method 'ManufacturerWarrantyUrl' accepting a first argument of type 'Product' could be found (are you missing a using directive or an assembly reference?) [C:\Users\tech\source\repos\TradeFlow\OneManVan.Web\OneManVan.Web.csproj]
C:\Users\tech\source\repos\TradeFlow\OneManVan.Web\obj\Debug\net10.0\Microsoft.CodeAnalysis.Razor.Compiler\Microsoft.NET.Sdk.Razor.SourceGenerators.RazorSourceGenerator\Components_Pages_Products_ProductEdit_razor.g.cs(596,514): error CS1061: 'Product' does not contain a definition for 'ManufacturerWarrantyUrl' and no accessible extension method 'ManufacturerWarrantyUrl' accepting a first argument of type 'Product' could be found (are you missing a using directive or an assembly reference?) [C:\Users\tech\source\repos\TradeFlow\OneManVan.Web\OneManVan.Web.csproj]
C:\Users\tech\source\repos\TradeFlow\OneManVan.Web\obj\Debug\net10.0\Microsoft.CodeAnalysis.Razor.Compiler\Microsoft.NET.Sdk.Razor.SourceGenerators.RazorSourceGenerator\Components_Pages_Products_ProductEdit_razor.g.cs(597,318): error CS1061: 'Product' does not contain a definition for 'ManufacturerWarrantyUrl' and no accessible extension method 'ManufacturerWarrantyUrl' accepting a first argument of type 'Product' could be found (are you missing a using directive or an assembly reference?) [C:\Users\tech\source\repos\TradeFlow\OneManVan.Web\OneManVan.Web.csproj]
C:\Users\tech\source\repos\TradeFlow\OneManVan.Web\obj\Debug\net10.0\Microsoft.CodeAnalysis.Razor.Compiler\Microsoft.NET.Sdk.Razor.SourceGenerators.RazorSourceGenerator\Components_Pages_Products_ProductEdit_razor.g.cs(268,185): error CS1662: Cannot convert lambda expression to intended delegate type because some of the return types in the block are not implicitly convertible to the delegate return type [C:\Users\tech\source\repos\TradeFlow\OneManVan.Web\OneManVan.Web.csproj]
C:\Users\tech\source\repos\TradeFlow\OneManVan.Web\Components\Pages\Products\ProductEdit.razor(216,17): error CS0117: 'Product' does not contain a definition for 'RequiresSerial' [C:\Users\tech\source\repos\TradeFlow\OneManVan.Web\OneManVan.Web.csproj]
C:\Users\tech\source\repos\TradeFlow\OneManVan.Web\Components\Pages\Products\ProductEdit.razor(217,17): error CS0117: 'Product' does not contain a definition for 'Price' [C:\Users\tech\source\repos\TradeFlow\OneManVan.Web\OneManVan.Web.csproj]
C:\Users\tech\source\repos\TradeFlow\OneManVan.Web\Components\Pages\Products\ProductEdit.razor(265,23): error CS1061: 'Product' does not contain a definition for 'ModifiedAt' and no accessible extension method 'ModifiedAt' accepting a first argument of type 'Product' could be found (are you missing a using directive or an assembly reference?) [C:\Users\tech\source\repos\TradeFlow\OneManVan.Web\OneManVan.Web.csproj]
    7 Warning(s)
    243 Error(s)

Time Elapsed 00:00:03.20
